                                                                      Page 1
                                                              C:\Users\YINGAO~1\AppData\Local\Temp\gh_00008ss1.si
Command Line: C:\ghs\comp_201355\ease850.exe -w -elf -b0 -I../../../../../Device -I../../../../../Driver/ADCE -I../../../../../Driver/CLOCK -I../../../../../Driver/DIO -I../../../../../Driver/DSPI -I../../../../../Driver/Interrupt -I../../../../../Driver/ISM -I../../../../../Driver/OSTM -I../../../../../Driver/PWM -I../../../../../Driver/RSTC -I../../../../../Driver/RTCA -I../../../../../Driver/STBC -I../../../../../Driver/TAUB -I../../../../../Driver/WDT -I../../../../../middleware\ADM -I../../../../../middleware\BPM -I../../../../../middleware\EED -I../../../../../middleware\IOM -I../../../../../middleware\LRM -I../../../../../middleware\MOM -I../../../../../middleware\PWMM -I../../../../../Common -I../../../../../Applayer\DSM -I../../../../../Applayer\FM -I../../../../../Applayer\TPM -I../../../../../Applayer\ACC -I../../../../../Applayer\ASS -I../../../../../Applayer\BAT -I../../../../../Applayer\COM -I../../../../../Applayer\COM\vtp -I../../../../../Applayer\COM\vtp\lib -I../../../../../Applayer\CRUS -I../../../../../Applayer\DIAG -I../../../../../Applayer\FC -I../../../../../Applayer\FL -I../../../../../Applayer\HSD -I../../../../../Applayer\IDLE -I../../../../../Applayer\ILLU -I../../../../../Applayer\LED -I../../../../../Applayer\MSG -I../../../../../Applayer\NVM -I../../../../../Applayer\ODO -I../../../../../Applayer\PWR -I../../../../../Applayer\RANG -I../../../../../Applayer\RST -I../../../../../Applayer\RTC -I../../../../../Applayer\SCS -I../../../../../Applayer\SSB -I../../../../../Applayer\ST -I../../../../../Applayer\STSMG -I../../../../../Applayer\SYS -I../../../../../Applayer\TIP -I../../../../../Applayer\TRIP -I../../../../../Applayer\CHM -I../../../../../Applayer\DM -I../../../../../Applayer\EVT -I../../../../../Applayer\FTR -I../../../../../Applayer\SLF -I../../../../../Applayer\NWD -I../../../../../Applayer\TPMS -I../../../../../Applayer\WFM -I../../../../../Applayer\NZM -I../../../../../app/gfx_apps/simple_draw_d1l2/src -I../../../../../bsp/board//config -I../../../../../bsp/board//src/gfx -I../../../../../bsp/board//src/hmi -I../../../../../bsp/board//src/stdio -I../../../../../bsp/board/d1lx_mango/config -I../../../../../bsp/board/d1lx_mango/src -I../../../../../bsp/board/d1lx_mango/src/gfx -I../../../../../bsp/board/d1lx_mango/src/hmi -I../../../../../bsp/board/d1lx_mango/src/stdio -I../../../../../bsp/gfx/lib -I../../../../../bsp/gfx/src -I../../../../../bsp/hmi/lib -I../../../../../bsp/hmi/src -I../../../../../bsp/lib -I../../../../../bsp/stdio/lib -I../../../../../bsp/stdio/src -I../../../../../cdi/lib -I../../../../../cdi/src -I../../../../../compiler/rh850_ghs/inc -I../../../../../device/d1lx/lib -I../../../../../device/d1lx/macro_cfg -I../../../../../device/d1lx/src/dev -I../../../../../device/d1lx/src/rh850_ghs -I../../../../../device/d1x_common/macro_cfg -I../../../../../device/d1x_common/src/csisw -I../../../../../device/d1x_common/src/ddb -I../../../../../device/d1x_common/src/dev -I../../../../../device/d1x_common/src/gfxbus -I../../../../../device/d1x_common/src/gpio -I../../../../../device/d1x_common/src/ostm -I../../../../../device/d1x_common/src/pbg -I../../../../../device/d1x_common/src/riic -I../../../../../device/d1x_common/src/sfma -I../../../../../device/d1x_common/src/spea -I../../../../../device/d1x_common/src/tauj -I../../../../../device/d1x_common/src/tick -I../../../../../device/d1x_common/src/vdce -I../../../../../device/d1x_common/src/wm -I../../../../../device/d1x_common/src/xbus -I../../../../../device/lib -I../../../../../macro/bus/pbg/lib -I../../../../../macro/bus/pbg/src -I../../../../../macro/csi/csisw/lib -I../../../../../macro/csi/csisw/src -I../../../../../macro/drw2d/lib -I../../../../../macro/drw2d/platform/cpu -I../../../../../macro/drw2d/platform/os/no_os -I../../../../../macro/drw2d/src -I../../../../../macro/flashc/sfcdb/lib -I../../../../../macro/flashc/sfcdb/src -I../../../../../macro/flashc/sfma/lib -I../../../../../macro/flashc/sfma/src -I../../../../../macro/gfxbus/lib -I../../../../../macro/gfxbus/src -I../../../../../macro/gfxbus/xbus/lib -I../../../../../macro/gfxbus/xbus/src -I../../../../../macro/gpio/lib -I../../../../../macro/gpio/src -I../../../../../macro/i2c/riic/lib -I../../../../../macro/i2c/riic/src -I../../../../../macro/tick/lib -I../../../../../macro/tick/src -I../../../../../macro/timer/ostm/lib -I../../../../../macro/timer/ostm/src -I../../../../../macro/timer/tauj/lib -I../../../../../macro/timer/tauj/src -I../../../../../macro/vdce/lib -I../../../../../macro/vdce/src -I../../../../../macro/vo/ddb/lib -I../../../../../macro/vo/ddb/src -I../../../../../macro/vo/spea/lib -I../../../../../macro/vo/spea/src -I../../../../../macro/wm/lib -I../../../../../macro/wm/src -I../../../../../app/gfx_apps/simple_draw_d1l2/src/QD_HMI -I../../../../../app/gfx_apps/simple_draw_d1l2/src/QD_HMI/HMI_Data -IC:\ghs\comp_201355\lib\rh850_22 -cg_underscore -cpu=rh850g3m -no_v850_simd -nomacro -patch_dbo=D:\Renesas_Electronics\D1x_RGL\rgl_ghs_D1Lx_obj_V1.2.0\vlib\app\gfx_apps\simple_draw_d1l2\target\d1lx_mango_ghs\obj\hmi_status.dbo -source=hmi_status.c -o .\obj\gh_00008ss1.o -list=.\obj\hmi_status.lst C:\Users\YINGAO~1\AppData\Local\Temp\gh_00008ss1.si 
Original File: C:\Users\YINGAO~1\AppData\Local\Temp\gh_00008ss1.si
Source File: hmi_status.c
Directory: D:\Renesas_Electronics\D1x_RGL\rgl_ghs_D1Lx_obj_V1.2.0\vlib\app\gfx_apps\simple_draw_d1l2\target\d1lx_mango_ghs
Host OS: Windows 7 Service Pack 1
EASE: Copyright (C) 1983-2013 Green Hills Software.  All Rights Reversed.
Release: Compiler v2013.5.5
Build Directory: [Directory] BTOWINBOX:c:/build_2013_5_bto/2013-10-04.1311-2013_5_bto/win32-comp-ecom
Revision: [VCInfo] http://toolsvc/branches/release-branch-2013-5-bto/src@496240 (built by build)
Revision Date: Sat Oct 05 04:54:43 2013

Release Date: Sat Oct 05 05:20:49 2013

                           1 --Driver Command: ccv850 -c -MD -I../../../../../Device
                           2 --		-I../../../../../Driver/ADCE -I../../../../../Driver/CLOCK
                           3 --		-I../../../../../Driver/DIO -I../../../../../Driver/DSPI
                           4 --		-I../../../../../Driver/Interrupt -I../../../../../Driver/ISM
                           5 --		-I../../../../../Driver/OSTM -I../../../../../Driver/PWM
                           6 --		-I../../../../../Driver/RSTC -I../../../../../Driver/RTCA
                           7 --		-I../../../../../Driver/STBC -I../../../../../Driver/TAUB
                           8 --		-I../../../../../Driver/WDT -I../../../../../middleware\ADM
                           9 --		-I../../../../../middleware\BPM -I../../../../../middleware\EED
                          10 --		-I../../../../../middleware\IOM -I../../../../../middleware\LRM
                          11 --		-I../../../../../middleware\MOM -I../../../../../middleware\PWMM
                          12 --		-I../../../../../Common -I../../../../../Applayer\DSM
                          13 --		-I../../../../../Applayer\FM -I../../../../../Applayer\TPM
                          14 --		-I../../../../../Applayer\ACC -I../../../../../Applayer\ASS
                          15 --		-I../../../../../Applayer\BAT -I../../../../../Applayer\COM
                          16 --		-I../../../../../Applayer\COM\vtp
                          17 --		-I../../../../../Applayer\COM\vtp\lib
                          18 --		-I../../../../../Applayer\CRUS -I../../../../../Applayer\DIAG
                          19 --		-I../../../../../Applayer\FC -I../../../../../Applayer\FL
                          20 --		-I../../../../../Applayer\HSD -I../../../../../Applayer\IDLE
                          21 --		-I../../../../../Applayer\ILLU -I../../../../../Applayer\LED
                          22 --		-I../../../../../Applayer\MSG -I../../../../../Applayer\NVM
                          23 --		-I../../../../../Applayer\ODO -I../../../../../Applayer\PWR
                          24 --		-I../../../../../Applayer\RANG -I../../../../../Applayer\RST
                          25 --		-I../../../../../Applayer\RTC -I../../../../../Applayer\SCS
                          26 --		-I../../../../../Applayer\SSB -I../../../../../Applayer\ST
                          27 --		-I../../../../../Applayer\STSMG -I../../../../../Applayer\SYS
                          28 --		-I../../../../../Applayer\TIP -I../../../../../Applayer\TRIP
                          29 --		-I../../../../../Applayer\CHM -I../../../../../Applayer\DM
                          30 --		-I../../../../../Applayer\EVT -I../../../../../Applayer\FTR
                          31 --		-I../../../../../Applayer\SLF -I../../../../../Applayer\NWD
                          32 --		-I../../../../../Applayer\TPMS -I../../../../../Applayer\WFM
                          33 --		-I../../../../../Applayer\NZM
                          34 --		-I../../../../../app/gfx_apps/simple_draw_d1l2/src
                          35 --		-I../../../../../bsp/board//config
                          36 --		-I../../../../../bsp/board//src/gfx
                          37 --		-I../../../../../bsp/board//src/hmi
                          38 --		-I../../../../../bsp/board//src/stdio
                          39 --		-I../../../../../bsp/board/d1lx_mango/config
                          40 --		-I../../../../../bsp/board/d1lx_mango/src
                          41 --		-I../../../../../bsp/board/d1lx_mango/src/gfx
                          42 --		-I../../../../../bsp/board/d1lx_mango/src/hmi
                          43 --		-I../../../../../bsp/board/d1lx_mango/src/stdio
                          44 --		-I../../../../../bsp/gfx/lib -I../../../../../bsp/gfx/src
                          45 --		-I../../../../../bsp/hmi/lib -I../../../../../bsp/hmi/src
                          46 --		-I../../../../../bsp/lib -I../../../../../bsp/stdio/lib
                          47 --		-I../../../../../bsp/stdio/src -I../../../../../cdi/lib
                          48 --		-I../../../../../cdi/src -I../../../../../compiler/rh850_ghs/inc
                          49 --		-I../../../../../device/d1lx/lib
                          50 --		-I../../../../../device/d1lx/macro_cfg

                                                                      Page 2
                                                              C:\Users\YINGAO~1\AppData\Local\Temp\gh_00008ss1.si
                          51 --		-I../../../../../device/d1lx/src/dev
                          52 --		-I../../../../../device/d1lx/src/rh850_ghs
                          53 --		-I../../../../../device/d1x_common/macro_cfg
                          54 --		-I../../../../../device/d1x_common/src/csisw
                          55 --		-I../../../../../device/d1x_common/src/ddb
                          56 --		-I../../../../../device/d1x_common/src/dev
                          57 --		-I../../../../../device/d1x_common/src/gfxbus
                          58 --		-I../../../../../device/d1x_common/src/gpio
                          59 --		-I../../../../../device/d1x_common/src/ostm
                          60 --		-I../../../../../device/d1x_common/src/pbg
                          61 --		-I../../../../../device/d1x_common/src/riic
                          62 --		-I../../../../../device/d1x_common/src/sfma
                          63 --		-I../../../../../device/d1x_common/src/spea
                          64 --		-I../../../../../device/d1x_common/src/tauj
                          65 --		-I../../../../../device/d1x_common/src/tick
                          66 --		-I../../../../../device/d1x_common/src/vdce
                          67 --		-I../../../../../device/d1x_common/src/wm
                          68 --		-I../../../../../device/d1x_common/src/xbus
                          69 --		-I../../../../../device/lib -I../../../../../macro/bus/pbg/lib
                          70 --		-I../../../../../macro/bus/pbg/src
                          71 --		-I../../../../../macro/csi/csisw/lib
                          72 --		-I../../../../../macro/csi/csisw/src
                          73 --		-I../../../../../macro/drw2d/lib
                          74 --		-I../../../../../macro/drw2d/platform/cpu
                          75 --		-I../../../../../macro/drw2d/platform/os/no_os
                          76 --		-I../../../../../macro/drw2d/src
                          77 --		-I../../../../../macro/flashc/sfcdb/lib
                          78 --		-I../../../../../macro/flashc/sfcdb/src
                          79 --		-I../../../../../macro/flashc/sfma/lib
                          80 --		-I../../../../../macro/flashc/sfma/src
                          81 --		-I../../../../../macro/gfxbus/lib
                          82 --		-I../../../../../macro/gfxbus/src
                          83 --		-I../../../../../macro/gfxbus/xbus/lib
                          84 --		-I../../../../../macro/gfxbus/xbus/src
                          85 --		-I../../../../../macro/gpio/lib -I../../../../../macro/gpio/src
                          86 --		-I../../../../../macro/i2c/riic/lib
                          87 --		-I../../../../../macro/i2c/riic/src
                          88 --		-I../../../../../macro/tick/lib -I../../../../../macro/tick/src
                          89 --		-I../../../../../macro/timer/ostm/lib
                          90 --		-I../../../../../macro/timer/ostm/src
                          91 --		-I../../../../../macro/timer/tauj/lib
                          92 --		-I../../../../../macro/timer/tauj/src
                          93 --		-I../../../../../macro/vdce/lib -I../../../../../macro/vdce/src
                          94 --		-I../../../../../macro/vo/ddb/lib
                          95 --		-I../../../../../macro/vo/ddb/src
                          96 --		-I../../../../../macro/vo/spea/lib
                          97 --		-I../../../../../macro/vo/spea/src -I../../../../../macro/wm/lib
                          98 --		-I../../../../../macro/wm/src
                          99 --		-I../../../../../app/gfx_apps/simple_draw_d1l2/src/QD_HMI
                         100 --		-I../../../../../app/gfx_apps/simple_draw_d1l2/src/QD_HMI/HMI_Data
                         101 --		-G --no_commons --no_implicit_include --prototype_errors
                         102 --		-DR_DRW2D_OS_NO_OS -DR_DRW2D_SYS_CPU -DUSED_CPU=RH850G3M
                         103 --		-DUSE_BSP_GFX -DUSE_BSP_HMI -DUSE_BSP_STDIO -DUSE_CDI -DUSE_CSISW
                         104 --		-DUSE_DDB -DUSE_DRW2D -DUSE_GFXBUS -DUSE_GPIO -DUSE_OSTM
                         105 --		-DUSE_PBG -DUSE_RIIC -DUSE_SFCDB -DUSE_SFMA -DUSE_SPEA -DUSE_TAUJ
                         106 --		-DUSE_TICK -DUSE_VDCE -DUSE_WM -DUSE_XBUS -MD -Mn -Mx -Zuse1bit
                         107 --		-allocate_ep -cpu=rh850g3m -entry=_RESET -large_sda -list
                         108 --		-no_callt -notda -passsource -preprocess_assembly_files
                         109 --		-registermode=22 -reserve_r2 --diag_warning 1 -object_dir=./obj
                         110 --		-filetype.c
                         111 --		D:\Renesas_Electronics\D1x_RGL\rgl_ghs_D1Lx_obj_V1.2.0\vlib\app\gfx_apps\simple_draw_d1l2\src\QD_HMI\hmi_status.c

                                                                      Page 3
                                                              C:\Users\YINGAO~1\AppData\Local\Temp\gh_00008ss1.si
                         112 --		-o .\obj\hmi_status.o
                         113 --Source File:   D:\Renesas_Electronics\D1x_RGL\rgl_ghs_D1Lx_obj_V1.2.0\vlib\app\gfx_apps\simple_draw_d1l2\src\QD_HMI\hmi_status.c
                         114 --Directory:     
                         115 --		D:\Renesas_Electronics\D1x_RGL\rgl_ghs_D1Lx_obj_V1.2.0\vlib\app\gfx_apps\simple_draw_d1l2\target\d1lx_mango_ghs
                         116 --Compile Date:  Fri Feb 02 14:21:12 2018
                         117 --Host OS:       Win32
                         118 --Version:       C-RH850 2013.5.5 DEVELOPMENT VERSION
                         119 --Release:       Compiler v2013.5.5
                         120 --Revision Date: Sat Oct 05 05:01:20 2013
                         121 --Release Date:  Sat Oct 05 05:22:44 2013
                         122 -- ecom  -g -w
                         123 
                         124 	.data
                         125 	.align	4
                         126 	.global	_hmi_gfx_status
00000000 00000000        127 _hmi_gfx_status:	.byte	0,0,0,0
                         128 	.type	_hmi_gfx_status,@object
                         129 	.size	_hmi_gfx_status,4
                         130 	.ghsnote version,14
                         131 	.ghsnote tools,3
                         132 	.ghsnote options,144
                         133 	.text
                         134 ..bof.D.3A.5CRenesas_Electronics.5CD1x_RGL.5Crgl_ghs_D1Lx_obj_V1.2E2.2E0.5Cvlib.5Capp.5Cgfx_apps.5Csimple_draw_d1l2.5Ctarget.5Cd1lx_mango_ghs.5Cobj.5Chmi_status...44.3A.5CRenesas_Electronics.5CD1x_RGL.5Crgl_ghs_D1Lx_obj_V1.2E2.2E0.5Cvlib.5Capp.5Cgfx_apps.5Csimple_draw_d1l2.5Ctarget.5Cd1lx_mango_ghs..5A740359..0::
                         135 ..eof.D.3A.5CRenesas_Electronics.5CD1x_RGL.5Crgl_ghs_D1Lx_obj_V1.2E2.2E0.5Cvlib.5Capp.5Cgfx_apps.5Csimple_draw_d1l2.5Ctarget.5Cd1lx_mango_ghs.5Cobj.5Chmi_status...44.3A.5CRenesas_Electronics.5CD1x_RGL.5Crgl_ghs_D1Lx_obj_V1.2E2.2E0.5Cvlib.5Capp.5Cgfx_apps.5Csimple_draw_d1l2.5Ctarget.5Cd1lx_mango_ghs..5A740359..0::
                         136 .rh850_flags REGMODE22,DATA_ALIGN8,GP_FIX,EP_NONFIX,TP_FIX,REG2_RESERVE,G3M
