                                                                      Page 1
                                                              C:\Users\YINGAO~1\AppData\Local\Temp\gh_000072g1.si
Command Line: C:\ghs\comp_201355\ease850.exe -w -elf -b0 -ID:\Renesas_Electronics\D1x_RGL\rgl_ghs_D1Lx_obj_V1.2.0\vlib\macro\flashc\sfma\lib -I../../../../../Device -I../../../../../Driver/ADCE -I../../../../../Driver/CLOCK -I../../../../../Driver/DIO -I../../../../../Driver/DSPI -I../../../../../Driver/Interrupt -I../../../../../Driver/ISM -I../../../../../Driver/OSTM -I../../../../../Driver/PWM -I../../../../../Driver/RSTC -I../../../../../Driver/RTCA -I../../../../../Driver/STBC -I../../../../../Driver/TAUB -I../../../../../Driver/WDT -I../../../../../middleware\ADM -I../../../../../middleware\BPM -I../../../../../middleware\EED -I../../../../../middleware\IOM -I../../../../../middleware\LRM -I../../../../../middleware\MOM -I../../../../../middleware\PWMM -I../../../../../Common -I../../../../../Applayer\DSM -I../../../../../Applayer\FM -I../../../../../Applayer\TPM -I../../../../../Applayer\ACC -I../../../../../Applayer\ASS -I../../../../../Applayer\BAT -I../../../../../Applayer\COM -I../../../../../Applayer\COM\vtp -I../../../../../Applayer\COM\vtp\lib -I../../../../../Applayer\CRUS -I../../../../../Applayer\DIAG -I../../../../../Applayer\FC -I../../../../../Applayer\FL -I../../../../../Applayer\HSD -I../../../../../Applayer\IDLE -I../../../../../Applayer\ILLU -I../../../../../Applayer\LED -I../../../../../Applayer\MSG -I../../../../../Applayer\NVM -I../../../../../Applayer\ODO -I../../../../../Applayer\PWR -I../../../../../Applayer\RANG -I../../../../../Applayer\RST -I../../../../../Applayer\RTC -I../../../../../Applayer\SCS -I../../../../../Applayer\SSB -I../../../../../Applayer\ST -I../../../../../Applayer\STSMG -I../../../../../Applayer\SYS -I../../../../../Applayer\TIP -I../../../../../Applayer\TRIP -I../../../../../Applayer\CHM -I../../../../../Applayer\DM -I../../../../../Applayer\EVT -I../../../../../Applayer\FTR -I../../../../../Applayer\SLF -I../../../../../Applayer\NWD -I../../../../../Applayer\TPMS -I../../../../../Applayer\WFM -I../../../../../Applayer\NZM -I../../../../../app/gfx_apps/simple_draw_d1l2/src -I../../../../../bsp/board//config -I../../../../../bsp/board//src/gfx -I../../../../../bsp/board//src/hmi -I../../../../../bsp/board//src/stdio -I../../../../../bsp/board/d1lx_mango/config -I../../../../../bsp/board/d1lx_mango/src -I../../../../../bsp/board/d1lx_mango/src/gfx -I../../../../../bsp/board/d1lx_mango/src/hmi -I../../../../../bsp/board/d1lx_mango/src/stdio -I../../../../../bsp/gfx/lib -I../../../../../bsp/gfx/src -I../../../../../bsp/hmi/lib -I../../../../../bsp/hmi/src -I../../../../../bsp/lib -I../../../../../bsp/stdio/lib -I../../../../../bsp/stdio/src -I../../../../../cdi/lib -I../../../../../cdi/src -I../../../../../compiler/rh850_ghs/inc -I../../../../../device/d1lx/lib -I../../../../../device/d1lx/macro_cfg -I../../../../../device/d1lx/src/dev -I../../../../../device/d1lx/src/rh850_ghs -I../../../../../device/d1x_common/macro_cfg -I../../../../../device/d1x_common/src/csisw -I../../../../../device/d1x_common/src/ddb -I../../../../../device/d1x_common/src/dev -I../../../../../device/d1x_common/src/gfxbus -I../../../../../device/d1x_common/src/gpio -I../../../../../device/d1x_common/src/ostm -I../../../../../device/d1x_common/src/pbg -I../../../../../device/d1x_common/src/riic -I../../../../../device/d1x_common/src/sfma -I../../../../../device/d1x_common/src/spea -I../../../../../device/d1x_common/src/tauj -I../../../../../device/d1x_common/src/tick -I../../../../../device/d1x_common/src/vdce -I../../../../../device/d1x_common/src/wm -I../../../../../device/d1x_common/src/xbus -I../../../../../device/lib -I../../../../../macro/bus/pbg/lib -I../../../../../macro/bus/pbg/src -I../../../../../macro/csi/csisw/lib -I../../../../../macro/csi/csisw/src -I../../../../../macro/drw2d/lib -I../../../../../macro/drw2d/platform/cpu -I../../../../../macro/drw2d/platform/os/no_os -I../../../../../macro/drw2d/src -I../../../../../macro/flashc/sfcdb/lib -I../../../../../macro/flashc/sfcdb/src -I../../../../../macro/flashc/sfma/lib -I../../../../../macro/flashc/sfma/src -I../../../../../macro/gfxbus/lib -I../../../../../macro/gfxbus/src -I../../../../../macro/gfxbus/xbus/lib -I../../../../../macro/gfxbus/xbus/src -I../../../../../macro/gpio/lib -I../../../../../macro/gpio/src -I../../../../../macro/i2c/riic/lib -I../../../../../macro/i2c/riic/src -I../../../../../macro/tick/lib -I../../../../../macro/tick/src -I../../../../../macro/timer/ostm/lib -I../../../../../macro/timer/ostm/src -I../../../../../macro/timer/tauj/lib -I../../../../../macro/timer/tauj/src -I../../../../../macro/vdce/lib -I../../../../../macro/vdce/src -I../../../../../macro/vo/ddb/lib -I../../../../../macro/vo/ddb/src -I../../../../../macro/vo/spea/lib -I../../../../../macro/vo/spea/src -I../../../../../macro/wm/lib -I../../../../../macro/wm/src -I../../../../../app/gfx_apps/simple_draw_d1l2/src/QD_HMI -I../../../../../app/gfx_apps/simple_draw_d1l2/src/QD_HMI/HMI_Data -IC:\ghs\comp_201355\lib\rh850_22 -cg_underscore -cpu=rh850g3m -no_v850_simd -nomacro -patch_dbo=D:\Renesas_Electronics\D1x_RGL\rgl_ghs_D1Lx_obj_V1.2.0\vlib\app\gfx_apps\simple_draw_d1l2\target\d1lx_mango_ghs\obj\r_cdi_main.dbo -source=r_cdi_main.c -o .\obj\gh_000072g1.o -list=.\obj\r_cdi_main.lst C:\Users\YINGAO~1\AppData\Local\Temp\gh_000072g1.si 
Original File: C:\Users\YINGAO~1\AppData\Local\Temp\gh_000072g1.si
Source File: r_cdi_main.c
Directory: D:\Renesas_Electronics\D1x_RGL\rgl_ghs_D1Lx_obj_V1.2.0\vlib\app\gfx_apps\simple_draw_d1l2\target\d1lx_mango_ghs
Host OS: Windows 7 Service Pack 1
EASE: Copyright (C) 1983-2013 Green Hills Software.  All Rights Reversed.
Release: Compiler v2013.5.5
Build Directory: [Directory] BTOWINBOX:c:/build_2013_5_bto/2013-10-04.1311-2013_5_bto/win32-comp-ecom
Revision: [VCInfo] http://toolsvc/branches/release-branch-2013-5-bto/src@496240 (built by build)
Revision Date: Sat Oct 05 04:54:43 2013

Release Date: Sat Oct 05 05:20:49 2013

                           1 --Driver Command: ccv850 -c -MD
                           2 --		-ID:\Renesas_Electronics\D1x_RGL\rgl_ghs_D1Lx_obj_V1.2.0\vlib\macro\flashc\sfma\lib
                           3 --		-I../../../../../Device -I../../../../../Driver/ADCE
                           4 --		-I../../../../../Driver/CLOCK -I../../../../../Driver/DIO
                           5 --		-I../../../../../Driver/DSPI -I../../../../../Driver/Interrupt
                           6 --		-I../../../../../Driver/ISM -I../../../../../Driver/OSTM
                           7 --		-I../../../../../Driver/PWM -I../../../../../Driver/RSTC
                           8 --		-I../../../../../Driver/RTCA -I../../../../../Driver/STBC
                           9 --		-I../../../../../Driver/TAUB -I../../../../../Driver/WDT
                          10 --		-I../../../../../middleware\ADM -I../../../../../middleware\BPM
                          11 --		-I../../../../../middleware\EED -I../../../../../middleware\IOM
                          12 --		-I../../../../../middleware\LRM -I../../../../../middleware\MOM
                          13 --		-I../../../../../middleware\PWMM -I../../../../../Common
                          14 --		-I../../../../../Applayer\DSM -I../../../../../Applayer\FM
                          15 --		-I../../../../../Applayer\TPM -I../../../../../Applayer\ACC
                          16 --		-I../../../../../Applayer\ASS -I../../../../../Applayer\BAT
                          17 --		-I../../../../../Applayer\COM -I../../../../../Applayer\COM\vtp
                          18 --		-I../../../../../Applayer\COM\vtp\lib
                          19 --		-I../../../../../Applayer\CRUS -I../../../../../Applayer\DIAG
                          20 --		-I../../../../../Applayer\FC -I../../../../../Applayer\FL
                          21 --		-I../../../../../Applayer\HSD -I../../../../../Applayer\IDLE
                          22 --		-I../../../../../Applayer\ILLU -I../../../../../Applayer\LED
                          23 --		-I../../../../../Applayer\MSG -I../../../../../Applayer\NVM
                          24 --		-I../../../../../Applayer\ODO -I../../../../../Applayer\PWR
                          25 --		-I../../../../../Applayer\RANG -I../../../../../Applayer\RST
                          26 --		-I../../../../../Applayer\RTC -I../../../../../Applayer\SCS
                          27 --		-I../../../../../Applayer\SSB -I../../../../../Applayer\ST
                          28 --		-I../../../../../Applayer\STSMG -I../../../../../Applayer\SYS
                          29 --		-I../../../../../Applayer\TIP -I../../../../../Applayer\TRIP
                          30 --		-I../../../../../Applayer\CHM -I../../../../../Applayer\DM
                          31 --		-I../../../../../Applayer\EVT -I../../../../../Applayer\FTR
                          32 --		-I../../../../../Applayer\SLF -I../../../../../Applayer\NWD
                          33 --		-I../../../../../Applayer\TPMS -I../../../../../Applayer\WFM
                          34 --		-I../../../../../Applayer\NZM
                          35 --		-I../../../../../app/gfx_apps/simple_draw_d1l2/src
                          36 --		-I../../../../../bsp/board//config
                          37 --		-I../../../../../bsp/board//src/gfx
                          38 --		-I../../../../../bsp/board//src/hmi
                          39 --		-I../../../../../bsp/board//src/stdio
                          40 --		-I../../../../../bsp/board/d1lx_mango/config
                          41 --		-I../../../../../bsp/board/d1lx_mango/src
                          42 --		-I../../../../../bsp/board/d1lx_mango/src/gfx
                          43 --		-I../../../../../bsp/board/d1lx_mango/src/hmi
                          44 --		-I../../../../../bsp/board/d1lx_mango/src/stdio
                          45 --		-I../../../../../bsp/gfx/lib -I../../../../../bsp/gfx/src
                          46 --		-I../../../../../bsp/hmi/lib -I../../../../../bsp/hmi/src
                          47 --		-I../../../../../bsp/lib -I../../../../../bsp/stdio/lib
                          48 --		-I../../../../../bsp/stdio/src -I../../../../../cdi/lib
                          49 --		-I../../../../../cdi/src -I../../../../../compiler/rh850_ghs/inc
                          50 --		-I../../../../../device/d1lx/lib

                                                                      Page 2
                                                              C:\Users\YINGAO~1\AppData\Local\Temp\gh_000072g1.si
                          51 --		-I../../../../../device/d1lx/macro_cfg
                          52 --		-I../../../../../device/d1lx/src/dev
                          53 --		-I../../../../../device/d1lx/src/rh850_ghs
                          54 --		-I../../../../../device/d1x_common/macro_cfg
                          55 --		-I../../../../../device/d1x_common/src/csisw
                          56 --		-I../../../../../device/d1x_common/src/ddb
                          57 --		-I../../../../../device/d1x_common/src/dev
                          58 --		-I../../../../../device/d1x_common/src/gfxbus
                          59 --		-I../../../../../device/d1x_common/src/gpio
                          60 --		-I../../../../../device/d1x_common/src/ostm
                          61 --		-I../../../../../device/d1x_common/src/pbg
                          62 --		-I../../../../../device/d1x_common/src/riic
                          63 --		-I../../../../../device/d1x_common/src/sfma
                          64 --		-I../../../../../device/d1x_common/src/spea
                          65 --		-I../../../../../device/d1x_common/src/tauj
                          66 --		-I../../../../../device/d1x_common/src/tick
                          67 --		-I../../../../../device/d1x_common/src/vdce
                          68 --		-I../../../../../device/d1x_common/src/wm
                          69 --		-I../../../../../device/d1x_common/src/xbus
                          70 --		-I../../../../../device/lib -I../../../../../macro/bus/pbg/lib
                          71 --		-I../../../../../macro/bus/pbg/src
                          72 --		-I../../../../../macro/csi/csisw/lib
                          73 --		-I../../../../../macro/csi/csisw/src
                          74 --		-I../../../../../macro/drw2d/lib
                          75 --		-I../../../../../macro/drw2d/platform/cpu
                          76 --		-I../../../../../macro/drw2d/platform/os/no_os
                          77 --		-I../../../../../macro/drw2d/src
                          78 --		-I../../../../../macro/flashc/sfcdb/lib
                          79 --		-I../../../../../macro/flashc/sfcdb/src
                          80 --		-I../../../../../macro/flashc/sfma/lib
                          81 --		-I../../../../../macro/flashc/sfma/src
                          82 --		-I../../../../../macro/gfxbus/lib
                          83 --		-I../../../../../macro/gfxbus/src
                          84 --		-I../../../../../macro/gfxbus/xbus/lib
                          85 --		-I../../../../../macro/gfxbus/xbus/src
                          86 --		-I../../../../../macro/gpio/lib -I../../../../../macro/gpio/src
                          87 --		-I../../../../../macro/i2c/riic/lib
                          88 --		-I../../../../../macro/i2c/riic/src
                          89 --		-I../../../../../macro/tick/lib -I../../../../../macro/tick/src
                          90 --		-I../../../../../macro/timer/ostm/lib
                          91 --		-I../../../../../macro/timer/ostm/src
                          92 --		-I../../../../../macro/timer/tauj/lib
                          93 --		-I../../../../../macro/timer/tauj/src
                          94 --		-I../../../../../macro/vdce/lib -I../../../../../macro/vdce/src
                          95 --		-I../../../../../macro/vo/ddb/lib
                          96 --		-I../../../../../macro/vo/ddb/src
                          97 --		-I../../../../../macro/vo/spea/lib
                          98 --		-I../../../../../macro/vo/spea/src -I../../../../../macro/wm/lib
                          99 --		-I../../../../../macro/wm/src
                         100 --		-I../../../../../app/gfx_apps/simple_draw_d1l2/src/QD_HMI
                         101 --		-I../../../../../app/gfx_apps/simple_draw_d1l2/src/QD_HMI/HMI_Data
                         102 --		-G --no_commons --no_implicit_include --prototype_errors
                         103 --		-DR_DRW2D_OS_NO_OS -DR_DRW2D_SYS_CPU -DUSED_CPU=RH850G3M
                         104 --		-DUSE_BSP_GFX -DUSE_BSP_HMI -DUSE_BSP_STDIO -DUSE_CDI -DUSE_CSISW
                         105 --		-DUSE_DDB -DUSE_DRW2D -DUSE_GFXBUS -DUSE_GPIO -DUSE_OSTM
                         106 --		-DUSE_PBG -DUSE_RIIC -DUSE_SFCDB -DUSE_SFMA -DUSE_SPEA -DUSE_TAUJ
                         107 --		-DUSE_TICK -DUSE_VDCE -DUSE_WM -DUSE_XBUS -MD -Mn -Mx -Zuse1bit
                         108 --		-allocate_ep -cpu=rh850g3m -entry=_RESET -large_sda -list
                         109 --		-no_callt -notda -passsource -preprocess_assembly_files
                         110 --		-registermode=22 -reserve_r2 --diag_warning 1 -object_dir=./obj
                         111 --		-filetype.c ..\..\..\..\..\cdi\src\r_cdi_main.c -o

                                                                      Page 3
                                                              C:\Users\YINGAO~1\AppData\Local\Temp\gh_000072g1.si
                         112 --		.\obj\r_cdi_main.o
                         113 --Source File:   ..\..\..\..\..\cdi\src\r_cdi_main.c
                         114 --Directory:     
                         115 --		D:\Renesas_Electronics\D1x_RGL\rgl_ghs_D1Lx_obj_V1.2.0\vlib\app\gfx_apps\simple_draw_d1l2\target\d1lx_mango_ghs
                         116 --Compile Date:  Fri Feb 02 14:22:02 2018
                         117 --Host OS:       Win32
                         118 --Version:       C-RH850 2013.5.5 DEVELOPMENT VERSION
                         119 --Release:       Compiler v2013.5.5
                         120 --Revision Date: Sat Oct 05 05:01:20 2013
                         121 --Release Date:  Sat Oct 05 05:22:44 2013
                         122 -- ecom  -g -w
                         123 
                         124 --1: /*
                         125 --2: ****************************************************************************
                         126 --3: PROJECT : CDI
                         127 --4: FILE    : $Id: r_cdi_main.c 7402 2016-01-27 15:43:39Z florian.zimmermann $
                         128 --5: ============================================================================ 
                         129 --6: DESCRIPTION
                         130 --7: Common Driver Interface
                         131 --8: ============================================================================
                         132 --9:                             C O P Y R I G H T
                         133 --10: ============================================================================
                         134 --11:                        Copyright (c) 2013 - 2014
                         135 --12:                                   by 
                         136 --13:                        Renesas Electronics (Europe) GmbH. 
                         137 --14:                            Arcadiastrasse 10
                         138 --15:                           D-40472 Duesseldorf
                         139 --16:                                Germany
                         140 --17:                           All rights reserved.
                         141 --18: ============================================================================
                         142 --19: Purpose: only for testing, not for mass production
                         143 --21: DISCLAIMER
                         144 --23: LICENSEE has read, understood and accepted the terms and conditions defined in
                         145 --24: the license agreement, especially the usage rights. In any case, it is
                         146 --25: LICENSEE's responsibility to make sure that any user of the software complies
                         147 --26: with the terms and conditions of the signed license agreement.
                         148 --28: SAMPLE CODE is not part of the licensed software, as such it must not be used in
                         149 --29: mass-production applications. It can only be used for evaluation and
                         150 --30: demonstration purposes at customer's premises listed in the signed license
                         151 --31: agreement.
                         152 --33: ****************************************************************************
                         153 --34: */
                         154 --36: /*******************************************************************************
                         155 --37:   Section: Includes
                         156 --38: */
                         157 --40: #include "r_typedefs.h"
                         158 --41: #include "r_cdi_api.h"
                         159 --44: /*******************************************************************************
                         160 --45:   Section: Global API Base Functions
                         161 --46: */
                         162 --48: /*******************************************************************************
                         163 --49:  Function: R_CDI_Init
                         164 --51:   Setup common driver interface.
                         165 --53:   Parameters:
                         166 --54:   void
                         167 --56:   Returns:
                         168 --57:   ==0        - Init OK
                         169 --58:   !=0        - Init failed
                         170 --59: */
                         171 --61:  int32_t R_CDI_Init(void) {
                         172 	.text

                                                                      Page 4
                                                              C:\Users\YINGAO~1\AppData\Local\Temp\gh_000072g1.si
                         173 ..bof.D.3A.5CRenesas_Electronics.5CD1x_RGL.5Crgl_ghs_D1Lx_obj_V1.2E2.2E0.5Cvlib.5Capp.5Cgfx_apps.5Csimple_draw_d1l2.5Ctarget.5Cd1lx_mango_ghs.5Cobj.5Cr_cdi_main...44.3A.5CRenesas_Electronics.5CD1x_RGL.5Crgl_ghs_D1Lx_obj_V1.2E2.2E0.5Cvlib.5Capp.5Cgfx_apps.5Csimple_draw_d1l2.5Ctarget.5Cd1lx_mango_ghs..5A74038A..0::
                         174 	.align	2
                         175 	.global	_R_CDI_Init
                         176 _R_CDI_Init:
                         177 --	    .bf
                         178 .LDW01:
                         179 --62:     return 0;
00000000 0052            180 	mov	0,r10
                         181 --	    .ef
                         182 .LDW11:
00000002 7f00            183 	jmp	[lp]
                         184 	.type	_R_CDI_Init,@function
                         185 	.size	_R_CDI_Init,.-_R_CDI_Init
                         186 	.align	2
                         187 .LDW21:
                         188 
                         189 	.section ".bss","awb"
                         190 .L24:
                         191 	.type	.L24,@object
                         192 	.size	.L24,0
                         193 	.data
                         194 	.text
                         195 
                         196 --63: }
                         197 
                         198 --65: /*******************************************************************************
                         199 --66:  Function: R_CDI_DeInit
                         200 --68:   Commin driver interface deinit function.
                         201 --70:   Parameters:
                         202 --71:   void
                         203 --73:   Returns:
                         204 --74:   ==0        - Deinit OK
                         205 --75:   !=0        - Deinit failed
                         206 --76: */
                         207 --78:  int32_t R_CDI_DeInit(void) {
                         208 	.align	2
                         209 	.align	2
                         210 	.global	_R_CDI_DeInit
                         211 _R_CDI_DeInit:
                         212 --	    .bf
                         213 .LDW31:
                         214 --79:     return 0;
00000004 0052            215 	mov	0,r10
                         216 --	    .ef
                         217 .LDW41:
00000006 7f00            218 	jmp	[lp]
                         219 	.type	_R_CDI_DeInit,@function
                         220 	.size	_R_CDI_DeInit,.-_R_CDI_DeInit
                         221 	.align	2
                         222 .LDW51:
                         223 
                         224 	.section ".bss","awb"
                         225 .L56:
                         226 	.type	.L56,@object
                         227 	.size	.L56,0
                         228 	.data
                         229 	.text
                         230 
                         231 --80: }
                         232 	.align	2
                         233 

                                                                      Page 5
                                                              C:\Users\YINGAO~1\AppData\Local\Temp\gh_000072g1.si
                         234 	.data
                         235 	.ghsnote version,14
                         236 	.ghsnote tools,3
                         237 	.ghsnote options,144
                         238 	.text
                         239 	.align	2
                         240 ..eof.D.3A.5CRenesas_Electronics.5CD1x_RGL.5Crgl_ghs_D1Lx_obj_V1.2E2.2E0.5Cvlib.5Capp.5Cgfx_apps.5Csimple_draw_d1l2.5Ctarget.5Cd1lx_mango_ghs.5Cobj.5Cr_cdi_main...44.3A.5CRenesas_Electronics.5CD1x_RGL.5Crgl_ghs_D1Lx_obj_V1.2E2.2E0.5Cvlib.5Capp.5Cgfx_apps.5Csimple_draw_d1l2.5Ctarget.5Cd1lx_mango_ghs..5A74038A..0::
                         241 .rh850_flags REGMODE22,DATA_ALIGN8,GP_FIX,EP_NONFIX,TP_FIX,REG2_RESERVE,G3M
