                                                                      Page 1
                                                              C:\Users\YINGAO~1\AppData\Local\Temp\gh_000084k1.si
Command Line: C:\ghs\comp_201355\ease850.exe -w -elf -b0 -ID:\Renesas_Electronics\D1x_RGL\rgl_ghs_D1Lx_obj_V1.2.0\vlib\macro\flashc\sfma\lib -I../../../../../Device -I../../../../../Driver/ADCE -I../../../../../Driver/CLOCK -I../../../../../Driver/DIO -I../../../../../Driver/DSPI -I../../../../../Driver/Interrupt -I../../../../../Driver/ISM -I../../../../../Driver/OSTM -I../../../../../Driver/PWM -I../../../../../Driver/RSTC -I../../../../../Driver/RTCA -I../../../../../Driver/STBC -I../../../../../Driver/TAUB -I../../../../../Driver/WDT -I../../../../../middleware\ADM -I../../../../../middleware\BPM -I../../../../../middleware\EED -I../../../../../middleware\IOM -I../../../../../middleware\LRM -I../../../../../middleware\MOM -I../../../../../middleware\PWMM -I../../../../../Common -I../../../../../Applayer\DSM -I../../../../../Applayer\FM -I../../../../../Applayer\TPM -I../../../../../Applayer\ACC -I../../../../../Applayer\ASS -I../../../../../Applayer\BAT -I../../../../../Applayer\COM -I../../../../../Applayer\COM\vtp -I../../../../../Applayer\COM\vtp\lib -I../../../../../Applayer\CRUS -I../../../../../Applayer\DIAG -I../../../../../Applayer\FC -I../../../../../Applayer\FL -I../../../../../Applayer\HSD -I../../../../../Applayer\IDLE -I../../../../../Applayer\ILLU -I../../../../../Applayer\LED -I../../../../../Applayer\MSG -I../../../../../Applayer\NVM -I../../../../../Applayer\ODO -I../../../../../Applayer\PWR -I../../../../../Applayer\RANG -I../../../../../Applayer\RST -I../../../../../Applayer\RTC -I../../../../../Applayer\SCS -I../../../../../Applayer\SSB -I../../../../../Applayer\ST -I../../../../../Applayer\STSMG -I../../../../../Applayer\SYS -I../../../../../Applayer\TIP -I../../../../../Applayer\TRIP -I../../../../../Applayer\CHM -I../../../../../Applayer\DM -I../../../../../Applayer\EVT -I../../../../../Applayer\FTR -I../../../../../Applayer\SLF -I../../../../../Applayer\NWD -I../../../../../Applayer\TPMS -I../../../../../Applayer\WFM -I../../../../../Applayer\NZM -I../../../../../app/gfx_apps/simple_draw_d1l2/src -I../../../../../bsp/board//config -I../../../../../bsp/board//src/gfx -I../../../../../bsp/board//src/hmi -I../../../../../bsp/board//src/stdio -I../../../../../bsp/board/d1lx_mango/config -I../../../../../bsp/board/d1lx_mango/src -I../../../../../bsp/board/d1lx_mango/src/gfx -I../../../../../bsp/board/d1lx_mango/src/hmi -I../../../../../bsp/board/d1lx_mango/src/stdio -I../../../../../bsp/gfx/lib -I../../../../../bsp/gfx/src -I../../../../../bsp/hmi/lib -I../../../../../bsp/hmi/src -I../../../../../bsp/lib -I../../../../../bsp/stdio/lib -I../../../../../bsp/stdio/src -I../../../../../cdi/lib -I../../../../../cdi/src -I../../../../../compiler/rh850_ghs/inc -I../../../../../device/d1lx/lib -I../../../../../device/d1lx/macro_cfg -I../../../../../device/d1lx/src/dev -I../../../../../device/d1lx/src/rh850_ghs -I../../../../../device/d1x_common/macro_cfg -I../../../../../device/d1x_common/src/csisw -I../../../../../device/d1x_common/src/ddb -I../../../../../device/d1x_common/src/dev -I../../../../../device/d1x_common/src/gfxbus -I../../../../../device/d1x_common/src/gpio -I../../../../../device/d1x_common/src/ostm -I../../../../../device/d1x_common/src/pbg -I../../../../../device/d1x_common/src/riic -I../../../../../device/d1x_common/src/sfma -I../../../../../device/d1x_common/src/spea -I../../../../../device/d1x_common/src/tauj -I../../../../../device/d1x_common/src/tick -I../../../../../device/d1x_common/src/vdce -I../../../../../device/d1x_common/src/wm -I../../../../../device/d1x_common/src/xbus -I../../../../../device/lib -I../../../../../macro/bus/pbg/lib -I../../../../../macro/bus/pbg/src -I../../../../../macro/csi/csisw/lib -I../../../../../macro/csi/csisw/src -I../../../../../macro/drw2d/lib -I../../../../../macro/drw2d/platform/cpu -I../../../../../macro/drw2d/platform/os/no_os -I../../../../../macro/drw2d/src -I../../../../../macro/flashc/sfcdb/lib -I../../../../../macro/flashc/sfcdb/src -I../../../../../macro/flashc/sfma/lib -I../../../../../macro/flashc/sfma/src -I../../../../../macro/gfxbus/lib -I../../../../../macro/gfxbus/src -I../../../../../macro/gfxbus/xbus/lib -I../../../../../macro/gfxbus/xbus/src -I../../../../../macro/gpio/lib -I../../../../../macro/gpio/src -I../../../../../macro/i2c/riic/lib -I../../../../../macro/i2c/riic/src -I../../../../../macro/tick/lib -I../../../../../macro/tick/src -I../../../../../macro/timer/ostm/lib -I../../../../../macro/timer/ostm/src -I../../../../../macro/timer/tauj/lib -I../../../../../macro/timer/tauj/src -I../../../../../macro/vdce/lib -I../../../../../macro/vdce/src -I../../../../../macro/vo/ddb/lib -I../../../../../macro/vo/ddb/src -I../../../../../macro/vo/spea/lib -I../../../../../macro/vo/spea/src -I../../../../../macro/wm/lib -I../../../../../macro/wm/src -I../../../../../app/gfx_apps/simple_draw_d1l2/src/QD_HMI -I../../../../../app/gfx_apps/simple_draw_d1l2/src/QD_HMI/HMI_Data -IC:\ghs\comp_201355\lib\rh850_22 -cg_underscore -cpu=rh850g3m -no_v850_simd -nomacro -patch_dbo=D:\Renesas_Electronics\D1x_RGL\rgl_ghs_D1Lx_obj_V1.2.0\vlib\app\gfx_apps\simple_draw_d1l2\target\d1lx_mango_ghs\obj\r_drw2d_os_no_os.dbo -source=r_drw2d_os_no_os.c -o .\obj\gh_000084k1.o -list=.\obj\r_drw2d_os_no_os.lst C:\Users\YINGAO~1\AppData\Local\Temp\gh_000084k1.si 
Original File: C:\Users\YINGAO~1\AppData\Local\Temp\gh_000084k1.si
Source File: r_drw2d_os_no_os.c
Directory: D:\Renesas_Electronics\D1x_RGL\rgl_ghs_D1Lx_obj_V1.2.0\vlib\app\gfx_apps\simple_draw_d1l2\target\d1lx_mango_ghs
Host OS: Windows 7 Service Pack 1
EASE: Copyright (C) 1983-2013 Green Hills Software.  All Rights Reversed.
Release: Compiler v2013.5.5
Build Directory: [Directory] BTOWINBOX:c:/build_2013_5_bto/2013-10-04.1311-2013_5_bto/win32-comp-ecom
Revision: [VCInfo] http://toolsvc/branches/release-branch-2013-5-bto/src@496240 (built by build)
Revision Date: Sat Oct 05 04:54:43 2013

Release Date: Sat Oct 05 05:20:49 2013

                           1 --Driver Command: ccv850 -c -MD
                           2 --		-ID:\Renesas_Electronics\D1x_RGL\rgl_ghs_D1Lx_obj_V1.2.0\vlib\macro\flashc\sfma\lib
                           3 --		-I../../../../../Device -I../../../../../Driver/ADCE
                           4 --		-I../../../../../Driver/CLOCK -I../../../../../Driver/DIO
                           5 --		-I../../../../../Driver/DSPI -I../../../../../Driver/Interrupt
                           6 --		-I../../../../../Driver/ISM -I../../../../../Driver/OSTM
                           7 --		-I../../../../../Driver/PWM -I../../../../../Driver/RSTC
                           8 --		-I../../../../../Driver/RTCA -I../../../../../Driver/STBC
                           9 --		-I../../../../../Driver/TAUB -I../../../../../Driver/WDT
                          10 --		-I../../../../../middleware\ADM -I../../../../../middleware\BPM
                          11 --		-I../../../../../middleware\EED -I../../../../../middleware\IOM
                          12 --		-I../../../../../middleware\LRM -I../../../../../middleware\MOM
                          13 --		-I../../../../../middleware\PWMM -I../../../../../Common
                          14 --		-I../../../../../Applayer\DSM -I../../../../../Applayer\FM
                          15 --		-I../../../../../Applayer\TPM -I../../../../../Applayer\ACC
                          16 --		-I../../../../../Applayer\ASS -I../../../../../Applayer\BAT
                          17 --		-I../../../../../Applayer\COM -I../../../../../Applayer\COM\vtp
                          18 --		-I../../../../../Applayer\COM\vtp\lib
                          19 --		-I../../../../../Applayer\CRUS -I../../../../../Applayer\DIAG
                          20 --		-I../../../../../Applayer\FC -I../../../../../Applayer\FL
                          21 --		-I../../../../../Applayer\HSD -I../../../../../Applayer\IDLE
                          22 --		-I../../../../../Applayer\ILLU -I../../../../../Applayer\LED
                          23 --		-I../../../../../Applayer\MSG -I../../../../../Applayer\NVM
                          24 --		-I../../../../../Applayer\ODO -I../../../../../Applayer\PWR
                          25 --		-I../../../../../Applayer\RANG -I../../../../../Applayer\RST
                          26 --		-I../../../../../Applayer\RTC -I../../../../../Applayer\SCS
                          27 --		-I../../../../../Applayer\SSB -I../../../../../Applayer\ST
                          28 --		-I../../../../../Applayer\STSMG -I../../../../../Applayer\SYS
                          29 --		-I../../../../../Applayer\TIP -I../../../../../Applayer\TRIP
                          30 --		-I../../../../../Applayer\CHM -I../../../../../Applayer\DM
                          31 --		-I../../../../../Applayer\EVT -I../../../../../Applayer\FTR
                          32 --		-I../../../../../Applayer\SLF -I../../../../../Applayer\NWD
                          33 --		-I../../../../../Applayer\TPMS -I../../../../../Applayer\WFM
                          34 --		-I../../../../../Applayer\NZM
                          35 --		-I../../../../../app/gfx_apps/simple_draw_d1l2/src
                          36 --		-I../../../../../bsp/board//config
                          37 --		-I../../../../../bsp/board//src/gfx
                          38 --		-I../../../../../bsp/board//src/hmi
                          39 --		-I../../../../../bsp/board//src/stdio
                          40 --		-I../../../../../bsp/board/d1lx_mango/config
                          41 --		-I../../../../../bsp/board/d1lx_mango/src
                          42 --		-I../../../../../bsp/board/d1lx_mango/src/gfx
                          43 --		-I../../../../../bsp/board/d1lx_mango/src/hmi
                          44 --		-I../../../../../bsp/board/d1lx_mango/src/stdio
                          45 --		-I../../../../../bsp/gfx/lib -I../../../../../bsp/gfx/src
                          46 --		-I../../../../../bsp/hmi/lib -I../../../../../bsp/hmi/src
                          47 --		-I../../../../../bsp/lib -I../../../../../bsp/stdio/lib
                          48 --		-I../../../../../bsp/stdio/src -I../../../../../cdi/lib
                          49 --		-I../../../../../cdi/src -I../../../../../compiler/rh850_ghs/inc
                          50 --		-I../../../../../device/d1lx/lib

                                                                      Page 2
                                                              C:\Users\YINGAO~1\AppData\Local\Temp\gh_000084k1.si
                          51 --		-I../../../../../device/d1lx/macro_cfg
                          52 --		-I../../../../../device/d1lx/src/dev
                          53 --		-I../../../../../device/d1lx/src/rh850_ghs
                          54 --		-I../../../../../device/d1x_common/macro_cfg
                          55 --		-I../../../../../device/d1x_common/src/csisw
                          56 --		-I../../../../../device/d1x_common/src/ddb
                          57 --		-I../../../../../device/d1x_common/src/dev
                          58 --		-I../../../../../device/d1x_common/src/gfxbus
                          59 --		-I../../../../../device/d1x_common/src/gpio
                          60 --		-I../../../../../device/d1x_common/src/ostm
                          61 --		-I../../../../../device/d1x_common/src/pbg
                          62 --		-I../../../../../device/d1x_common/src/riic
                          63 --		-I../../../../../device/d1x_common/src/sfma
                          64 --		-I../../../../../device/d1x_common/src/spea
                          65 --		-I../../../../../device/d1x_common/src/tauj
                          66 --		-I../../../../../device/d1x_common/src/tick
                          67 --		-I../../../../../device/d1x_common/src/vdce
                          68 --		-I../../../../../device/d1x_common/src/wm
                          69 --		-I../../../../../device/d1x_common/src/xbus
                          70 --		-I../../../../../device/lib -I../../../../../macro/bus/pbg/lib
                          71 --		-I../../../../../macro/bus/pbg/src
                          72 --		-I../../../../../macro/csi/csisw/lib
                          73 --		-I../../../../../macro/csi/csisw/src
                          74 --		-I../../../../../macro/drw2d/lib
                          75 --		-I../../../../../macro/drw2d/platform/cpu
                          76 --		-I../../../../../macro/drw2d/platform/os/no_os
                          77 --		-I../../../../../macro/drw2d/src
                          78 --		-I../../../../../macro/flashc/sfcdb/lib
                          79 --		-I../../../../../macro/flashc/sfcdb/src
                          80 --		-I../../../../../macro/flashc/sfma/lib
                          81 --		-I../../../../../macro/flashc/sfma/src
                          82 --		-I../../../../../macro/gfxbus/lib
                          83 --		-I../../../../../macro/gfxbus/src
                          84 --		-I../../../../../macro/gfxbus/xbus/lib
                          85 --		-I../../../../../macro/gfxbus/xbus/src
                          86 --		-I../../../../../macro/gpio/lib -I../../../../../macro/gpio/src
                          87 --		-I../../../../../macro/i2c/riic/lib
                          88 --		-I../../../../../macro/i2c/riic/src
                          89 --		-I../../../../../macro/tick/lib -I../../../../../macro/tick/src
                          90 --		-I../../../../../macro/timer/ostm/lib
                          91 --		-I../../../../../macro/timer/ostm/src
                          92 --		-I../../../../../macro/timer/tauj/lib
                          93 --		-I../../../../../macro/timer/tauj/src
                          94 --		-I../../../../../macro/vdce/lib -I../../../../../macro/vdce/src
                          95 --		-I../../../../../macro/vo/ddb/lib
                          96 --		-I../../../../../macro/vo/ddb/src
                          97 --		-I../../../../../macro/vo/spea/lib
                          98 --		-I../../../../../macro/vo/spea/src -I../../../../../macro/wm/lib
                          99 --		-I../../../../../macro/wm/src
                         100 --		-I../../../../../app/gfx_apps/simple_draw_d1l2/src/QD_HMI
                         101 --		-I../../../../../app/gfx_apps/simple_draw_d1l2/src/QD_HMI/HMI_Data
                         102 --		-G --no_commons --no_implicit_include --prototype_errors
                         103 --		-DR_DRW2D_OS_NO_OS -DR_DRW2D_SYS_CPU -DUSED_CPU=RH850G3M
                         104 --		-DUSE_BSP_GFX -DUSE_BSP_HMI -DUSE_BSP_STDIO -DUSE_CDI -DUSE_CSISW
                         105 --		-DUSE_DDB -DUSE_DRW2D -DUSE_GFXBUS -DUSE_GPIO -DUSE_OSTM
                         106 --		-DUSE_PBG -DUSE_RIIC -DUSE_SFCDB -DUSE_SFMA -DUSE_SPEA -DUSE_TAUJ
                         107 --		-DUSE_TICK -DUSE_VDCE -DUSE_WM -DUSE_XBUS -MD -Mn -Mx -Zuse1bit
                         108 --		-allocate_ep -cpu=rh850g3m -entry=_RESET -large_sda -list
                         109 --		-no_callt -notda -passsource -preprocess_assembly_files
                         110 --		-registermode=22 -reserve_r2 --diag_warning 1 -object_dir=./obj
                         111 --		-filetype.c

                                                                      Page 3
                                                              C:\Users\YINGAO~1\AppData\Local\Temp\gh_000084k1.si
                         112 --		..\..\..\..\..\macro\drw2d\platform\os\no_os\r_drw2d_os_no_os.c
                         113 --		-o .\obj\r_drw2d_os_no_os.o
                         114 --Source File:   ..\..\..\..\..\macro\drw2d\platform\os\no_os\r_drw2d_os_no_os.c
                         115 --Directory:     
                         116 --		D:\Renesas_Electronics\D1x_RGL\rgl_ghs_D1Lx_obj_V1.2.0\vlib\app\gfx_apps\simple_draw_d1l2\target\d1lx_mango_ghs
                         117 --Compile Date:  Fri Feb 02 14:22:01 2018
                         118 --Host OS:       Win32
                         119 --Version:       C-RH850 2013.5.5 DEVELOPMENT VERSION
                         120 --Release:       Compiler v2013.5.5
                         121 --Revision Date: Sat Oct 05 05:01:20 2013
                         122 --Release Date:  Sat Oct 05 05:22:44 2013
                         123 -- ecom  -g -w
                         124 
                         125 --1: /*
                         126 --2: ****************************************************************************
                         127 --3: PROJECT : DRW2D
                         128 --4: FILE    : r_drw2d_os_no_os.c
                         129 --5: ============================================================================ 
                         130 --6: DESCRIPTION
                         131 --7: DRW2D NO-OS abstraction layer
                         132 --8: ============================================================================
                         133 --9:                             C O P Y R I G H T
                         134 --10: ============================================================================
                         135 --11:                            Copyright (c) 2013 - 2014
                         136 --12:                                   by
                         137 --13:                        Renesas Electronics (Europe) GmbH.
                         138 --14:                            Arcadiastrasse 10
                         139 --15:                           D-40472 Duesseldorf
                         140 --16:                                Germany
                         141 --17:                           All rights reserved.
                         142 --18: ============================================================================
                         143 --20: DISCLAIMER
                         144 --22: LICENSEE has read, understood and accepted the terms and conditions defined in
                         145 --23: the license agreement, especially the usage rights. In any case, it is
                         146 --24: LICENSEE's responsibility to make sure that any user of the software complies
                         147 --25: with the terms and conditions of the signed license agreement.
                         148 --27: ****************************************************************************
                         149 --28: */
                         150 --30: #include <r_typedefs.h>
                         151 --31: #include <r_drw2d_os.h>
                         152 --34: /***********************************************************
                         153 --35:   Section: Local Functions
                         154 --36: */
                         155 --39: /***********************************************************
                         156 --40:   Section: Thread functions
                         157 --41: */
                         158 --45: /***********************************************************
                         159 --46:   Function: R_DRW2D_OS_Thread_Create
                         160 --47: */
                         161 --48: r_drw2d_OS_Error_t R_DRW2D_OS_Thread_Create(r_drw2d_OS_ThreadInfo_t *ThreadInfo) 
                         162 	.text
                         163 ..bof.D.3A.5CRenesas_Electronics.5CD1x_RGL.5Crgl_ghs_D1Lx_obj_V1.2E2.2E0.5Cvlib.5Capp.5Cgfx_apps.5Csimple_draw_d1l2.5Ctarget.5Cd1lx_mango_ghs.5Cobj.5Cr_drw2d_os_no_os...44.3A.5CRenesas_Electronics.5CD1x_RGL.5Crgl_ghs_D1Lx_obj_V1.2E2.2E0.5Cvlib.5Capp.5Cgfx_apps.5Csimple_draw_d1l2.5Ctarget.5Cd1lx_mango_ghs..5A740389..0::
                         164 	.align	2
                         165 	.global	_R_DRW2D_OS_Thread_Create
                         166 _R_DRW2D_OS_Thread_Create:
00000000 0608            167 	mov	r6,r1
                         168 --	    .bf
                         169 .LDW01:
                         170 --49: {
                         171 --50:     return R_DRW2D_OS_ERR_OK;
00000002 0052            172 	mov	0,r10

                                                                      Page 4
                                                              C:\Users\YINGAO~1\AppData\Local\Temp\gh_000084k1.si
                         173 --	    .ef
                         174 .LDW11:
00000004 7f00            175 	jmp	[lp]
                         176 	.type	_R_DRW2D_OS_Thread_Create,@function
                         177 	.size	_R_DRW2D_OS_Thread_Create,.-_R_DRW2D_OS_Thread_Create
                         178 	.align	2
                         179 .LDW21:
                         180 
                         181 --_ThreadInfo	r1	param
                         182 
                         183 	.section ".bss","awb"
                         184 .L24:
                         185 	.type	.L24,@object
                         186 	.size	.L24,0
                         187 	.data
                         188 	.text
                         189 
                         190 --51: }
                         191 
                         192 --55: /***********************************************************
                         193 --56:   Function: R_DRW2D_OS_Thread_Wait
                         194 --57: */
                         195 --58: r_drw2d_OS_Error_t R_DRW2D_OS_Thread_Wait(r_drw2d_OS_ThreadInfo_t *ThreadInfo,
                         196 	.align	2
                         197 	.align	2
                         198 	.global	_R_DRW2D_OS_Thread_Wait
                         199 _R_DRW2D_OS_Thread_Wait:
00000006 0608            200 	mov	r6,r1
00000008 0770            201 	mov	r7,r14
                         202 --	    .bf
                         203 .LDW31:
                         204 --59:                                           uint32_t              Timeout
                         205 --60:                                           )
                         206 --61: {
                         207 --62:     return R_DRW2D_OS_ERR_OK;
0000000a 0052            208 	mov	0,r10
                         209 --	    .ef
                         210 .LDW41:
0000000c 7f00            211 	jmp	[lp]
                         212 	.type	_R_DRW2D_OS_Thread_Wait,@function
                         213 	.size	_R_DRW2D_OS_Thread_Wait,.-_R_DRW2D_OS_Thread_Wait
                         214 	.align	2
                         215 .LDW51:
                         216 
                         217 --_ThreadInfo	r1	param
                         218 --_Timeout	r14	param
                         219 
                         220 	.section ".bss","awb"
                         221 .L56:
                         222 	.type	.L56,@object
                         223 	.size	.L56,0
                         224 	.data
                         225 	.text
                         226 
                         227 --63: }
                         228 
                         229 --67: /***********************************************************
                         230 --68:   Function: R_DRW2D_OS_Thread_GetId
                         231 --69: */
                         232 --70: r_drw2d_OS_ThreadId_t R_DRW2D_OS_Thread_GetId(void)
                         233 	.align	2

                                                                      Page 5
                                                              C:\Users\YINGAO~1\AppData\Local\Temp\gh_000084k1.si
                         234 	.align	2
                         235 	.global	_R_DRW2D_OS_Thread_GetId
                         236 _R_DRW2D_OS_Thread_GetId:
                         237 --	    .bf
                         238 .LDW61:
                         239 --71: {
                         240 --72:    
                         241 --73:     return R_DRW2D_OS_ERR_OK;
0000000e 0052            242 	mov	0,r10
                         243 --	    .ef
                         244 .LDW71:
00000010 7f00            245 	jmp	[lp]
                         246 	.type	_R_DRW2D_OS_Thread_GetId,@function
                         247 	.size	_R_DRW2D_OS_Thread_GetId,.-_R_DRW2D_OS_Thread_GetId
                         248 	.align	2
                         249 .LDW81:
                         250 
                         251 	.section ".bss","awb"
                         252 .L88:
                         253 	.type	.L88,@object
                         254 	.size	.L88,0
                         255 	.data
                         256 	.text
                         257 
                         258 --74: }
                         259 
                         260 --78: /***********************************************************
                         261 --79:   Function: R_DRW2D_OS_Thread_Destroy
                         262 --80: */
                         263 --81: r_drw2d_OS_Error_t R_DRW2D_OS_Thread_Destroy(r_drw2d_OS_ThreadInfo_t *ThreadInfo)
                         264 	.align	2
                         265 	.align	2
                         266 	.global	_R_DRW2D_OS_Thread_Destroy
                         267 _R_DRW2D_OS_Thread_Destroy:
00000012 0608            268 	mov	r6,r1
                         269 --	    .bf
                         270 .LDW91:
                         271 --82: {
                         272 --83:     return R_DRW2D_OS_ERR_OK;
00000014 0052            273 	mov	0,r10
                         274 --	    .ef
                         275 .LDW02:
00000016 7f00            276 	jmp	[lp]
                         277 	.type	_R_DRW2D_OS_Thread_Destroy,@function
                         278 	.size	_R_DRW2D_OS_Thread_Destroy,.-_R_DRW2D_OS_Thread_Destroy
                         279 	.align	2
                         280 .LDW12:
                         281 
                         282 --_ThreadInfo	r1	param
                         283 
                         284 	.section ".bss","awb"
                         285 .L120:
                         286 	.type	.L120,@object
                         287 	.size	.L120,0
                         288 	.data
                         289 	.text
                         290 
                         291 --84: }
                         292 
                         293 --87: /***********************************************************
                         294 --88:   Section: Mutex functions

                                                                      Page 6
                                                              C:\Users\YINGAO~1\AppData\Local\Temp\gh_000084k1.si
                         295 --89: */
                         296 --93: /***********************************************************
                         297 --94:   Function: R_DRW2D_OS_Mutex_Create
                         298 --95: */
                         299 --96: r_drw2d_OS_Error_t R_DRW2D_OS_Mutex_Create(r_drw2d_OS_Mutex_t *Mutex)
                         300 	.align	2
                         301 	.align	2
                         302 	.global	_R_DRW2D_OS_Mutex_Create
                         303 _R_DRW2D_OS_Mutex_Create:
00000018 0608            304 	mov	r6,r1
                         305 --	    .bf
                         306 .LDW22:
                         307 --97: {
                         308 --98:     return R_DRW2D_OS_ERR_OK;
0000001a 0052            309 	mov	0,r10
                         310 --	    .ef
                         311 .LDW32:
0000001c 7f00            312 	jmp	[lp]
                         313 	.type	_R_DRW2D_OS_Mutex_Create,@function
                         314 	.size	_R_DRW2D_OS_Mutex_Create,.-_R_DRW2D_OS_Mutex_Create
                         315 	.align	2
                         316 .LDW42:
                         317 
                         318 --_Mutex	r1	param
                         319 
                         320 	.section ".bss","awb"
                         321 .L152:
                         322 	.type	.L152,@object
                         323 	.size	.L152,0
                         324 	.data
                         325 	.text
                         326 
                         327 --99: }
                         328 
                         329 --103: /***********************************************************
                         330 --104:   Function: R_DRW2D_OS_Mutex_Destroy
                         331 --105: */
                         332 --106: r_drw2d_OS_Error_t R_DRW2D_OS_Mutex_Destroy(r_drw2d_OS_Mutex_t *Mutex)
                         333 	.align	2
                         334 	.align	2
                         335 	.global	_R_DRW2D_OS_Mutex_Destroy
                         336 _R_DRW2D_OS_Mutex_Destroy:
0000001e 0608            337 	mov	r6,r1
                         338 --	    .bf
                         339 .LDW52:
                         340 --107: {
                         341 --108:     return R_DRW2D_OS_ERR_OK;
00000020 0052            342 	mov	0,r10
                         343 --	    .ef
                         344 .LDW62:
00000022 7f00            345 	jmp	[lp]
                         346 	.type	_R_DRW2D_OS_Mutex_Destroy,@function
                         347 	.size	_R_DRW2D_OS_Mutex_Destroy,.-_R_DRW2D_OS_Mutex_Destroy
                         348 	.align	2
                         349 .LDW72:
                         350 
                         351 --_Mutex	r1	param
                         352 
                         353 	.section ".bss","awb"
                         354 .L184:
                         355 	.type	.L184,@object

                                                                      Page 7
                                                              C:\Users\YINGAO~1\AppData\Local\Temp\gh_000084k1.si
                         356 	.size	.L184,0
                         357 	.data
                         358 	.text
                         359 
                         360 --109: }
                         361 
                         362 --113: /***********************************************************
                         363 --114:   Function: R_DRW2D_OS_Mutex_Lock
                         364 --115: */
                         365 --116: r_drw2d_OS_Error_t R_DRW2D_OS_Mutex_Lock(r_drw2d_OS_Mutex_t *Mutex)
                         366 	.align	2
                         367 	.align	2
                         368 	.global	_R_DRW2D_OS_Mutex_Lock
                         369 _R_DRW2D_OS_Mutex_Lock:
00000024 0608            370 	mov	r6,r1
                         371 --	    .bf
                         372 .LDW82:
                         373 --117: {
                         374 --118:     return R_DRW2D_OS_ERR_OK;
00000026 0052            375 	mov	0,r10
                         376 --	    .ef
                         377 .LDW92:
00000028 7f00            378 	jmp	[lp]
                         379 	.type	_R_DRW2D_OS_Mutex_Lock,@function
                         380 	.size	_R_DRW2D_OS_Mutex_Lock,.-_R_DRW2D_OS_Mutex_Lock
                         381 	.align	2
                         382 .LDW03:
                         383 
                         384 --_Mutex	r1	param
                         385 
                         386 	.section ".bss","awb"
                         387 .L216:
                         388 	.type	.L216,@object
                         389 	.size	.L216,0
                         390 	.data
                         391 	.text
                         392 
                         393 --119: }
                         394 
                         395 --123: /***********************************************************
                         396 --124:   Function: R_DRW2D_OS_Mutex_Unlock
                         397 --125: */
                         398 --126: r_drw2d_OS_Error_t R_DRW2D_OS_Mutex_Unlock(r_drw2d_OS_Mutex_t *Mutex)
                         399 	.align	2
                         400 	.align	2
                         401 	.global	_R_DRW2D_OS_Mutex_Unlock
                         402 _R_DRW2D_OS_Mutex_Unlock:
0000002a 0608            403 	mov	r6,r1
                         404 --	    .bf
                         405 .LDW13:
                         406 --127: {
                         407 --128:     return R_DRW2D_OS_ERR_OK;
0000002c 0052            408 	mov	0,r10
                         409 --	    .ef
                         410 .LDW23:
0000002e 7f00            411 	jmp	[lp]
                         412 	.type	_R_DRW2D_OS_Mutex_Unlock,@function
                         413 	.size	_R_DRW2D_OS_Mutex_Unlock,.-_R_DRW2D_OS_Mutex_Unlock
                         414 	.align	2
                         415 .LDW33:
                         416 

                                                                      Page 8
                                                              C:\Users\YINGAO~1\AppData\Local\Temp\gh_000084k1.si
                         417 --_Mutex	r1	param
                         418 
                         419 	.section ".bss","awb"
                         420 .L248:
                         421 	.type	.L248,@object
                         422 	.size	.L248,0
                         423 	.data
                         424 	.text
                         425 
                         426 --129: }
                         427 
                         428 --135: /***********************************************************
                         429 --136:   Section: Semaphore functions
                         430 --137: */
                         431 --141: /***********************************************************
                         432 --142:   Function: R_DRW2D_OS_Semaphore_Create
                         433 --143: */
                         434 --144: r_drw2d_OS_Error_t R_DRW2D_OS_Semaphore_Create(r_drw2d_OS_Semaphore_t *Sem, 
                         435 	.align	2
                         436 	.align	2
                         437 	.global	_R_DRW2D_OS_Semaphore_Create
                         438 _R_DRW2D_OS_Semaphore_Create:
00000030 0608            439 	mov	r6,r1
00000032 0770            440 	mov	r7,r14
                         441 --	    .bf
                         442 .LDW43:
                         443 --145:                                                uint32_t                InitialValue
                         444 --146:                                                )
                         445 --147: {
                         446 --148:     return R_DRW2D_OS_ERR_OK;
00000034 0052            447 	mov	0,r10
                         448 --	    .ef
                         449 .LDW53:
00000036 7f00            450 	jmp	[lp]
                         451 	.type	_R_DRW2D_OS_Semaphore_Create,@function
                         452 	.size	_R_DRW2D_OS_Semaphore_Create,.-_R_DRW2D_OS_Semaphore_Create
                         453 	.align	2
                         454 .LDW63:
                         455 
                         456 --_Sem	r1	param
                         457 --_InitialValue	r14	param
                         458 
                         459 	.section ".bss","awb"
                         460 .L280:
                         461 	.type	.L280,@object
                         462 	.size	.L280,0
                         463 	.data
                         464 	.text
                         465 
                         466 --149: }
                         467 
                         468 --153: /***********************************************************
                         469 --154:   Function: R_DRW2D_OS_Semaphore_Destroy
                         470 --155: */
                         471 --156: r_drw2d_OS_Error_t R_DRW2D_OS_Semaphore_Destroy(r_drw2d_OS_Semaphore_t *Sem)
                         472 	.align	2
                         473 	.align	2
                         474 	.global	_R_DRW2D_OS_Semaphore_Destroy
                         475 _R_DRW2D_OS_Semaphore_Destroy:
00000038 0608            476 	mov	r6,r1
                         477 --	    .bf

                                                                      Page 9
                                                              C:\Users\YINGAO~1\AppData\Local\Temp\gh_000084k1.si
                         478 .LDW73:
                         479 --157: {
                         480 --158:     return R_DRW2D_OS_ERR_OK;
0000003a 0052            481 	mov	0,r10
                         482 --	    .ef
                         483 .LDW83:
0000003c 7f00            484 	jmp	[lp]
                         485 	.type	_R_DRW2D_OS_Semaphore_Destroy,@function
                         486 	.size	_R_DRW2D_OS_Semaphore_Destroy,.-_R_DRW2D_OS_Semaphore_Destroy
                         487 	.align	2
                         488 .LDW93:
                         489 
                         490 --_Sem	r1	param
                         491 
                         492 	.section ".bss","awb"
                         493 .L312:
                         494 	.type	.L312,@object
                         495 	.size	.L312,0
                         496 	.data
                         497 	.text
                         498 
                         499 --159: }
                         500 
                         501 --163: /***********************************************************
                         502 --164:   Function: R_DRW2D_OS_Semaphore_Wait
                         503 --165: */
                         504 --166: r_drw2d_OS_Error_t R_DRW2D_OS_Semaphore_Wait(r_drw2d_OS_Semaphore_t *Sem)
                         505 	.align	2
                         506 	.align	2
                         507 	.global	_R_DRW2D_OS_Semaphore_Wait
                         508 _R_DRW2D_OS_Semaphore_Wait:
0000003e 0608            509 	mov	r6,r1
                         510 --	    .bf
                         511 .LDW04:
                         512 --167: {
                         513 --168:     return R_DRW2D_OS_ERR_OK;
00000040 0052            514 	mov	0,r10
                         515 --	    .ef
                         516 .LDW14:
00000042 7f00            517 	jmp	[lp]
                         518 	.type	_R_DRW2D_OS_Semaphore_Wait,@function
                         519 	.size	_R_DRW2D_OS_Semaphore_Wait,.-_R_DRW2D_OS_Semaphore_Wait
                         520 	.align	2
                         521 .LDW24:
                         522 
                         523 --_Sem	r1	param
                         524 
                         525 	.section ".bss","awb"
                         526 .L344:
                         527 	.type	.L344,@object
                         528 	.size	.L344,0
                         529 	.data
                         530 	.text
                         531 
                         532 --169: }
                         533 
                         534 --173: /***********************************************************
                         535 --174:   Function: R_DRW2D_OS_Semaphore_Post
                         536 --175: */
                         537 --176: r_drw2d_OS_Error_t R_DRW2D_OS_Semaphore_Post(r_drw2d_OS_Semaphore_t *Sem)
                         538 	.align	2

                                                                      Page 10
                                                              C:\Users\YINGAO~1\AppData\Local\Temp\gh_000084k1.si
                         539 	.align	2
                         540 	.global	_R_DRW2D_OS_Semaphore_Post
                         541 _R_DRW2D_OS_Semaphore_Post:
00000044 0608            542 	mov	r6,r1
                         543 --	    .bf
                         544 .LDW34:
                         545 --177: {
                         546 --178:     return R_DRW2D_OS_ERR_OK;
00000046 0052            547 	mov	0,r10
                         548 --	    .ef
                         549 .LDW44:
00000048 7f00            550 	jmp	[lp]
                         551 	.type	_R_DRW2D_OS_Semaphore_Post,@function
                         552 	.size	_R_DRW2D_OS_Semaphore_Post,.-_R_DRW2D_OS_Semaphore_Post
                         553 	.align	2
                         554 .LDW54:
                         555 
                         556 --_Sem	r1	param
                         557 
                         558 	.section ".bss","awb"
                         559 .L376:
                         560 	.type	.L376,@object
                         561 	.size	.L376,0
                         562 	.data
                         563 	.text
                         564 
                         565 --179: }
                         566 
                         567 --185: /***********************************************************
                         568 --186:   Section: Memory utility functions
                         569 --187: */
                         570 --191: /***********************************************************
                         571 --192:   Function: R_DRW2D_OS_Mem_Alloc
                         572 --193: */
                         573 --194: void *R_DRW2D_OS_Mem_Alloc(uint32_t NumBytes, uint32_t Alignment, r_drw2d_OS_Mem_t Type)
                         574 	.align	2
                         575 	.align	2
                         576 	.global	_R_DRW2D_OS_Mem_Alloc
                         577 _R_DRW2D_OS_Mem_Alloc:
0000004a 0608            578 	mov	r6,r1
0000004c 0770            579 	mov	r7,r14
0000004e 0868            580 	mov	r8,r13
                         581 --	    .bf
                         582 .LDW64:
                         583 --195: {
                         584 --196:     return 0;
00000050 0052            585 	mov	0,r10
                         586 --	    .ef
                         587 .LDW74:
00000052 7f00            588 	jmp	[lp]
                         589 	.type	_R_DRW2D_OS_Mem_Alloc,@function
                         590 	.size	_R_DRW2D_OS_Mem_Alloc,.-_R_DRW2D_OS_Mem_Alloc
                         591 	.align	2
                         592 .LDW84:
                         593 
                         594 --_NumBytes	r1	param
                         595 --_Alignment	r14	param
                         596 --_Type	r13	param
                         597 
                         598 	.section ".bss","awb"
                         599 .L408:

                                                                      Page 11
                                                              C:\Users\YINGAO~1\AppData\Local\Temp\gh_000084k1.si
                         600 	.type	.L408,@object
                         601 	.size	.L408,0
                         602 	.data
                         603 	.text
                         604 
                         605 --197: }
                         606 
                         607 --201: /***********************************************************
                         608 --202:   Function: R_DRW2D_OS_Mem_Free
                         609 --203: */
                         610 --204: void R_DRW2D_OS_Mem_Free(void *Addr)
                         611 	.align	2
                         612 	.align	2
                         613 	.global	_R_DRW2D_OS_Mem_Free
                         614 _R_DRW2D_OS_Mem_Free:
00000054 0608            615 	mov	r6,r1
                         616 --	    .bf
                         617 .LDW94:
                         618 --205: {
                         619 --206: }
00000056 0000            620 	nop
                         621 --	    .ef
                         622 .LDW05:
00000058 7f00            623 	jmp	[lp]
                         624 	.type	_R_DRW2D_OS_Mem_Free,@function
                         625 	.size	_R_DRW2D_OS_Mem_Free,.-_R_DRW2D_OS_Mem_Free
                         626 	.align	2
                         627 .LDW15:
                         628 
                         629 --_Addr	r1	param
                         630 
                         631 	.section ".bss","awb"
                         632 .L440:
                         633 	.type	.L440,@object
                         634 	.size	.L440,0
                         635 	.data
                         636 	.text
                         637 
                         638 
                         639 --210: /***********************************************************
                         640 --211:   Function: R_DRW2D_OS_Mem_Clear
                         641 --212: */
                         642 --213: void R_DRW2D_OS_Mem_Clear(void *Addr, uint32_t NumBytes)
                         643 	.align	2
                         644 	.align	2
                         645 	.global	_R_DRW2D_OS_Mem_Clear
                         646 _R_DRW2D_OS_Mem_Clear:
0000005a 0608            647 	mov	r6,r1
0000005c 0770            648 	mov	r7,r14
                         649 --	    .bf
                         650 .LDW25:
                         651 --214: {
                         652 --215: }
0000005e 0000            653 	nop
                         654 --	    .ef
                         655 .LDW35:
00000060 7f00            656 	jmp	[lp]
                         657 	.type	_R_DRW2D_OS_Mem_Clear,@function
                         658 	.size	_R_DRW2D_OS_Mem_Clear,.-_R_DRW2D_OS_Mem_Clear
                         659 	.align	2
                         660 .LDW45:

                                                                      Page 12
                                                              C:\Users\YINGAO~1\AppData\Local\Temp\gh_000084k1.si
                         661 
                         662 --_Addr	r1	param
                         663 --_NumBytes	r14	param
                         664 
                         665 	.section ".bss","awb"
                         666 .L472:
                         667 	.type	.L472,@object
                         668 	.size	.L472,0
                         669 	.data
                         670 	.text
                         671 
                         672 	.align	2
                         673 
                         674 	.data
                         675 	.ghsnote version,14
                         676 	.ghsnote tools,3
                         677 	.ghsnote options,144
                         678 	.text
                         679 	.align	2
                         680 ..eof.D.3A.5CRenesas_Electronics.5CD1x_RGL.5Crgl_ghs_D1Lx_obj_V1.2E2.2E0.5Cvlib.5Capp.5Cgfx_apps.5Csimple_draw_d1l2.5Ctarget.5Cd1lx_mango_ghs.5Cobj.5Cr_drw2d_os_no_os...44.3A.5CRenesas_Electronics.5CD1x_RGL.5Crgl_ghs_D1Lx_obj_V1.2E2.2E0.5Cvlib.5Capp.5Cgfx_apps.5Csimple_draw_d1l2.5Ctarget.5Cd1lx_mango_ghs..5A740389..0::
                         681 .rh850_flags REGMODE22,DATA_ALIGN8,GP_FIX,EP_NONFIX,TP_FIX,REG2_RESERVE,G3M
