                                                                      Page 1
                                                              C:\Users\YINGAO~1\AppData\Local\Temp\gh_00008js1.si
Command Line: C:\ghs\comp_201355\ease850.exe -w -elf -b0 -ID:\Renesas_Electronics\D1x_RGL\rgl_ghs_D1Lx_obj_V1.2.0\vlib\macro\flashc\sfma\lib -I../../../../../Device -I../../../../../Driver/ADCE -I../../../../../Driver/CLOCK -I../../../../../Driver/DIO -I../../../../../Driver/DSPI -I../../../../../Driver/Interrupt -I../../../../../Driver/ISM -I../../../../../Driver/OSTM -I../../../../../Driver/PWM -I../../../../../Driver/RSTC -I../../../../../Driver/RTCA -I../../../../../Driver/STBC -I../../../../../Driver/TAUB -I../../../../../Driver/WDT -I../../../../../middleware\ADM -I../../../../../middleware\BPM -I../../../../../middleware\EED -I../../../../../middleware\IOM -I../../../../../middleware\LRM -I../../../../../middleware\MOM -I../../../../../middleware\PWMM -I../../../../../Common -I../../../../../Applayer\DSM -I../../../../../Applayer\FM -I../../../../../Applayer\TPM -I../../../../../Applayer\ACC -I../../../../../Applayer\ASS -I../../../../../Applayer\BAT -I../../../../../Applayer\COM -I../../../../../Applayer\COM\vtp -I../../../../../Applayer\COM\vtp\lib -I../../../../../Applayer\CRUS -I../../../../../Applayer\DIAG -I../../../../../Applayer\FC -I../../../../../Applayer\FL -I../../../../../Applayer\HSD -I../../../../../Applayer\IDLE -I../../../../../Applayer\ILLU -I../../../../../Applayer\LED -I../../../../../Applayer\MSG -I../../../../../Applayer\NVM -I../../../../../Applayer\ODO -I../../../../../Applayer\PWR -I../../../../../Applayer\RANG -I../../../../../Applayer\RST -I../../../../../Applayer\RTC -I../../../../../Applayer\SCS -I../../../../../Applayer\SSB -I../../../../../Applayer\ST -I../../../../../Applayer\STSMG -I../../../../../Applayer\SYS -I../../../../../Applayer\TIP -I../../../../../Applayer\TRIP -I../../../../../Applayer\CHM -I../../../../../Applayer\DM -I../../../../../Applayer\EVT -I../../../../../Applayer\FTR -I../../../../../Applayer\SLF -I../../../../../Applayer\NWD -I../../../../../Applayer\TPMS -I../../../../../Applayer\WFM -I../../../../../Applayer\NZM -I../../../../../app/gfx_apps/simple_draw_d1l2/src -I../../../../../bsp/board//config -I../../../../../bsp/board//src/gfx -I../../../../../bsp/board//src/hmi -I../../../../../bsp/board//src/stdio -I../../../../../bsp/board/d1lx_mango/config -I../../../../../bsp/board/d1lx_mango/src -I../../../../../bsp/board/d1lx_mango/src/gfx -I../../../../../bsp/board/d1lx_mango/src/hmi -I../../../../../bsp/board/d1lx_mango/src/stdio -I../../../../../bsp/gfx/lib -I../../../../../bsp/gfx/src -I../../../../../bsp/hmi/lib -I../../../../../bsp/hmi/src -I../../../../../bsp/lib -I../../../../../bsp/stdio/lib -I../../../../../bsp/stdio/src -I../../../../../cdi/lib -I../../../../../cdi/src -I../../../../../compiler/rh850_ghs/inc -I../../../../../device/d1lx/lib -I../../../../../device/d1lx/macro_cfg -I../../../../../device/d1lx/src/dev -I../../../../../device/d1lx/src/rh850_ghs -I../../../../../device/d1x_common/macro_cfg -I../../../../../device/d1x_common/src/csisw -I../../../../../device/d1x_common/src/ddb -I../../../../../device/d1x_common/src/dev -I../../../../../device/d1x_common/src/gfxbus -I../../../../../device/d1x_common/src/gpio -I../../../../../device/d1x_common/src/ostm -I../../../../../device/d1x_common/src/pbg -I../../../../../device/d1x_common/src/riic -I../../../../../device/d1x_common/src/sfma -I../../../../../device/d1x_common/src/spea -I../../../../../device/d1x_common/src/tauj -I../../../../../device/d1x_common/src/tick -I../../../../../device/d1x_common/src/vdce -I../../../../../device/d1x_common/src/wm -I../../../../../device/d1x_common/src/xbus -I../../../../../device/lib -I../../../../../macro/bus/pbg/lib -I../../../../../macro/bus/pbg/src -I../../../../../macro/csi/csisw/lib -I../../../../../macro/csi/csisw/src -I../../../../../macro/drw2d/lib -I../../../../../macro/drw2d/platform/cpu -I../../../../../macro/drw2d/platform/os/no_os -I../../../../../macro/drw2d/src -I../../../../../macro/flashc/sfcdb/lib -I../../../../../macro/flashc/sfcdb/src -I../../../../../macro/flashc/sfma/lib -I../../../../../macro/flashc/sfma/src -I../../../../../macro/gfxbus/lib -I../../../../../macro/gfxbus/src -I../../../../../macro/gfxbus/xbus/lib -I../../../../../macro/gfxbus/xbus/src -I../../../../../macro/gpio/lib -I../../../../../macro/gpio/src -I../../../../../macro/i2c/riic/lib -I../../../../../macro/i2c/riic/src -I../../../../../macro/tick/lib -I../../../../../macro/tick/src -I../../../../../macro/timer/ostm/lib -I../../../../../macro/timer/ostm/src -I../../../../../macro/timer/tauj/lib -I../../../../../macro/timer/tauj/src -I../../../../../macro/vdce/lib -I../../../../../macro/vdce/src -I../../../../../macro/vo/ddb/lib -I../../../../../macro/vo/ddb/src -I../../../../../macro/vo/spea/lib -I../../../../../macro/vo/spea/src -I../../../../../macro/wm/lib -I../../../../../macro/wm/src -I../../../../../app/gfx_apps/simple_draw_d1l2/src/QD_HMI -I../../../../../app/gfx_apps/simple_draw_d1l2/src/QD_HMI/HMI_Data -IC:\ghs\comp_201355\lib\rh850_22 -cg_underscore -cpu=rh850g3m -no_v850_simd -nomacro -patch_dbo=D:\Renesas_Electronics\D1x_RGL\rgl_ghs_D1Lx_obj_V1.2.0\vlib\app\gfx_apps\simple_draw_d1l2\target\d1lx_mango_ghs\obj\r_sfcdb_macronix.dbo -source=r_sfcdb_macronix.c -o .\obj\gh_00008js1.o -list=.\obj\r_sfcdb_macronix.lst C:\Users\YINGAO~1\AppData\Local\Temp\gh_00008js1.si 
Original File: C:\Users\YINGAO~1\AppData\Local\Temp\gh_00008js1.si
Source File: r_sfcdb_macronix.c
Directory: D:\Renesas_Electronics\D1x_RGL\rgl_ghs_D1Lx_obj_V1.2.0\vlib\app\gfx_apps\simple_draw_d1l2\target\d1lx_mango_ghs
Host OS: Windows 7 Service Pack 1
EASE: Copyright (C) 1983-2013 Green Hills Software.  All Rights Reversed.
Release: Compiler v2013.5.5
Build Directory: [Directory] BTOWINBOX:c:/build_2013_5_bto/2013-10-04.1311-2013_5_bto/win32-comp-ecom
Revision: [VCInfo] http://toolsvc/branches/release-branch-2013-5-bto/src@496240 (built by build)
Revision Date: Sat Oct 05 04:54:43 2013

Release Date: Sat Oct 05 05:20:49 2013

                           1 --Driver Command: ccv850 -c -MD
                           2 --		-ID:\Renesas_Electronics\D1x_RGL\rgl_ghs_D1Lx_obj_V1.2.0\vlib\macro\flashc\sfma\lib
                           3 --		-I../../../../../Device -I../../../../../Driver/ADCE
                           4 --		-I../../../../../Driver/CLOCK -I../../../../../Driver/DIO
                           5 --		-I../../../../../Driver/DSPI -I../../../../../Driver/Interrupt
                           6 --		-I../../../../../Driver/ISM -I../../../../../Driver/OSTM
                           7 --		-I../../../../../Driver/PWM -I../../../../../Driver/RSTC
                           8 --		-I../../../../../Driver/RTCA -I../../../../../Driver/STBC
                           9 --		-I../../../../../Driver/TAUB -I../../../../../Driver/WDT
                          10 --		-I../../../../../middleware\ADM -I../../../../../middleware\BPM
                          11 --		-I../../../../../middleware\EED -I../../../../../middleware\IOM
                          12 --		-I../../../../../middleware\LRM -I../../../../../middleware\MOM
                          13 --		-I../../../../../middleware\PWMM -I../../../../../Common
                          14 --		-I../../../../../Applayer\DSM -I../../../../../Applayer\FM
                          15 --		-I../../../../../Applayer\TPM -I../../../../../Applayer\ACC
                          16 --		-I../../../../../Applayer\ASS -I../../../../../Applayer\BAT
                          17 --		-I../../../../../Applayer\COM -I../../../../../Applayer\COM\vtp
                          18 --		-I../../../../../Applayer\COM\vtp\lib
                          19 --		-I../../../../../Applayer\CRUS -I../../../../../Applayer\DIAG
                          20 --		-I../../../../../Applayer\FC -I../../../../../Applayer\FL
                          21 --		-I../../../../../Applayer\HSD -I../../../../../Applayer\IDLE
                          22 --		-I../../../../../Applayer\ILLU -I../../../../../Applayer\LED
                          23 --		-I../../../../../Applayer\MSG -I../../../../../Applayer\NVM
                          24 --		-I../../../../../Applayer\ODO -I../../../../../Applayer\PWR
                          25 --		-I../../../../../Applayer\RANG -I../../../../../Applayer\RST
                          26 --		-I../../../../../Applayer\RTC -I../../../../../Applayer\SCS
                          27 --		-I../../../../../Applayer\SSB -I../../../../../Applayer\ST
                          28 --		-I../../../../../Applayer\STSMG -I../../../../../Applayer\SYS
                          29 --		-I../../../../../Applayer\TIP -I../../../../../Applayer\TRIP
                          30 --		-I../../../../../Applayer\CHM -I../../../../../Applayer\DM
                          31 --		-I../../../../../Applayer\EVT -I../../../../../Applayer\FTR
                          32 --		-I../../../../../Applayer\SLF -I../../../../../Applayer\NWD
                          33 --		-I../../../../../Applayer\TPMS -I../../../../../Applayer\WFM
                          34 --		-I../../../../../Applayer\NZM
                          35 --		-I../../../../../app/gfx_apps/simple_draw_d1l2/src
                          36 --		-I../../../../../bsp/board//config
                          37 --		-I../../../../../bsp/board//src/gfx
                          38 --		-I../../../../../bsp/board//src/hmi
                          39 --		-I../../../../../bsp/board//src/stdio
                          40 --		-I../../../../../bsp/board/d1lx_mango/config
                          41 --		-I../../../../../bsp/board/d1lx_mango/src
                          42 --		-I../../../../../bsp/board/d1lx_mango/src/gfx
                          43 --		-I../../../../../bsp/board/d1lx_mango/src/hmi
                          44 --		-I../../../../../bsp/board/d1lx_mango/src/stdio
                          45 --		-I../../../../../bsp/gfx/lib -I../../../../../bsp/gfx/src
                          46 --		-I../../../../../bsp/hmi/lib -I../../../../../bsp/hmi/src
                          47 --		-I../../../../../bsp/lib -I../../../../../bsp/stdio/lib
                          48 --		-I../../../../../bsp/stdio/src -I../../../../../cdi/lib
                          49 --		-I../../../../../cdi/src -I../../../../../compiler/rh850_ghs/inc
                          50 --		-I../../../../../device/d1lx/lib

                                                                      Page 2
                                                              C:\Users\YINGAO~1\AppData\Local\Temp\gh_00008js1.si
                          51 --		-I../../../../../device/d1lx/macro_cfg
                          52 --		-I../../../../../device/d1lx/src/dev
                          53 --		-I../../../../../device/d1lx/src/rh850_ghs
                          54 --		-I../../../../../device/d1x_common/macro_cfg
                          55 --		-I../../../../../device/d1x_common/src/csisw
                          56 --		-I../../../../../device/d1x_common/src/ddb
                          57 --		-I../../../../../device/d1x_common/src/dev
                          58 --		-I../../../../../device/d1x_common/src/gfxbus
                          59 --		-I../../../../../device/d1x_common/src/gpio
                          60 --		-I../../../../../device/d1x_common/src/ostm
                          61 --		-I../../../../../device/d1x_common/src/pbg
                          62 --		-I../../../../../device/d1x_common/src/riic
                          63 --		-I../../../../../device/d1x_common/src/sfma
                          64 --		-I../../../../../device/d1x_common/src/spea
                          65 --		-I../../../../../device/d1x_common/src/tauj
                          66 --		-I../../../../../device/d1x_common/src/tick
                          67 --		-I../../../../../device/d1x_common/src/vdce
                          68 --		-I../../../../../device/d1x_common/src/wm
                          69 --		-I../../../../../device/d1x_common/src/xbus
                          70 --		-I../../../../../device/lib -I../../../../../macro/bus/pbg/lib
                          71 --		-I../../../../../macro/bus/pbg/src
                          72 --		-I../../../../../macro/csi/csisw/lib
                          73 --		-I../../../../../macro/csi/csisw/src
                          74 --		-I../../../../../macro/drw2d/lib
                          75 --		-I../../../../../macro/drw2d/platform/cpu
                          76 --		-I../../../../../macro/drw2d/platform/os/no_os
                          77 --		-I../../../../../macro/drw2d/src
                          78 --		-I../../../../../macro/flashc/sfcdb/lib
                          79 --		-I../../../../../macro/flashc/sfcdb/src
                          80 --		-I../../../../../macro/flashc/sfma/lib
                          81 --		-I../../../../../macro/flashc/sfma/src
                          82 --		-I../../../../../macro/gfxbus/lib
                          83 --		-I../../../../../macro/gfxbus/src
                          84 --		-I../../../../../macro/gfxbus/xbus/lib
                          85 --		-I../../../../../macro/gfxbus/xbus/src
                          86 --		-I../../../../../macro/gpio/lib -I../../../../../macro/gpio/src
                          87 --		-I../../../../../macro/i2c/riic/lib
                          88 --		-I../../../../../macro/i2c/riic/src
                          89 --		-I../../../../../macro/tick/lib -I../../../../../macro/tick/src
                          90 --		-I../../../../../macro/timer/ostm/lib
                          91 --		-I../../../../../macro/timer/ostm/src
                          92 --		-I../../../../../macro/timer/tauj/lib
                          93 --		-I../../../../../macro/timer/tauj/src
                          94 --		-I../../../../../macro/vdce/lib -I../../../../../macro/vdce/src
                          95 --		-I../../../../../macro/vo/ddb/lib
                          96 --		-I../../../../../macro/vo/ddb/src
                          97 --		-I../../../../../macro/vo/spea/lib
                          98 --		-I../../../../../macro/vo/spea/src -I../../../../../macro/wm/lib
                          99 --		-I../../../../../macro/wm/src
                         100 --		-I../../../../../app/gfx_apps/simple_draw_d1l2/src/QD_HMI
                         101 --		-I../../../../../app/gfx_apps/simple_draw_d1l2/src/QD_HMI/HMI_Data
                         102 --		-G --no_commons --no_implicit_include --prototype_errors
                         103 --		-DR_DRW2D_OS_NO_OS -DR_DRW2D_SYS_CPU -DUSED_CPU=RH850G3M
                         104 --		-DUSE_BSP_GFX -DUSE_BSP_HMI -DUSE_BSP_STDIO -DUSE_CDI -DUSE_CSISW
                         105 --		-DUSE_DDB -DUSE_DRW2D -DUSE_GFXBUS -DUSE_GPIO -DUSE_OSTM
                         106 --		-DUSE_PBG -DUSE_RIIC -DUSE_SFCDB -DUSE_SFMA -DUSE_SPEA -DUSE_TAUJ
                         107 --		-DUSE_TICK -DUSE_VDCE -DUSE_WM -DUSE_XBUS -MD -Mn -Mx -Zuse1bit
                         108 --		-allocate_ep -cpu=rh850g3m -entry=_RESET -large_sda -list
                         109 --		-no_callt -notda -passsource -preprocess_assembly_files
                         110 --		-registermode=22 -reserve_r2 --diag_warning 1 -object_dir=./obj
                         111 --		-filetype.c

                                                                      Page 3
                                                              C:\Users\YINGAO~1\AppData\Local\Temp\gh_00008js1.si
                         112 --		..\..\..\..\..\macro\flashc\sfcdb\src\r_sfcdb_macronix.c -o
                         113 --		.\obj\r_sfcdb_macronix.o
                         114 --Source File:   ..\..\..\..\..\macro\flashc\sfcdb\src\r_sfcdb_macronix.c
                         115 --Directory:     
                         116 --		D:\Renesas_Electronics\D1x_RGL\rgl_ghs_D1Lx_obj_V1.2.0\vlib\app\gfx_apps\simple_draw_d1l2\target\d1lx_mango_ghs
                         117 --Compile Date:  Fri Feb 02 14:21:57 2018
                         118 --Host OS:       Win32
                         119 --Version:       C-RH850 2013.5.5 DEVELOPMENT VERSION
                         120 --Release:       Compiler v2013.5.5
                         121 --Revision Date: Sat Oct 05 05:01:20 2013
                         122 --Release Date:  Sat Oct 05 05:22:44 2013
                         123 -- ecom  -g -w
                         124 
                         125 	.section ".rodata","a"
                         126 	.align	4
                         127 	.global	_r_sfc_Macronix_32bitAddrCmd_40MHz
00000000 00000000        128 _r_sfc_Macronix_32bitAddrCmd_40MHz:	.space	4
00000004 40              129 	.byte	64
00000005 000000          130 	.space	3
00000008 00000000        131 	.space	4
0000000c 3c              132 	.byte	60
0000000d 000000          133 	.space	3
00000010 00000000        134 	.space	4
00000014 01              135 	.byte	1
00000015 000000          136 	.space	3
00000018 01000000        137 	.byte	1,0,0,0
0000001c c040            138 	.byte	192,64
0000001e 0000            139 	.space	2
00000020 05000000        140 	.byte	5,0,0,0
00000024 05000000        141 	.byte	5,0,0,0
00000028 03000000        142 	.byte	3,0,0,0
0000002c 05000000        143 	.byte	5,0,0,0
00000030 05000000        144 	.byte	5,0,0,0
00000034 03000000        145 	.byte	3,0,0,0
00000038 00000000        146 	.space	4
0000003c 0c3c6cbc        147 	.byte	12,60,108,188
00000040 ec0effff        148 	.byte	236,14,255,255
00000044 beee12ff        149 	.byte	190,238,18,255
00000048 3effffff        150 	.byte	62,255,255,255
0000004c 06210515        151 	.byte	6,33,5,21
00000050 01ff6699        152 	.byte	1,255,102,153
00000054 6699            153 	.byte	102,153
00000056 0000            154 	.space	2
                         155 	.type	_r_sfc_Macronix_32bitAddrCmd_40MHz,@object
                         156 	.size	_r_sfc_Macronix_32bitAddrCmd_40MHz,88
                         157 	.global	_r_sfc_Macronix_32bitAddrCmd_80MHz
00000058 00000000        158 _r_sfc_Macronix_32bitAddrCmd_80MHz:	.space	4
0000005c 40              159 	.byte	64
0000005d 000000          160 	.space	3
00000060 00000000        161 	.space	4
00000064 3c              162 	.byte	60
00000065 000000          163 	.space	3
00000068 00000000        164 	.space	4
0000006c 01              165 	.byte	1
0000006d 000000          166 	.space	3
00000070 01000000        167 	.byte	1,0,0,0
00000074 c080            168 	.byte	192,128
00000076 0000            169 	.space	2
00000078 07000000        170 	.byte	7,0,0,0
0000007c 07000000        171 	.byte	7,0,0,0
00000080 07000000        172 	.byte	7,0,0,0

                                                                      Page 4
                                                              C:\Users\YINGAO~1\AppData\Local\Temp\gh_00008js1.si
00000084 07000000        173 	.byte	7,0,0,0
00000088 07000000        174 	.byte	7,0,0,0
0000008c 07000000        175 	.byte	7,0,0,0
00000090 00000000        176 	.space	4
00000094 0c3c6cbc        177 	.byte	12,60,108,188
00000098 ec0effff        178 	.byte	236,14,255,255
0000009c beee12ff        179 	.byte	190,238,18,255
000000a0 3effffff        180 	.byte	62,255,255,255
000000a4 06210515        181 	.byte	6,33,5,21
000000a8 01ff6699        182 	.byte	1,255,102,153
000000ac 6699            183 	.byte	102,153
000000ae 0000            184 	.space	2
                         185 	.type	_r_sfc_Macronix_32bitAddrCmd_80MHz,@object
                         186 	.size	_r_sfc_Macronix_32bitAddrCmd_80MHz,88
                         187 	.global	_r_sfc_Macronix_24bitAddrCmd_40MHz
000000b0 00000000        188 _r_sfc_Macronix_24bitAddrCmd_40MHz:	.space	4
000000b4 40              189 	.byte	64
000000b5 000000          190 	.space	3
000000b8 00000000        191 	.space	4
000000bc 3c              192 	.byte	60
000000bd 000000          193 	.space	3
000000c0 00000000        194 	.space	4
000000c4 01              195 	.byte	1
000000c5 000000          196 	.space	3
000000c8 01000000        197 	.byte	1,0,0,0
000000cc c040            198 	.byte	192,64
000000ce 0000            199 	.space	2
000000d0 05000000        200 	.byte	5,0,0,0
000000d4 05000000        201 	.byte	5,0,0,0
000000d8 03000000        202 	.byte	3,0,0,0
000000dc 05000000        203 	.byte	5,0,0,0
000000e0 05000000        204 	.byte	5,0,0,0
000000e4 03000000        205 	.byte	3,0,0,0
000000e8 00000000        206 	.space	4
000000ec 0b3b6bbb        207 	.byte	11,59,107,187
000000f0 eb0dffff        208 	.byte	235,13,255,255
000000f4 bded02ff        209 	.byte	189,237,2,255
000000f8 38ffffff        210 	.byte	56,255,255,255
000000fc 06200515        211 	.byte	6,32,5,21
00000100 01ff6699        212 	.byte	1,255,102,153
00000104 6699            213 	.byte	102,153
00000106 0000            214 	.space	2
                         215 	.type	_r_sfc_Macronix_24bitAddrCmd_40MHz,@object
                         216 	.size	_r_sfc_Macronix_24bitAddrCmd_40MHz,88
                         217 	.global	_r_sfc_Macronix_24bitAddrCmd_80MHz
00000108 00000000        218 _r_sfc_Macronix_24bitAddrCmd_80MHz:	.space	4
0000010c 40              219 	.byte	64
0000010d 000000          220 	.space	3
00000110 00000000        221 	.space	4
00000114 3c              222 	.byte	60
00000115 000000          223 	.space	3
00000118 00000000        224 	.space	4
0000011c 01              225 	.byte	1
0000011d 000000          226 	.space	3
00000120 01000000        227 	.byte	1,0,0,0
00000124 c080            228 	.byte	192,128
00000126 0000            229 	.space	2
00000128 07000000        230 	.byte	7,0,0,0
0000012c 07000000        231 	.byte	7,0,0,0
00000130 07000000        232 	.byte	7,0,0,0
00000134 07000000        233 	.byte	7,0,0,0

                                                                      Page 5
                                                              C:\Users\YINGAO~1\AppData\Local\Temp\gh_00008js1.si
00000138 07000000        234 	.byte	7,0,0,0
0000013c 07000000        235 	.byte	7,0,0,0
00000140 00000000        236 	.space	4
00000144 0b3b6bbb        237 	.byte	11,59,107,187
00000148 eb0dffff        238 	.byte	235,13,255,255
0000014c bded02ff        239 	.byte	189,237,2,255
00000150 38ffffff        240 	.byte	56,255,255,255
00000154 06200515        241 	.byte	6,32,5,21
00000158 01ff6699        242 	.byte	1,255,102,153
0000015c 6699            243 	.byte	102,153
0000015e 0000            244 	.space	2
                         245 	.type	_r_sfc_Macronix_24bitAddrCmd_80MHz,@object
                         246 	.size	_r_sfc_Macronix_24bitAddrCmd_80MHz,88
                         247 	.global	_r_sfc_Macronix_32bitAddrQuadCmd_40MHz
00000160 00000000        248 _r_sfc_Macronix_32bitAddrQuadCmd_40MHz:	.space	4
00000164 40              249 	.byte	64
00000165 000000          250 	.space	3
00000168 00000000        251 	.space	4
0000016c 3c              252 	.byte	60
0000016d 000000          253 	.space	3
00000170 00000000        254 	.space	4
00000174 01              255 	.byte	1
00000175 000000          256 	.space	3
00000178 01000000        257 	.byte	1,0,0,0
0000017c c040            258 	.byte	192,64
0000017e 0000            259 	.space	2
00000180 05000000        260 	.byte	5,0,0,0
00000184 05000000        261 	.byte	5,0,0,0
00000188 03000000        262 	.byte	3,0,0,0
0000018c 05000000        263 	.byte	5,0,0,0
00000190 05000000        264 	.byte	5,0,0,0
00000194 03000000        265 	.byte	3,0,0,0
00000198 02000000        266 	.byte	2,0,0,0
0000019c 0c3c6cbc        267 	.byte	12,60,108,188
000001a0 ec0effff        268 	.byte	236,14,255,255
000001a4 beee12ff        269 	.byte	190,238,18,255
000001a8 3effffff        270 	.byte	62,255,255,255
000001ac 06210515        271 	.byte	6,33,5,21
000001b0 01ff6699        272 	.byte	1,255,102,153
000001b4 6699            273 	.byte	102,153
000001b6 0000            274 	.space	2
                         275 	.type	_r_sfc_Macronix_32bitAddrQuadCmd_40MHz,@object
                         276 	.size	_r_sfc_Macronix_32bitAddrQuadCmd_40MHz,88
                         277 	.global	_r_sfc_Macronix_32bitAddrQuadCmd_80MHz
000001b8 00000000        278 _r_sfc_Macronix_32bitAddrQuadCmd_80MHz:	.space	4
000001bc 40              279 	.byte	64
000001bd 000000          280 	.space	3
000001c0 00000000        281 	.space	4
000001c4 3c              282 	.byte	60
000001c5 000000          283 	.space	3
000001c8 00000000        284 	.space	4
000001cc 01              285 	.byte	1
000001cd 000000          286 	.space	3
000001d0 01000000        287 	.byte	1,0,0,0
000001d4 c080            288 	.byte	192,128
000001d6 0000            289 	.space	2
000001d8 07000000        290 	.byte	7,0,0,0
000001dc 07000000        291 	.byte	7,0,0,0
000001e0 07000000        292 	.byte	7,0,0,0
000001e4 07000000        293 	.byte	7,0,0,0
000001e8 07000000        294 	.byte	7,0,0,0

                                                                      Page 6
                                                              C:\Users\YINGAO~1\AppData\Local\Temp\gh_00008js1.si
000001ec 07000000        295 	.byte	7,0,0,0
000001f0 02000000        296 	.byte	2,0,0,0
000001f4 0c3c6cbc        297 	.byte	12,60,108,188
000001f8 ec0effff        298 	.byte	236,14,255,255
000001fc beee12ff        299 	.byte	190,238,18,255
00000200 3effffff        300 	.byte	62,255,255,255
00000204 06210515        301 	.byte	6,33,5,21
00000208 01ff6699        302 	.byte	1,255,102,153
0000020c 6699            303 	.byte	102,153
0000020e 0000            304 	.space	2
                         305 	.type	_r_sfc_Macronix_32bitAddrQuadCmd_80MHz,@object
                         306 	.size	_r_sfc_Macronix_32bitAddrQuadCmd_80MHz,88
                         307 	.global	_r_sfc_Macronix_24bitAddrQuadCmd_40MHz
00000210 00000000        308 _r_sfc_Macronix_24bitAddrQuadCmd_40MHz:	.space	4
00000214 40              309 	.byte	64
00000215 000000          310 	.space	3
00000218 00000000        311 	.space	4
0000021c 3c              312 	.byte	60
0000021d 000000          313 	.space	3
00000220 00000000        314 	.space	4
00000224 01              315 	.byte	1
00000225 000000          316 	.space	3
00000228 01000000        317 	.byte	1,0,0,0
0000022c c040            318 	.byte	192,64
0000022e 0000            319 	.space	2
00000230 05000000        320 	.byte	5,0,0,0
00000234 05000000        321 	.byte	5,0,0,0
00000238 03000000        322 	.byte	3,0,0,0
0000023c 05000000        323 	.byte	5,0,0,0
00000240 05000000        324 	.byte	5,0,0,0
00000244 03000000        325 	.byte	3,0,0,0
00000248 02000000        326 	.byte	2,0,0,0
0000024c 0b3b6bbb        327 	.byte	11,59,107,187
00000250 eb0dffff        328 	.byte	235,13,255,255
00000254 bded02ff        329 	.byte	189,237,2,255
00000258 38ffffff        330 	.byte	56,255,255,255
0000025c 06200515        331 	.byte	6,32,5,21
00000260 01ff6699        332 	.byte	1,255,102,153
00000264 6699            333 	.byte	102,153
00000266 0000            334 	.space	2
                         335 	.type	_r_sfc_Macronix_24bitAddrQuadCmd_40MHz,@object
                         336 	.size	_r_sfc_Macronix_24bitAddrQuadCmd_40MHz,88
                         337 	.global	_r_sfc_Macronix_24bitAddrQuadCmd_80MHz
00000268 00000000        338 _r_sfc_Macronix_24bitAddrQuadCmd_80MHz:	.space	4
0000026c 40              339 	.byte	64
0000026d 000000          340 	.space	3
00000270 00000000        341 	.space	4
00000274 3c              342 	.byte	60
00000275 000000          343 	.space	3
00000278 00000000        344 	.space	4
0000027c 01              345 	.byte	1
0000027d 000000          346 	.space	3
00000280 01000000        347 	.byte	1,0,0,0
00000284 c080            348 	.byte	192,128
00000286 0000            349 	.space	2
00000288 07000000        350 	.byte	7,0,0,0
0000028c 07000000        351 	.byte	7,0,0,0
00000290 07000000        352 	.byte	7,0,0,0
00000294 07000000        353 	.byte	7,0,0,0
00000298 07000000        354 	.byte	7,0,0,0
0000029c 07000000        355 	.byte	7,0,0,0

                                                                      Page 7
                                                              C:\Users\YINGAO~1\AppData\Local\Temp\gh_00008js1.si
000002a0 02000000        356 	.byte	2,0,0,0
000002a4 0b3b6bbb        357 	.byte	11,59,107,187
000002a8 eb0dffff        358 	.byte	235,13,255,255
000002ac bded02ff        359 	.byte	189,237,2,255
000002b0 38ffffff        360 	.byte	56,255,255,255
000002b4 06200515        361 	.byte	6,32,5,21
000002b8 01ff6699        362 	.byte	1,255,102,153
000002bc 6699            363 	.byte	102,153
000002be 0000            364 	.space	2
                         365 	.type	_r_sfc_Macronix_24bitAddrQuadCmd_80MHz,@object
                         366 	.size	_r_sfc_Macronix_24bitAddrQuadCmd_80MHz,88
                         367 	.global	_r_sfc_Macronix_32bitAddrCmdPerformanceEnhance_40MHz
000002c0 00000000        368 _r_sfc_Macronix_32bitAddrCmdPerformanceEnhance_40MHz:	.space	4
000002c4 40              369 	.byte	64
000002c5 000000          370 	.space	3
000002c8 00000000        371 	.space	4
000002cc 3c              372 	.byte	60
000002cd 000000          373 	.space	3
000002d0 00000000        374 	.space	4
000002d4 01              375 	.byte	1
000002d5 000000          376 	.space	3
000002d8 01000000        377 	.byte	1,0,0,0
000002dc c080            378 	.byte	192,128
000002de 0000            379 	.space	2
000002e0 05000000        380 	.byte	5,0,0,0
000002e4 05000000        381 	.byte	5,0,0,0
000002e8 05000000        382 	.byte	5,0,0,0
000002ec 05000000        383 	.byte	5,0,0,0
000002f0 05000000        384 	.byte	5,0,0,0
000002f4 05000000        385 	.byte	5,0,0,0
000002f8 00000000        386 	.space	4
000002fc 0c3c6cbc        387 	.byte	12,60,108,188
00000300 ec0effff        388 	.byte	236,14,255,255
00000304 beee12ff        389 	.byte	190,238,18,255
00000308 3effffff        390 	.byte	62,255,255,255
0000030c 06210515        391 	.byte	6,33,5,21
00000310 01ff6699        392 	.byte	1,255,102,153
00000314 6699            393 	.byte	102,153
00000316 0000            394 	.space	2
                         395 	.type	_r_sfc_Macronix_32bitAddrCmdPerformanceEnhance_40MHz,@object
                         396 	.size	_r_sfc_Macronix_32bitAddrCmdPerformanceEnhance_40MHz,88
                         397 	.global	_r_sfc_Macronix_32bitAddrCmdPerformanceEnhance_80MHz
00000318 00000000        398 _r_sfc_Macronix_32bitAddrCmdPerformanceEnhance_80MHz:	.space	4
0000031c 40              399 	.byte	64
0000031d 000000          400 	.space	3
00000320 00000000        401 	.space	4
00000324 3c              402 	.byte	60
00000325 000000          403 	.space	3
00000328 00000000        404 	.space	4
0000032c 01              405 	.byte	1
0000032d 000000          406 	.space	3
00000330 01000000        407 	.byte	1,0,0,0
00000334 c080            408 	.byte	192,128
00000336 0000            409 	.space	2
00000338 06000000        410 	.byte	6,0,0,0
0000033c 06000000        411 	.byte	6,0,0,0
00000340 05000000        412 	.byte	5,0,0,0
00000344 06000000        413 	.byte	6,0,0,0
00000348 06000000        414 	.byte	6,0,0,0
0000034c 06000000        415 	.byte	6,0,0,0
00000350 00000000        416 	.space	4

                                                                      Page 8
                                                              C:\Users\YINGAO~1\AppData\Local\Temp\gh_00008js1.si
00000354 0c3c6cbc        417 	.byte	12,60,108,188
00000358 ec0effff        418 	.byte	236,14,255,255
0000035c beee12ff        419 	.byte	190,238,18,255
00000360 3effffff        420 	.byte	62,255,255,255
00000364 06210515        421 	.byte	6,33,5,21
00000368 01ff6699        422 	.byte	1,255,102,153
0000036c 6699            423 	.byte	102,153
0000036e 0000            424 	.space	2
                         425 	.type	_r_sfc_Macronix_32bitAddrCmdPerformanceEnhance_80MHz,@object
                         426 	.size	_r_sfc_Macronix_32bitAddrCmdPerformanceEnhance_80MHz,88
                         427 	.data
                         428 	.ghsnote version,14
                         429 	.ghsnote tools,3
                         430 	.ghsnote options,144
                         431 	.text
                         432 ..bof.D.3A.5CRenesas_Electronics.5CD1x_RGL.5Crgl_ghs_D1Lx_obj_V1.2E2.2E0.5Cvlib.5Capp.5Cgfx_apps.5Csimple_draw_d1l2.5Ctarget.5Cd1lx_mango_ghs.5Cobj.5Cr_sfcdb_macronix...44.3A.5CRenesas_Electronics.5CD1x_RGL.5Crgl_ghs_D1Lx_obj_V1.2E2.2E0.5Cvlib.5Capp.5Cgfx_apps.5Csimple_draw_d1l2.5Ctarget.5Cd1lx_mango_ghs..5A740385..0::
                         433 ..eof.D.3A.5CRenesas_Electronics.5CD1x_RGL.5Crgl_ghs_D1Lx_obj_V1.2E2.2E0.5Cvlib.5Capp.5Cgfx_apps.5Csimple_draw_d1l2.5Ctarget.5Cd1lx_mango_ghs.5Cobj.5Cr_sfcdb_macronix...44.3A.5CRenesas_Electronics.5CD1x_RGL.5Crgl_ghs_D1Lx_obj_V1.2E2.2E0.5Cvlib.5Capp.5Cgfx_apps.5Csimple_draw_d1l2.5Ctarget.5Cd1lx_mango_ghs..5A740385..0::
                         434 .rh850_flags REGMODE22,DATA_ALIGN8,GP_FIX,EP_NONFIX,TP_FIX,REG2_RESERVE,G3M
