                                                                      Page 1
                                                              C:\Users\YINGAO~1\AppData\Local\Temp\gh_00008501.si
Command Line: C:\ghs\comp_201355\ease850.exe -w -elf -b0 -ID:\Renesas_Electronics\D1x_RGL\rgl_ghs_D1Lx_obj_V1.2.0\vlib\macro\flashc\sfma\lib -I../../../../../Device -I../../../../../Driver/ADCE -I../../../../../Driver/CLOCK -I../../../../../Driver/DIO -I../../../../../Driver/DSPI -I../../../../../Driver/Interrupt -I../../../../../Driver/ISM -I../../../../../Driver/OSTM -I../../../../../Driver/PWM -I../../../../../Driver/RSTC -I../../../../../Driver/RTCA -I../../../../../Driver/STBC -I../../../../../Driver/TAUB -I../../../../../Driver/WDT -I../../../../../middleware\ADM -I../../../../../middleware\BPM -I../../../../../middleware\EED -I../../../../../middleware\IOM -I../../../../../middleware\LRM -I../../../../../middleware\MOM -I../../../../../middleware\PWMM -I../../../../../Common -I../../../../../Applayer\DSM -I../../../../../Applayer\FM -I../../../../../Applayer\TPM -I../../../../../Applayer\ACC -I../../../../../Applayer\ASS -I../../../../../Applayer\BAT -I../../../../../Applayer\COM -I../../../../../Applayer\COM\vtp -I../../../../../Applayer\COM\vtp\lib -I../../../../../Applayer\CRUS -I../../../../../Applayer\DIAG -I../../../../../Applayer\FC -I../../../../../Applayer\FL -I../../../../../Applayer\HSD -I../../../../../Applayer\IDLE -I../../../../../Applayer\ILLU -I../../../../../Applayer\LED -I../../../../../Applayer\MSG -I../../../../../Applayer\NVM -I../../../../../Applayer\ODO -I../../../../../Applayer\PWR -I../../../../../Applayer\RANG -I../../../../../Applayer\RST -I../../../../../Applayer\RTC -I../../../../../Applayer\SCS -I../../../../../Applayer\SSB -I../../../../../Applayer\ST -I../../../../../Applayer\STSMG -I../../../../../Applayer\SYS -I../../../../../Applayer\TIP -I../../../../../Applayer\TRIP -I../../../../../Applayer\CHM -I../../../../../Applayer\DM -I../../../../../Applayer\EVT -I../../../../../Applayer\FTR -I../../../../../Applayer\SLF -I../../../../../Applayer\NWD -I../../../../../Applayer\TPMS -I../../../../../Applayer\WFM -I../../../../../Applayer\NZM -I../../../../../app/gfx_apps/simple_draw_d1l2/src -I../../../../../bsp/board//config -I../../../../../bsp/board//src/gfx -I../../../../../bsp/board//src/hmi -I../../../../../bsp/board//src/stdio -I../../../../../bsp/board/d1lx_mango/config -I../../../../../bsp/board/d1lx_mango/src -I../../../../../bsp/board/d1lx_mango/src/gfx -I../../../../../bsp/board/d1lx_mango/src/hmi -I../../../../../bsp/board/d1lx_mango/src/stdio -I../../../../../bsp/gfx/lib -I../../../../../bsp/gfx/src -I../../../../../bsp/hmi/lib -I../../../../../bsp/hmi/src -I../../../../../bsp/lib -I../../../../../bsp/stdio/lib -I../../../../../bsp/stdio/src -I../../../../../cdi/lib -I../../../../../cdi/src -I../../../../../compiler/rh850_ghs/inc -I../../../../../device/d1lx/lib -I../../../../../device/d1lx/macro_cfg -I../../../../../device/d1lx/src/dev -I../../../../../device/d1lx/src/rh850_ghs -I../../../../../device/d1x_common/macro_cfg -I../../../../../device/d1x_common/src/csisw -I../../../../../device/d1x_common/src/ddb -I../../../../../device/d1x_common/src/dev -I../../../../../device/d1x_common/src/gfxbus -I../../../../../device/d1x_common/src/gpio -I../../../../../device/d1x_common/src/ostm -I../../../../../device/d1x_common/src/pbg -I../../../../../device/d1x_common/src/riic -I../../../../../device/d1x_common/src/sfma -I../../../../../device/d1x_common/src/spea -I../../../../../device/d1x_common/src/tauj -I../../../../../device/d1x_common/src/tick -I../../../../../device/d1x_common/src/vdce -I../../../../../device/d1x_common/src/wm -I../../../../../device/d1x_common/src/xbus -I../../../../../device/lib -I../../../../../macro/bus/pbg/lib -I../../../../../macro/bus/pbg/src -I../../../../../macro/csi/csisw/lib -I../../../../../macro/csi/csisw/src -I../../../../../macro/drw2d/lib -I../../../../../macro/drw2d/platform/cpu -I../../../../../macro/drw2d/platform/os/no_os -I../../../../../macro/drw2d/src -I../../../../../macro/flashc/sfcdb/lib -I../../../../../macro/flashc/sfcdb/src -I../../../../../macro/flashc/sfma/lib -I../../../../../macro/flashc/sfma/src -I../../../../../macro/gfxbus/lib -I../../../../../macro/gfxbus/src -I../../../../../macro/gfxbus/xbus/lib -I../../../../../macro/gfxbus/xbus/src -I../../../../../macro/gpio/lib -I../../../../../macro/gpio/src -I../../../../../macro/i2c/riic/lib -I../../../../../macro/i2c/riic/src -I../../../../../macro/tick/lib -I../../../../../macro/tick/src -I../../../../../macro/timer/ostm/lib -I../../../../../macro/timer/ostm/src -I../../../../../macro/timer/tauj/lib -I../../../../../macro/timer/tauj/src -I../../../../../macro/vdce/lib -I../../../../../macro/vdce/src -I../../../../../macro/vo/ddb/lib -I../../../../../macro/vo/ddb/src -I../../../../../macro/vo/spea/lib -I../../../../../macro/vo/spea/src -I../../../../../macro/wm/lib -I../../../../../macro/wm/src -I../../../../../app/gfx_apps/simple_draw_d1l2/src/QD_HMI -I../../../../../app/gfx_apps/simple_draw_d1l2/src/QD_HMI/HMI_Data -IC:\ghs\comp_201355\lib\rh850_22 -cg_underscore -cpu=rh850g3m -no_v850_simd -nomacro -patch_dbo=D:\Renesas_Electronics\D1x_RGL\rgl_ghs_D1Lx_obj_V1.2.0\vlib\app\gfx_apps\simple_draw_d1l2\target\d1lx_mango_ghs\obj\r_sfcdb_spansion.dbo -source=r_sfcdb_spansion.c -o .\obj\gh_00008501.o -list=.\obj\r_sfcdb_spansion.lst C:\Users\YINGAO~1\AppData\Local\Temp\gh_00008501.si 
Original File: C:\Users\YINGAO~1\AppData\Local\Temp\gh_00008501.si
Source File: r_sfcdb_spansion.c
Directory: D:\Renesas_Electronics\D1x_RGL\rgl_ghs_D1Lx_obj_V1.2.0\vlib\app\gfx_apps\simple_draw_d1l2\target\d1lx_mango_ghs
Host OS: Windows 7 Service Pack 1
EASE: Copyright (C) 1983-2013 Green Hills Software.  All Rights Reversed.
Release: Compiler v2013.5.5
Build Directory: [Directory] BTOWINBOX:c:/build_2013_5_bto/2013-10-04.1311-2013_5_bto/win32-comp-ecom
Revision: [VCInfo] http://toolsvc/branches/release-branch-2013-5-bto/src@496240 (built by build)
Revision Date: Sat Oct 05 04:54:43 2013

Release Date: Sat Oct 05 05:20:49 2013

                           1 --Driver Command: ccv850 -c -MD
                           2 --		-ID:\Renesas_Electronics\D1x_RGL\rgl_ghs_D1Lx_obj_V1.2.0\vlib\macro\flashc\sfma\lib
                           3 --		-I../../../../../Device -I../../../../../Driver/ADCE
                           4 --		-I../../../../../Driver/CLOCK -I../../../../../Driver/DIO
                           5 --		-I../../../../../Driver/DSPI -I../../../../../Driver/Interrupt
                           6 --		-I../../../../../Driver/ISM -I../../../../../Driver/OSTM
                           7 --		-I../../../../../Driver/PWM -I../../../../../Driver/RSTC
                           8 --		-I../../../../../Driver/RTCA -I../../../../../Driver/STBC
                           9 --		-I../../../../../Driver/TAUB -I../../../../../Driver/WDT
                          10 --		-I../../../../../middleware\ADM -I../../../../../middleware\BPM
                          11 --		-I../../../../../middleware\EED -I../../../../../middleware\IOM
                          12 --		-I../../../../../middleware\LRM -I../../../../../middleware\MOM
                          13 --		-I../../../../../middleware\PWMM -I../../../../../Common
                          14 --		-I../../../../../Applayer\DSM -I../../../../../Applayer\FM
                          15 --		-I../../../../../Applayer\TPM -I../../../../../Applayer\ACC
                          16 --		-I../../../../../Applayer\ASS -I../../../../../Applayer\BAT
                          17 --		-I../../../../../Applayer\COM -I../../../../../Applayer\COM\vtp
                          18 --		-I../../../../../Applayer\COM\vtp\lib
                          19 --		-I../../../../../Applayer\CRUS -I../../../../../Applayer\DIAG
                          20 --		-I../../../../../Applayer\FC -I../../../../../Applayer\FL
                          21 --		-I../../../../../Applayer\HSD -I../../../../../Applayer\IDLE
                          22 --		-I../../../../../Applayer\ILLU -I../../../../../Applayer\LED
                          23 --		-I../../../../../Applayer\MSG -I../../../../../Applayer\NVM
                          24 --		-I../../../../../Applayer\ODO -I../../../../../Applayer\PWR
                          25 --		-I../../../../../Applayer\RANG -I../../../../../Applayer\RST
                          26 --		-I../../../../../Applayer\RTC -I../../../../../Applayer\SCS
                          27 --		-I../../../../../Applayer\SSB -I../../../../../Applayer\ST
                          28 --		-I../../../../../Applayer\STSMG -I../../../../../Applayer\SYS
                          29 --		-I../../../../../Applayer\TIP -I../../../../../Applayer\TRIP
                          30 --		-I../../../../../Applayer\CHM -I../../../../../Applayer\DM
                          31 --		-I../../../../../Applayer\EVT -I../../../../../Applayer\FTR
                          32 --		-I../../../../../Applayer\SLF -I../../../../../Applayer\NWD
                          33 --		-I../../../../../Applayer\TPMS -I../../../../../Applayer\WFM
                          34 --		-I../../../../../Applayer\NZM
                          35 --		-I../../../../../app/gfx_apps/simple_draw_d1l2/src
                          36 --		-I../../../../../bsp/board//config
                          37 --		-I../../../../../bsp/board//src/gfx
                          38 --		-I../../../../../bsp/board//src/hmi
                          39 --		-I../../../../../bsp/board//src/stdio
                          40 --		-I../../../../../bsp/board/d1lx_mango/config
                          41 --		-I../../../../../bsp/board/d1lx_mango/src
                          42 --		-I../../../../../bsp/board/d1lx_mango/src/gfx
                          43 --		-I../../../../../bsp/board/d1lx_mango/src/hmi
                          44 --		-I../../../../../bsp/board/d1lx_mango/src/stdio
                          45 --		-I../../../../../bsp/gfx/lib -I../../../../../bsp/gfx/src
                          46 --		-I../../../../../bsp/hmi/lib -I../../../../../bsp/hmi/src
                          47 --		-I../../../../../bsp/lib -I../../../../../bsp/stdio/lib
                          48 --		-I../../../../../bsp/stdio/src -I../../../../../cdi/lib
                          49 --		-I../../../../../cdi/src -I../../../../../compiler/rh850_ghs/inc
                          50 --		-I../../../../../device/d1lx/lib

                                                                      Page 2
                                                              C:\Users\YINGAO~1\AppData\Local\Temp\gh_00008501.si
                          51 --		-I../../../../../device/d1lx/macro_cfg
                          52 --		-I../../../../../device/d1lx/src/dev
                          53 --		-I../../../../../device/d1lx/src/rh850_ghs
                          54 --		-I../../../../../device/d1x_common/macro_cfg
                          55 --		-I../../../../../device/d1x_common/src/csisw
                          56 --		-I../../../../../device/d1x_common/src/ddb
                          57 --		-I../../../../../device/d1x_common/src/dev
                          58 --		-I../../../../../device/d1x_common/src/gfxbus
                          59 --		-I../../../../../device/d1x_common/src/gpio
                          60 --		-I../../../../../device/d1x_common/src/ostm
                          61 --		-I../../../../../device/d1x_common/src/pbg
                          62 --		-I../../../../../device/d1x_common/src/riic
                          63 --		-I../../../../../device/d1x_common/src/sfma
                          64 --		-I../../../../../device/d1x_common/src/spea
                          65 --		-I../../../../../device/d1x_common/src/tauj
                          66 --		-I../../../../../device/d1x_common/src/tick
                          67 --		-I../../../../../device/d1x_common/src/vdce
                          68 --		-I../../../../../device/d1x_common/src/wm
                          69 --		-I../../../../../device/d1x_common/src/xbus
                          70 --		-I../../../../../device/lib -I../../../../../macro/bus/pbg/lib
                          71 --		-I../../../../../macro/bus/pbg/src
                          72 --		-I../../../../../macro/csi/csisw/lib
                          73 --		-I../../../../../macro/csi/csisw/src
                          74 --		-I../../../../../macro/drw2d/lib
                          75 --		-I../../../../../macro/drw2d/platform/cpu
                          76 --		-I../../../../../macro/drw2d/platform/os/no_os
                          77 --		-I../../../../../macro/drw2d/src
                          78 --		-I../../../../../macro/flashc/sfcdb/lib
                          79 --		-I../../../../../macro/flashc/sfcdb/src
                          80 --		-I../../../../../macro/flashc/sfma/lib
                          81 --		-I../../../../../macro/flashc/sfma/src
                          82 --		-I../../../../../macro/gfxbus/lib
                          83 --		-I../../../../../macro/gfxbus/src
                          84 --		-I../../../../../macro/gfxbus/xbus/lib
                          85 --		-I../../../../../macro/gfxbus/xbus/src
                          86 --		-I../../../../../macro/gpio/lib -I../../../../../macro/gpio/src
                          87 --		-I../../../../../macro/i2c/riic/lib
                          88 --		-I../../../../../macro/i2c/riic/src
                          89 --		-I../../../../../macro/tick/lib -I../../../../../macro/tick/src
                          90 --		-I../../../../../macro/timer/ostm/lib
                          91 --		-I../../../../../macro/timer/ostm/src
                          92 --		-I../../../../../macro/timer/tauj/lib
                          93 --		-I../../../../../macro/timer/tauj/src
                          94 --		-I../../../../../macro/vdce/lib -I../../../../../macro/vdce/src
                          95 --		-I../../../../../macro/vo/ddb/lib
                          96 --		-I../../../../../macro/vo/ddb/src
                          97 --		-I../../../../../macro/vo/spea/lib
                          98 --		-I../../../../../macro/vo/spea/src -I../../../../../macro/wm/lib
                          99 --		-I../../../../../macro/wm/src
                         100 --		-I../../../../../app/gfx_apps/simple_draw_d1l2/src/QD_HMI
                         101 --		-I../../../../../app/gfx_apps/simple_draw_d1l2/src/QD_HMI/HMI_Data
                         102 --		-G --no_commons --no_implicit_include --prototype_errors
                         103 --		-DR_DRW2D_OS_NO_OS -DR_DRW2D_SYS_CPU -DUSED_CPU=RH850G3M
                         104 --		-DUSE_BSP_GFX -DUSE_BSP_HMI -DUSE_BSP_STDIO -DUSE_CDI -DUSE_CSISW
                         105 --		-DUSE_DDB -DUSE_DRW2D -DUSE_GFXBUS -DUSE_GPIO -DUSE_OSTM
                         106 --		-DUSE_PBG -DUSE_RIIC -DUSE_SFCDB -DUSE_SFMA -DUSE_SPEA -DUSE_TAUJ
                         107 --		-DUSE_TICK -DUSE_VDCE -DUSE_WM -DUSE_XBUS -MD -Mn -Mx -Zuse1bit
                         108 --		-allocate_ep -cpu=rh850g3m -entry=_RESET -large_sda -list
                         109 --		-no_callt -notda -passsource -preprocess_assembly_files
                         110 --		-registermode=22 -reserve_r2 --diag_warning 1 -object_dir=./obj
                         111 --		-filetype.c

                                                                      Page 3
                                                              C:\Users\YINGAO~1\AppData\Local\Temp\gh_00008501.si
                         112 --		..\..\..\..\..\macro\flashc\sfcdb\src\r_sfcdb_spansion.c -o
                         113 --		.\obj\r_sfcdb_spansion.o
                         114 --Source File:   ..\..\..\..\..\macro\flashc\sfcdb\src\r_sfcdb_spansion.c
                         115 --Directory:     
                         116 --		D:\Renesas_Electronics\D1x_RGL\rgl_ghs_D1Lx_obj_V1.2.0\vlib\app\gfx_apps\simple_draw_d1l2\target\d1lx_mango_ghs
                         117 --Compile Date:  Fri Feb 02 14:21:44 2018
                         118 --Host OS:       Win32
                         119 --Version:       C-RH850 2013.5.5 DEVELOPMENT VERSION
                         120 --Release:       Compiler v2013.5.5
                         121 --Revision Date: Sat Oct 05 05:01:20 2013
                         122 --Release Date:  Sat Oct 05 05:22:44 2013
                         123 -- ecom  -g -w
                         124 
                         125 	.section ".rodata","a"
                         126 	.align	4
                         127 	.global	_r_sfc_Spansion_32bitAddrCmd_40MHz
00000000 01000000        128 _r_sfc_Spansion_32bitAddrCmd_40MHz:	.byte	1,0,0,0
00000004 02              129 	.byte	2
00000005 000000          130 	.space	3
00000008 00000000        131 	.space	4
0000000c 1c              132 	.byte	28
0000000d 000000          133 	.space	3
00000010 00000000        134 	.space	4
00000014 01              135 	.byte	1
00000015 000000          136 	.space	3
00000018 01000000        137 	.byte	1,0,0,0
0000001c c0c0            138 	.byte	192,192
0000001e 0000            139 	.space	2
00000020 08000000        140 	.byte	8,0,0,0
00000024 03000000        141 	.byte	3,0,0,0
00000028 00000000        142 	.space	4
0000002c 03000000        143 	.byte	3,0,0,0
00000030 03000000        144 	.byte	3,0,0,0
00000034 02000000        145 	.byte	2,0,0,0
00000038 00000000        146 	.space	4
0000003c 0c3c6cbc        147 	.byte	12,60,108,188
00000040 ec0e3c6c        148 	.byte	236,14,60,108
00000044 beee12ff        149 	.byte	190,238,18,255
00000048 3412ff34        150 	.byte	52,18,255,52
0000004c 06dc0535        151 	.byte	6,220,5,53
00000050 01ff6699        152 	.byte	1,255,102,153
00000054 6560            153 	.byte	101,96
00000056 0000            154 	.space	2
                         155 	.type	_r_sfc_Spansion_32bitAddrCmd_40MHz,@object
                         156 	.size	_r_sfc_Spansion_32bitAddrCmd_40MHz,88
                         157 	.global	_r_sfc_Spansion_32bitAddrCmd_80MHz
00000058 01000000        158 _r_sfc_Spansion_32bitAddrCmd_80MHz:	.byte	1,0,0,0
0000005c 02              159 	.byte	2
0000005d 000000          160 	.space	3
00000060 00000000        161 	.space	4
00000064 1c              162 	.byte	28
00000065 000000          163 	.space	3
00000068 00000000        164 	.space	4
0000006c 01              165 	.byte	1
0000006d 000000          166 	.space	3
00000070 01000000        167 	.byte	1,0,0,0
00000074 c0              168 	.byte	192
00000075 00              169 	.space	1
00000076 0000            170 	.space	2
00000078 07000000        171 	.byte	7,0,0,0
0000007c 08000000        172 	.byte	8,0,0,0

                                                                      Page 4
                                                              C:\Users\YINGAO~1\AppData\Local\Temp\gh_00008501.si
00000080 03000000        173 	.byte	3,0,0,0
00000084 05000000        174 	.byte	5,0,0,0
00000088 05000000        175 	.byte	5,0,0,0
0000008c 06000000        176 	.byte	6,0,0,0
00000090 00000000        177 	.space	4
00000094 0c3c6cbc        178 	.byte	12,60,108,188
00000098 ec0e3c6c        179 	.byte	236,14,60,108
0000009c beee12ff        180 	.byte	190,238,18,255
000000a0 3412ff34        181 	.byte	52,18,255,52
000000a4 06dc0535        182 	.byte	6,220,5,53
000000a8 01ff6699        183 	.byte	1,255,102,153
000000ac 6560            184 	.byte	101,96
000000ae 0000            185 	.space	2
                         186 	.type	_r_sfc_Spansion_32bitAddrCmd_80MHz,@object
                         187 	.size	_r_sfc_Spansion_32bitAddrCmd_80MHz,88
                         188 	.global	_r_sfc_Spansion_24bitAddrCmd_40MHz
000000b0 00000000        189 _r_sfc_Spansion_24bitAddrCmd_40MHz:	.space	4
000000b4 40              190 	.byte	64
000000b5 000000          191 	.space	3
000000b8 00000000        192 	.space	4
000000bc 3c              193 	.byte	60
000000bd 000000          194 	.space	3
000000c0 00000000        195 	.space	4
000000c4 01              196 	.byte	1
000000c5 000000          197 	.space	3
000000c8 01000000        198 	.byte	1,0,0,0
000000cc c040            199 	.byte	192,64
000000ce 0000            200 	.space	2
000000d0 05000000        201 	.byte	5,0,0,0
000000d4 05000000        202 	.byte	5,0,0,0
000000d8 03000000        203 	.byte	3,0,0,0
000000dc 05000000        204 	.byte	5,0,0,0
000000e0 05000000        205 	.byte	5,0,0,0
000000e4 03000000        206 	.byte	3,0,0,0
000000e8 00000000        207 	.space	4
000000ec 0b3b6bbb        208 	.byte	11,59,107,187
000000f0 eb0dffff        209 	.byte	235,13,255,255
000000f4 bded02ff        210 	.byte	189,237,2,255
000000f8 38ffffff        211 	.byte	56,255,255,255
000000fc 06dc0535        212 	.byte	6,220,5,53
00000100 01ff6699        213 	.byte	1,255,102,153
00000104 6560            214 	.byte	101,96
00000106 0000            215 	.space	2
                         216 	.type	_r_sfc_Spansion_24bitAddrCmd_40MHz,@object
                         217 	.size	_r_sfc_Spansion_24bitAddrCmd_40MHz,88
                         218 	.global	_r_sfc_Spansion_24bitAddrCmd_80MHz
00000108 00000000        219 _r_sfc_Spansion_24bitAddrCmd_80MHz:	.space	4
0000010c 40              220 	.byte	64
0000010d 000000          221 	.space	3
00000110 00000000        222 	.space	4
00000114 3c              223 	.byte	60
00000115 000000          224 	.space	3
00000118 00000000        225 	.space	4
0000011c 01              226 	.byte	1
0000011d 000000          227 	.space	3
00000120 01000000        228 	.byte	1,0,0,0
00000124 c080            229 	.byte	192,128
00000126 0000            230 	.space	2
00000128 07000000        231 	.byte	7,0,0,0
0000012c 07000000        232 	.byte	7,0,0,0
00000130 07000000        233 	.byte	7,0,0,0

                                                                      Page 5
                                                              C:\Users\YINGAO~1\AppData\Local\Temp\gh_00008501.si
00000134 07000000        234 	.byte	7,0,0,0
00000138 07000000        235 	.byte	7,0,0,0
0000013c 07000000        236 	.byte	7,0,0,0
00000140 00000000        237 	.space	4
00000144 0b3b6bbb        238 	.byte	11,59,107,187
00000148 eb0dffff        239 	.byte	235,13,255,255
0000014c bded02ff        240 	.byte	189,237,2,255
00000150 38ffffff        241 	.byte	56,255,255,255
00000154 06dc0535        242 	.byte	6,220,5,53
00000158 01ff6699        243 	.byte	1,255,102,153
0000015c 6560            244 	.byte	101,96
0000015e 0000            245 	.space	2
                         246 	.type	_r_sfc_Spansion_24bitAddrCmd_80MHz,@object
                         247 	.size	_r_sfc_Spansion_24bitAddrCmd_80MHz,88
                         248 	.global	_r_sfc_Spansion_32bitAddrQuadCmd_40MHz
00000160 01000000        249 _r_sfc_Spansion_32bitAddrQuadCmd_40MHz:	.byte	1,0,0,0
00000164 02              250 	.byte	2
00000165 000000          251 	.space	3
00000168 00000000        252 	.space	4
0000016c 1c              253 	.byte	28
0000016d 000000          254 	.space	3
00000170 00000000        255 	.space	4
00000174 01              256 	.byte	1
00000175 000000          257 	.space	3
00000178 01000000        258 	.byte	1,0,0,0
0000017c c0c0            259 	.byte	192,192
0000017e 0000            260 	.space	2
00000180 08000000        261 	.byte	8,0,0,0
00000184 03000000        262 	.byte	3,0,0,0
00000188 02000000        263 	.byte	2,0,0,0
0000018c 03000000        264 	.byte	3,0,0,0
00000190 03000000        265 	.byte	3,0,0,0
00000194 03000000        266 	.byte	3,0,0,0
00000198 02000000        267 	.byte	2,0,0,0
0000019c 0c3c6cbc        268 	.byte	12,60,108,188
000001a0 ec0e3c6c        269 	.byte	236,14,60,108
000001a4 beee12ff        270 	.byte	190,238,18,255
000001a8 3412ff34        271 	.byte	52,18,255,52
000001ac 06dc0535        272 	.byte	6,220,5,53
000001b0 01ff6699        273 	.byte	1,255,102,153
000001b4 6560            274 	.byte	101,96
000001b6 0000            275 	.space	2
                         276 	.type	_r_sfc_Spansion_32bitAddrQuadCmd_40MHz,@object
                         277 	.size	_r_sfc_Spansion_32bitAddrQuadCmd_40MHz,88
                         278 	.global	_r_sfc_Spansion_32bitAddrQuadCmd_80MHz
000001b8 01000000        279 _r_sfc_Spansion_32bitAddrQuadCmd_80MHz:	.byte	1,0,0,0
000001bc 02              280 	.byte	2
000001bd 000000          281 	.space	3
000001c0 00000000        282 	.space	4
000001c4 1c              283 	.byte	28
000001c5 000000          284 	.space	3
000001c8 00000000        285 	.space	4
000001cc 01              286 	.byte	1
000001cd 000000          287 	.space	3
000001d0 01000000        288 	.byte	1,0,0,0
000001d4 c0              289 	.byte	192
000001d5 00              290 	.space	1
000001d6 0000            291 	.space	2
000001d8 07000000        292 	.byte	7,0,0,0
000001dc 03000000        293 	.byte	3,0,0,0
000001e0 05000000        294 	.byte	5,0,0,0

                                                                      Page 6
                                                              C:\Users\YINGAO~1\AppData\Local\Temp\gh_00008501.si
000001e4 05000000        295 	.byte	5,0,0,0
000001e8 05000000        296 	.byte	5,0,0,0
000001ec 06000000        297 	.byte	6,0,0,0
000001f0 02000000        298 	.byte	2,0,0,0
000001f4 0c3c6cbc        299 	.byte	12,60,108,188
000001f8 ec0e3c6c        300 	.byte	236,14,60,108
000001fc beee12ff        301 	.byte	190,238,18,255
00000200 3412ff34        302 	.byte	52,18,255,52
00000204 06dc0535        303 	.byte	6,220,5,53
00000208 01ff6699        304 	.byte	1,255,102,153
0000020c 6560            305 	.byte	101,96
0000020e 0000            306 	.space	2
                         307 	.type	_r_sfc_Spansion_32bitAddrQuadCmd_80MHz,@object
                         308 	.size	_r_sfc_Spansion_32bitAddrQuadCmd_80MHz,88
                         309 	.global	_r_sfc_Spansion_24bitAddrQuadCmd_40MHz
00000210 00000000        310 _r_sfc_Spansion_24bitAddrQuadCmd_40MHz:	.space	4
00000214 40              311 	.byte	64
00000215 000000          312 	.space	3
00000218 00000000        313 	.space	4
0000021c 3c              314 	.byte	60
0000021d 000000          315 	.space	3
00000220 00000000        316 	.space	4
00000224 01              317 	.byte	1
00000225 000000          318 	.space	3
00000228 01000000        319 	.byte	1,0,0,0
0000022c c040            320 	.byte	192,64
0000022e 0000            321 	.space	2
00000230 05000000        322 	.byte	5,0,0,0
00000234 05000000        323 	.byte	5,0,0,0
00000238 03000000        324 	.byte	3,0,0,0
0000023c 05000000        325 	.byte	5,0,0,0
00000240 05000000        326 	.byte	5,0,0,0
00000244 03000000        327 	.byte	3,0,0,0
00000248 02000000        328 	.byte	2,0,0,0
0000024c 0b3b6bbb        329 	.byte	11,59,107,187
00000250 eb0dffff        330 	.byte	235,13,255,255
00000254 bded02ff        331 	.byte	189,237,2,255
00000258 38ffffff        332 	.byte	56,255,255,255
0000025c 06dc0535        333 	.byte	6,220,5,53
00000260 01ff6699        334 	.byte	1,255,102,153
00000264 6560            335 	.byte	101,96
00000266 0000            336 	.space	2
                         337 	.type	_r_sfc_Spansion_24bitAddrQuadCmd_40MHz,@object
                         338 	.size	_r_sfc_Spansion_24bitAddrQuadCmd_40MHz,88
                         339 	.global	_r_sfc_Spansion_24bitAddrQuadCmd_80MHz
00000268 00000000        340 _r_sfc_Spansion_24bitAddrQuadCmd_80MHz:	.space	4
0000026c 40              341 	.byte	64
0000026d 000000          342 	.space	3
00000270 00000000        343 	.space	4
00000274 3c              344 	.byte	60
00000275 000000          345 	.space	3
00000278 00000000        346 	.space	4
0000027c 01              347 	.byte	1
0000027d 000000          348 	.space	3
00000280 01000000        349 	.byte	1,0,0,0
00000284 c080            350 	.byte	192,128
00000286 0000            351 	.space	2
00000288 07000000        352 	.byte	7,0,0,0
0000028c 07000000        353 	.byte	7,0,0,0
00000290 07000000        354 	.byte	7,0,0,0
00000294 07000000        355 	.byte	7,0,0,0

                                                                      Page 7
                                                              C:\Users\YINGAO~1\AppData\Local\Temp\gh_00008501.si
00000298 07000000        356 	.byte	7,0,0,0
0000029c 07000000        357 	.byte	7,0,0,0
000002a0 02000000        358 	.byte	2,0,0,0
000002a4 0b3b6bbb        359 	.byte	11,59,107,187
000002a8 eb0dffff        360 	.byte	235,13,255,255
000002ac bded02ff        361 	.byte	189,237,2,255
000002b0 38ffffff        362 	.byte	56,255,255,255
000002b4 06dc0535        363 	.byte	6,220,5,53
000002b8 01ff6699        364 	.byte	1,255,102,153
000002bc 6560            365 	.byte	101,96
000002be 0000            366 	.space	2
                         367 	.type	_r_sfc_Spansion_24bitAddrQuadCmd_80MHz,@object
                         368 	.size	_r_sfc_Spansion_24bitAddrQuadCmd_80MHz,88
                         369 	.global	_r_sfc_Spansion_32bitAddrCmdPerformanceEnhance_40MHz
000002c0 01000000        370 _r_sfc_Spansion_32bitAddrCmdPerformanceEnhance_40MHz:	.byte	1,0,0,0
000002c4 02              371 	.byte	2
000002c5 000000          372 	.space	3
000002c8 00000000        373 	.space	4
000002cc 1c              374 	.byte	28
000002cd 000000          375 	.space	3
000002d0 00000000        376 	.space	4
000002d4 01              377 	.byte	1
000002d5 000000          378 	.space	3
000002d8 01000000        379 	.byte	1,0,0,0
000002dc c0c0            380 	.byte	192,192
000002de 0000            381 	.space	2
000002e0 08000000        382 	.byte	8,0,0,0
000002e4 03000000        383 	.byte	3,0,0,0
000002e8 02000000        384 	.byte	2,0,0,0
000002ec 03000000        385 	.byte	3,0,0,0
000002f0 03000000        386 	.byte	3,0,0,0
000002f4 03000000        387 	.byte	3,0,0,0
000002f8 02000000        388 	.byte	2,0,0,0
000002fc 0c3c6cbc        389 	.byte	12,60,108,188
00000300 ec0e3c6c        390 	.byte	236,14,60,108
00000304 beee12ff        391 	.byte	190,238,18,255
00000308 3412ff34        392 	.byte	52,18,255,52
0000030c 06dc0535        393 	.byte	6,220,5,53
00000310 01ff6699        394 	.byte	1,255,102,153
00000314 6560            395 	.byte	101,96
00000316 0000            396 	.space	2
                         397 	.type	_r_sfc_Spansion_32bitAddrCmdPerformanceEnhance_40MHz,@object
                         398 	.size	_r_sfc_Spansion_32bitAddrCmdPerformanceEnhance_40MHz,88
                         399 	.global	_r_sfc_Spansion_32bitAddrCmdPerformanceEnhance_80MHz
00000318 01000000        400 _r_sfc_Spansion_32bitAddrCmdPerformanceEnhance_80MHz:	.byte	1,0,0,0
0000031c 02              401 	.byte	2
0000031d 000000          402 	.space	3
00000320 00000000        403 	.space	4
00000324 1c              404 	.byte	28
00000325 000000          405 	.space	3
00000328 00000000        406 	.space	4
0000032c 01              407 	.byte	1
0000032d 000000          408 	.space	3
00000330 01000000        409 	.byte	1,0,0,0
00000334 c0              410 	.byte	192
00000335 00              411 	.space	1
00000336 0000            412 	.space	2
00000338 07000000        413 	.byte	7,0,0,0
0000033c 03000000        414 	.byte	3,0,0,0
00000340 05000000        415 	.byte	5,0,0,0
00000344 05000000        416 	.byte	5,0,0,0

                                                                      Page 8
                                                              C:\Users\YINGAO~1\AppData\Local\Temp\gh_00008501.si
00000348 05000000        417 	.byte	5,0,0,0
0000034c 06000000        418 	.byte	6,0,0,0
00000350 02000000        419 	.byte	2,0,0,0
00000354 0c3c6cbc        420 	.byte	12,60,108,188
00000358 ec0e3c6c        421 	.byte	236,14,60,108
0000035c beee12ff        422 	.byte	190,238,18,255
00000360 3412ff34        423 	.byte	52,18,255,52
00000364 06dc0535        424 	.byte	6,220,5,53
00000368 01ff6699        425 	.byte	1,255,102,153
0000036c 6560            426 	.byte	101,96
0000036e 0000            427 	.space	2
                         428 	.type	_r_sfc_Spansion_32bitAddrCmdPerformanceEnhance_80MHz,@object
                         429 	.size	_r_sfc_Spansion_32bitAddrCmdPerformanceEnhance_80MHz,88
                         430 	.data
                         431 	.ghsnote version,14
                         432 	.ghsnote tools,3
                         433 	.ghsnote options,144
                         434 	.text
                         435 ..bof.D.3A.5CRenesas_Electronics.5CD1x_RGL.5Crgl_ghs_D1Lx_obj_V1.2E2.2E0.5Cvlib.5Capp.5Cgfx_apps.5Csimple_draw_d1l2.5Ctarget.5Cd1lx_mango_ghs.5Cobj.5Cr_sfcdb_spansion...44.3A.5CRenesas_Electronics.5CD1x_RGL.5Crgl_ghs_D1Lx_obj_V1.2E2.2E0.5Cvlib.5Capp.5Cgfx_apps.5Csimple_draw_d1l2.5Ctarget.5Cd1lx_mango_ghs..5A740378..0::
                         436 ..eof.D.3A.5CRenesas_Electronics.5CD1x_RGL.5Crgl_ghs_D1Lx_obj_V1.2E2.2E0.5Cvlib.5Capp.5Cgfx_apps.5Csimple_draw_d1l2.5Ctarget.5Cd1lx_mango_ghs.5Cobj.5Cr_sfcdb_spansion...44.3A.5CRenesas_Electronics.5CD1x_RGL.5Crgl_ghs_D1Lx_obj_V1.2E2.2E0.5Cvlib.5Capp.5Cgfx_apps.5Csimple_draw_d1l2.5Ctarget.5Cd1lx_mango_ghs..5A740378..0::
                         437 .rh850_flags REGMODE22,DATA_ALIGN8,GP_FIX,EP_NONFIX,TP_FIX,REG2_RESERVE,G3M
