                                                                      Page 1
                                                              C:\Users\YINGAO~1\AppData\Local\Temp\gh_00007ek1.si
Command Line: C:\ghs\comp_201355\ease850.exe -w -elf -b0 -ID:\Renesas_Electronics\D1x_RGL\rgl_ghs_D1Lx_obj_V1.2.0\vlib\macro\flashc\sfma\lib -I../../../../../Device -I../../../../../Driver/ADCE -I../../../../../Driver/CLOCK -I../../../../../Driver/DIO -I../../../../../Driver/DSPI -I../../../../../Driver/Interrupt -I../../../../../Driver/ISM -I../../../../../Driver/OSTM -I../../../../../Driver/PWM -I../../../../../Driver/RSTC -I../../../../../Driver/RTCA -I../../../../../Driver/STBC -I../../../../../Driver/TAUB -I../../../../../Driver/WDT -I../../../../../middleware\ADM -I../../../../../middleware\BPM -I../../../../../middleware\EED -I../../../../../middleware\IOM -I../../../../../middleware\LRM -I../../../../../middleware\MOM -I../../../../../middleware\PWMM -I../../../../../Common -I../../../../../Applayer\DSM -I../../../../../Applayer\FM -I../../../../../Applayer\TPM -I../../../../../Applayer\ACC -I../../../../../Applayer\ASS -I../../../../../Applayer\BAT -I../../../../../Applayer\COM -I../../../../../Applayer\COM\vtp -I../../../../../Applayer\COM\vtp\lib -I../../../../../Applayer\CRUS -I../../../../../Applayer\DIAG -I../../../../../Applayer\FC -I../../../../../Applayer\FL -I../../../../../Applayer\HSD -I../../../../../Applayer\IDLE -I../../../../../Applayer\ILLU -I../../../../../Applayer\LED -I../../../../../Applayer\MSG -I../../../../../Applayer\NVM -I../../../../../Applayer\ODO -I../../../../../Applayer\PWR -I../../../../../Applayer\RANG -I../../../../../Applayer\RST -I../../../../../Applayer\RTC -I../../../../../Applayer\SCS -I../../../../../Applayer\SSB -I../../../../../Applayer\ST -I../../../../../Applayer\STSMG -I../../../../../Applayer\SYS -I../../../../../Applayer\TIP -I../../../../../Applayer\TRIP -I../../../../../Applayer\CHM -I../../../../../Applayer\DM -I../../../../../Applayer\EVT -I../../../../../Applayer\FTR -I../../../../../Applayer\SLF -I../../../../../Applayer\NWD -I../../../../../Applayer\TPMS -I../../../../../Applayer\WFM -I../../../../../Applayer\NZM -I../../../../../app/gfx_apps/simple_draw_d1l2/src -I../../../../../bsp/board//config -I../../../../../bsp/board//src/gfx -I../../../../../bsp/board//src/hmi -I../../../../../bsp/board//src/stdio -I../../../../../bsp/board/d1lx_mango/config -I../../../../../bsp/board/d1lx_mango/src -I../../../../../bsp/board/d1lx_mango/src/gfx -I../../../../../bsp/board/d1lx_mango/src/hmi -I../../../../../bsp/board/d1lx_mango/src/stdio -I../../../../../bsp/gfx/lib -I../../../../../bsp/gfx/src -I../../../../../bsp/hmi/lib -I../../../../../bsp/hmi/src -I../../../../../bsp/lib -I../../../../../bsp/stdio/lib -I../../../../../bsp/stdio/src -I../../../../../cdi/lib -I../../../../../cdi/src -I../../../../../compiler/rh850_ghs/inc -I../../../../../device/d1lx/lib -I../../../../../device/d1lx/macro_cfg -I../../../../../device/d1lx/src/dev -I../../../../../device/d1lx/src/rh850_ghs -I../../../../../device/d1x_common/macro_cfg -I../../../../../device/d1x_common/src/csisw -I../../../../../device/d1x_common/src/ddb -I../../../../../device/d1x_common/src/dev -I../../../../../device/d1x_common/src/gfxbus -I../../../../../device/d1x_common/src/gpio -I../../../../../device/d1x_common/src/ostm -I../../../../../device/d1x_common/src/pbg -I../../../../../device/d1x_common/src/riic -I../../../../../device/d1x_common/src/sfma -I../../../../../device/d1x_common/src/spea -I../../../../../device/d1x_common/src/tauj -I../../../../../device/d1x_common/src/tick -I../../../../../device/d1x_common/src/vdce -I../../../../../device/d1x_common/src/wm -I../../../../../device/d1x_common/src/xbus -I../../../../../device/lib -I../../../../../macro/bus/pbg/lib -I../../../../../macro/bus/pbg/src -I../../../../../macro/csi/csisw/lib -I../../../../../macro/csi/csisw/src -I../../../../../macro/drw2d/lib -I../../../../../macro/drw2d/platform/cpu -I../../../../../macro/drw2d/platform/os/no_os -I../../../../../macro/drw2d/src -I../../../../../macro/flashc/sfcdb/lib -I../../../../../macro/flashc/sfcdb/src -I../../../../../macro/flashc/sfma/lib -I../../../../../macro/flashc/sfma/src -I../../../../../macro/gfxbus/lib -I../../../../../macro/gfxbus/src -I../../../../../macro/gfxbus/xbus/lib -I../../../../../macro/gfxbus/xbus/src -I../../../../../macro/gpio/lib -I../../../../../macro/gpio/src -I../../../../../macro/i2c/riic/lib -I../../../../../macro/i2c/riic/src -I../../../../../macro/tick/lib -I../../../../../macro/tick/src -I../../../../../macro/timer/ostm/lib -I../../../../../macro/timer/ostm/src -I../../../../../macro/timer/tauj/lib -I../../../../../macro/timer/tauj/src -I../../../../../macro/vdce/lib -I../../../../../macro/vdce/src -I../../../../../macro/vo/ddb/lib -I../../../../../macro/vo/ddb/src -I../../../../../macro/vo/spea/lib -I../../../../../macro/vo/spea/src -I../../../../../macro/wm/lib -I../../../../../macro/wm/src -I../../../../../app/gfx_apps/simple_draw_d1l2/src/QD_HMI -I../../../../../app/gfx_apps/simple_draw_d1l2/src/QD_HMI/HMI_Data -IC:\ghs\comp_201355\lib\rh850_22 -cg_underscore -cpu=rh850g3m -no_v850_simd -nomacro -patch_dbo=D:\Renesas_Electronics\D1x_RGL\rgl_ghs_D1Lx_obj_V1.2.0\vlib\app\gfx_apps\simple_draw_d1l2\target\d1lx_mango_ghs\obj\r_sys_xbus.dbo -source=r_sys_xbus.c -o .\obj\gh_00007ek1.o -list=.\obj\r_sys_xbus.lst C:\Users\YINGAO~1\AppData\Local\Temp\gh_00007ek1.si 
Original File: C:\Users\YINGAO~1\AppData\Local\Temp\gh_00007ek1.si
Source File: r_sys_xbus.c
Directory: D:\Renesas_Electronics\D1x_RGL\rgl_ghs_D1Lx_obj_V1.2.0\vlib\app\gfx_apps\simple_draw_d1l2\target\d1lx_mango_ghs
Host OS: Windows 7 Service Pack 1
EASE: Copyright (C) 1983-2013 Green Hills Software.  All Rights Reversed.
Release: Compiler v2013.5.5
Build Directory: [Directory] BTOWINBOX:c:/build_2013_5_bto/2013-10-04.1311-2013_5_bto/win32-comp-ecom
Revision: [VCInfo] http://toolsvc/branches/release-branch-2013-5-bto/src@496240 (built by build)
Revision Date: Sat Oct 05 04:54:43 2013

Release Date: Sat Oct 05 05:20:49 2013

                           1 --Driver Command: ccv850 -c -MD
                           2 --		-ID:\Renesas_Electronics\D1x_RGL\rgl_ghs_D1Lx_obj_V1.2.0\vlib\macro\flashc\sfma\lib
                           3 --		-I../../../../../Device -I../../../../../Driver/ADCE
                           4 --		-I../../../../../Driver/CLOCK -I../../../../../Driver/DIO
                           5 --		-I../../../../../Driver/DSPI -I../../../../../Driver/Interrupt
                           6 --		-I../../../../../Driver/ISM -I../../../../../Driver/OSTM
                           7 --		-I../../../../../Driver/PWM -I../../../../../Driver/RSTC
                           8 --		-I../../../../../Driver/RTCA -I../../../../../Driver/STBC
                           9 --		-I../../../../../Driver/TAUB -I../../../../../Driver/WDT
                          10 --		-I../../../../../middleware\ADM -I../../../../../middleware\BPM
                          11 --		-I../../../../../middleware\EED -I../../../../../middleware\IOM
                          12 --		-I../../../../../middleware\LRM -I../../../../../middleware\MOM
                          13 --		-I../../../../../middleware\PWMM -I../../../../../Common
                          14 --		-I../../../../../Applayer\DSM -I../../../../../Applayer\FM
                          15 --		-I../../../../../Applayer\TPM -I../../../../../Applayer\ACC
                          16 --		-I../../../../../Applayer\ASS -I../../../../../Applayer\BAT
                          17 --		-I../../../../../Applayer\COM -I../../../../../Applayer\COM\vtp
                          18 --		-I../../../../../Applayer\COM\vtp\lib
                          19 --		-I../../../../../Applayer\CRUS -I../../../../../Applayer\DIAG
                          20 --		-I../../../../../Applayer\FC -I../../../../../Applayer\FL
                          21 --		-I../../../../../Applayer\HSD -I../../../../../Applayer\IDLE
                          22 --		-I../../../../../Applayer\ILLU -I../../../../../Applayer\LED
                          23 --		-I../../../../../Applayer\MSG -I../../../../../Applayer\NVM
                          24 --		-I../../../../../Applayer\ODO -I../../../../../Applayer\PWR
                          25 --		-I../../../../../Applayer\RANG -I../../../../../Applayer\RST
                          26 --		-I../../../../../Applayer\RTC -I../../../../../Applayer\SCS
                          27 --		-I../../../../../Applayer\SSB -I../../../../../Applayer\ST
                          28 --		-I../../../../../Applayer\STSMG -I../../../../../Applayer\SYS
                          29 --		-I../../../../../Applayer\TIP -I../../../../../Applayer\TRIP
                          30 --		-I../../../../../Applayer\CHM -I../../../../../Applayer\DM
                          31 --		-I../../../../../Applayer\EVT -I../../../../../Applayer\FTR
                          32 --		-I../../../../../Applayer\SLF -I../../../../../Applayer\NWD
                          33 --		-I../../../../../Applayer\TPMS -I../../../../../Applayer\WFM
                          34 --		-I../../../../../Applayer\NZM
                          35 --		-I../../../../../app/gfx_apps/simple_draw_d1l2/src
                          36 --		-I../../../../../bsp/board//config
                          37 --		-I../../../../../bsp/board//src/gfx
                          38 --		-I../../../../../bsp/board//src/hmi
                          39 --		-I../../../../../bsp/board//src/stdio
                          40 --		-I../../../../../bsp/board/d1lx_mango/config
                          41 --		-I../../../../../bsp/board/d1lx_mango/src
                          42 --		-I../../../../../bsp/board/d1lx_mango/src/gfx
                          43 --		-I../../../../../bsp/board/d1lx_mango/src/hmi
                          44 --		-I../../../../../bsp/board/d1lx_mango/src/stdio
                          45 --		-I../../../../../bsp/gfx/lib -I../../../../../bsp/gfx/src
                          46 --		-I../../../../../bsp/hmi/lib -I../../../../../bsp/hmi/src
                          47 --		-I../../../../../bsp/lib -I../../../../../bsp/stdio/lib
                          48 --		-I../../../../../bsp/stdio/src -I../../../../../cdi/lib
                          49 --		-I../../../../../cdi/src -I../../../../../compiler/rh850_ghs/inc
                          50 --		-I../../../../../device/d1lx/lib

                                                                      Page 2
                                                              C:\Users\YINGAO~1\AppData\Local\Temp\gh_00007ek1.si
                          51 --		-I../../../../../device/d1lx/macro_cfg
                          52 --		-I../../../../../device/d1lx/src/dev
                          53 --		-I../../../../../device/d1lx/src/rh850_ghs
                          54 --		-I../../../../../device/d1x_common/macro_cfg
                          55 --		-I../../../../../device/d1x_common/src/csisw
                          56 --		-I../../../../../device/d1x_common/src/ddb
                          57 --		-I../../../../../device/d1x_common/src/dev
                          58 --		-I../../../../../device/d1x_common/src/gfxbus
                          59 --		-I../../../../../device/d1x_common/src/gpio
                          60 --		-I../../../../../device/d1x_common/src/ostm
                          61 --		-I../../../../../device/d1x_common/src/pbg
                          62 --		-I../../../../../device/d1x_common/src/riic
                          63 --		-I../../../../../device/d1x_common/src/sfma
                          64 --		-I../../../../../device/d1x_common/src/spea
                          65 --		-I../../../../../device/d1x_common/src/tauj
                          66 --		-I../../../../../device/d1x_common/src/tick
                          67 --		-I../../../../../device/d1x_common/src/vdce
                          68 --		-I../../../../../device/d1x_common/src/wm
                          69 --		-I../../../../../device/d1x_common/src/xbus
                          70 --		-I../../../../../device/lib -I../../../../../macro/bus/pbg/lib
                          71 --		-I../../../../../macro/bus/pbg/src
                          72 --		-I../../../../../macro/csi/csisw/lib
                          73 --		-I../../../../../macro/csi/csisw/src
                          74 --		-I../../../../../macro/drw2d/lib
                          75 --		-I../../../../../macro/drw2d/platform/cpu
                          76 --		-I../../../../../macro/drw2d/platform/os/no_os
                          77 --		-I../../../../../macro/drw2d/src
                          78 --		-I../../../../../macro/flashc/sfcdb/lib
                          79 --		-I../../../../../macro/flashc/sfcdb/src
                          80 --		-I../../../../../macro/flashc/sfma/lib
                          81 --		-I../../../../../macro/flashc/sfma/src
                          82 --		-I../../../../../macro/gfxbus/lib
                          83 --		-I../../../../../macro/gfxbus/src
                          84 --		-I../../../../../macro/gfxbus/xbus/lib
                          85 --		-I../../../../../macro/gfxbus/xbus/src
                          86 --		-I../../../../../macro/gpio/lib -I../../../../../macro/gpio/src
                          87 --		-I../../../../../macro/i2c/riic/lib
                          88 --		-I../../../../../macro/i2c/riic/src
                          89 --		-I../../../../../macro/tick/lib -I../../../../../macro/tick/src
                          90 --		-I../../../../../macro/timer/ostm/lib
                          91 --		-I../../../../../macro/timer/ostm/src
                          92 --		-I../../../../../macro/timer/tauj/lib
                          93 --		-I../../../../../macro/timer/tauj/src
                          94 --		-I../../../../../macro/vdce/lib -I../../../../../macro/vdce/src
                          95 --		-I../../../../../macro/vo/ddb/lib
                          96 --		-I../../../../../macro/vo/ddb/src
                          97 --		-I../../../../../macro/vo/spea/lib
                          98 --		-I../../../../../macro/vo/spea/src -I../../../../../macro/wm/lib
                          99 --		-I../../../../../macro/wm/src
                         100 --		-I../../../../../app/gfx_apps/simple_draw_d1l2/src/QD_HMI
                         101 --		-I../../../../../app/gfx_apps/simple_draw_d1l2/src/QD_HMI/HMI_Data
                         102 --		-G --no_commons --no_implicit_include --prototype_errors
                         103 --		-DR_DRW2D_OS_NO_OS -DR_DRW2D_SYS_CPU -DUSED_CPU=RH850G3M
                         104 --		-DUSE_BSP_GFX -DUSE_BSP_HMI -DUSE_BSP_STDIO -DUSE_CDI -DUSE_CSISW
                         105 --		-DUSE_DDB -DUSE_DRW2D -DUSE_GFXBUS -DUSE_GPIO -DUSE_OSTM
                         106 --		-DUSE_PBG -DUSE_RIIC -DUSE_SFCDB -DUSE_SFMA -DUSE_SPEA -DUSE_TAUJ
                         107 --		-DUSE_TICK -DUSE_VDCE -DUSE_WM -DUSE_XBUS -MD -Mn -Mx -Zuse1bit
                         108 --		-allocate_ep -cpu=rh850g3m -entry=_RESET -large_sda -list
                         109 --		-no_callt -notda -passsource -preprocess_assembly_files
                         110 --		-registermode=22 -reserve_r2 --diag_warning 1 -object_dir=./obj
                         111 --		-filetype.c

                                                                      Page 3
                                                              C:\Users\YINGAO~1\AppData\Local\Temp\gh_00007ek1.si
                         112 --		..\..\..\..\..\device\d1x_common\src\xbus\r_sys_xbus.c -o
                         113 --		.\obj\r_sys_xbus.o
                         114 --Source File:   ..\..\..\..\..\device\d1x_common\src\xbus\r_sys_xbus.c
                         115 --Directory:     
                         116 --		D:\Renesas_Electronics\D1x_RGL\rgl_ghs_D1Lx_obj_V1.2.0\vlib\app\gfx_apps\simple_draw_d1l2\target\d1lx_mango_ghs
                         117 --Compile Date:  Fri Feb 02 14:21:58 2018
                         118 --Host OS:       Win32
                         119 --Version:       C-RH850 2013.5.5 DEVELOPMENT VERSION
                         120 --Release:       Compiler v2013.5.5
                         121 --Revision Date: Sat Oct 05 05:01:20 2013
                         122 --Release Date:  Sat Oct 05 05:22:44 2013
                         123 -- ecom  -g -w
                         124 
                         125 --1: /*
                         126 --2: ****************************************************************************
                         127 --3: PROJECT : VLIB macro device level driver
                         128 --4: FILE    : $Id: r_sys_xbus.c 7402 2016-01-27 15:43:39Z florian.zimmermann $
                         129 --5: ============================================================================ 
                         130 --6: DESCRIPTION
                         131 --7: XBUS system functions for d1x
                         132 --8: ============================================================================
                         133 --9:                             C O P Y R I G H T
                         134 --10: ============================================================================
                         135 --11:                        Copyright (c) 2013 - 2014
                         136 --12:                                   by 
                         137 --13:                        Renesas Electronics (Europe) GmbH. 
                         138 --14:                            Arcadiastrasse 10
                         139 --15:                           D-40472 Duesseldorf
                         140 --16:                                Germany
                         141 --17:                           All rights reserved.
                         142 --18: ============================================================================
                         143 --19: Purpose: only for testing, not for mass production
                         144 --21: DISCLAIMER
                         145 --23: LICENSEE has read, understood and accepted the terms and conditions defined in
                         146 --24: the license agreement, especially the usage rights. In any case, it is
                         147 --25: LICENSEE's responsibility to make sure that any user of the software complies
                         148 --26: with the terms and conditions of the signed license agreement.
                         149 --28: SAMPLE CODE is not part of the licensed software, as such it must not be used in
                         150 --29: mass-production applications. It can only be used for evaluation and
                         151 --30: demonstration purposes at customer's premises listed in the signed license
                         152 --31: agreement.
                         153 --32: ****************************************************************************
                         154 --33: */
                         155 --36: /*******************************************************************************
                         156 --37:   Title: dev_xbus XBUS device functions
                         157 --39:   Implementation of the XBUS support functions for the 
                         158 --40:   device dev_xbus.
                         159 --41: */
                         160 --43: /*******************************************************************************
                         161 --44:   Section: Includes
                         162 --45: */
                         163 --47: #include "r_typedefs.h"
                         164 --48: #include "r_dev_api.h"
                         165 --49: #include "r_xbus_api.h"
                         166 --50: #include "r_xbus_sys.h"
                         167 --51: #include "r_config_xbus.h"
                         168 --53: #if defined (R_DBG_PRINT_DEV_REGS) || defined (R_DBG_PRINT_MSG)
                         169 --54:    #include <stdio.h> 
                         170 --55:    #include "r_dbg_api.h"
                         171 --56: #endif
                         172 --60: /*******************************************************************************

                                                                      Page 4
                                                              C:\Users\YINGAO~1\AppData\Local\Temp\gh_00007ek1.si
                         173 --61:   Section: Local Constants
                         174 --62: */
                         175 --64: /*******************************************************************************
                         176 --65:   Section: Global Functions
                         177 --67: */
                         178 --70: /*******************************************************************************
                         179 --71:   Function: R_XBUS_SYS_BaseAddr
                         180 --72:   
                         181 --73:   See: r_xbus_sys.h for details
                         182 --74: */
                         183 --76: uint32_t R_XBUS_SYS_BaseAddr(uint32_t Unit) 
                         184 	.text
                         185 ..bof.D.3A.5CRenesas_Electronics.5CD1x_RGL.5Crgl_ghs_D1Lx_obj_V1.2E2.2E0.5Cvlib.5Capp.5Cgfx_apps.5Csimple_draw_d1l2.5Ctarget.5Cd1lx_mango_ghs.5Cobj.5Cr_sys_xbus...44.3A.5CRenesas_Electronics.5CD1x_RGL.5Crgl_ghs_D1Lx_obj_V1.2E2.2E0.5Cvlib.5Capp.5Cgfx_apps.5Csimple_draw_d1l2.5Ctarget.5Cd1lx_mango_ghs..5A740386..0::
                         186 	.align	2
                         187 	.global	_R_XBUS_SYS_BaseAddr
                         188 _R_XBUS_SYS_BaseAddr:
00000000 0608            189 	mov	r6,r1
                         190 --	    .bf
                         191 .LDW01:
                         192 --77: {
                         193 --78:     return R_XBUS_BASE_ADDR; 
00000002 2a0600eefeff    194 	mov	-70144,r10
                         195 --	    .ef
                         196 .LDW11:
00000008 7f00            197 	jmp	[lp]
                         198 	.type	_R_XBUS_SYS_BaseAddr,@function
                         199 	.size	_R_XBUS_SYS_BaseAddr,.-_R_XBUS_SYS_BaseAddr
                         200 	.align	2
                         201 .LDW21:
                         202 
                         203 --_Unit	r1	param
                         204 
                         205 	.section ".bss","awb"
                         206 .L24:
                         207 	.type	.L24,@object
                         208 	.size	.L24,0
                         209 	.data
                         210 	.text
                         211 
                         212 --79: }
                         213 
                         214 --81: /*******************************************************************************
                         215 --82:   Function: R_XBUS_SYS_GetMaxIdx
                         216 --83:   See: r_xbus_sys.h for details
                         217 --84: */
                         218 --86: uint32_t R_XBUS_SYS_GetMaxIdx(uint32_t Unit) 
                         219 	.align	2
                         220 	.align	2
                         221 	.global	_R_XBUS_SYS_GetMaxIdx
                         222 _R_XBUS_SYS_GetMaxIdx:
0000000a 8007e100        223 	prepare	{r28,r29,r31},0
0000000e 06e0            224 	mov	r6,r28
                         225 --	    .bf
                         226 .LDW31:
                         227 --87: {
                         228 --88:     r_dev_Device_t  device  =  R_DEV_GetDev(); 
                         229 	jarl	_R_DEV_GetDev,lp
                         229 <EXPANSION BEGIN>
                         229 jarl22 _R_DEV_GetDev , lp 
00000010 80ff0000*       229 <EXPANSION END>
00000014 0ae8            230 	mov	r10,r29

                                                                      Page 5
                                                              C:\Users\YINGAO~1\AppData\Local\Temp\gh_00007ek1.si
                         231 --89:     uint32_t        ret_val = 0; 
                         232 --line89
                         233 ..lin.D.3A.5CRenesas_Electronics.5CD1x_RGL.5Crgl_ghs_D1Lx_obj_V1.2E2.2E0.5Cvlib.5Capp.5Cgfx_apps.5Csimple_draw_d1l2.5Ctarget.5Cd1lx_mango_ghs.5Cobj.5Cr_sys_xbus.1::
                         234 .LDWlin1:
00000016 000a            235 	mov	0,r1
                         236 --90:     if (device < R_DEV_R7F701402)
00000018 1d0686fa        237 	addi	-1402,r29,zero
0000001c be05*           238 	bge	.L38
                         239 --91:     {
                         240 --92:         ret_val = 0; 
                         241 --line92
                         242 ..lin.D.3A.5CRenesas_Electronics.5CD1x_RGL.5Crgl_ghs_D1Lx_obj_V1.2E2.2E0.5Cvlib.5Capp.5Cgfx_apps.5Csimple_draw_d1l2.5Ctarget.5Cd1lx_mango_ghs.5Cobj.5Cr_sys_xbus.2::
                         243 .LDWlin2:
0000001e 000a            244 	mov	0,r1
00000020 e50d*           245 	br	.L40
                         246 .L38:
                         247 --93:     }
                         248 --94:     else if (device < R_DEV_R7F701408)
                         249 --line94
                         250 ..lin.D.3A.5CRenesas_Electronics.5CD1x_RGL.5Crgl_ghs_D1Lx_obj_V1.2E2.2E0.5Cvlib.5Capp.5Cgfx_apps.5Csimple_draw_d1l2.5Ctarget.5Cd1lx_mango_ghs.5Cobj.5Cr_sys_xbus.3::
                         251 .LDWlin3:
00000022 1d0680fa        252 	addi	-1408,r29,zero
00000026 ce05*           253 	bge	.L41
                         254 --95:     {
                         255 --96:         ret_val = 128u; 
                         256 --line96
                         257 ..lin.D.3A.5CRenesas_Electronics.5CD1x_RGL.5Crgl_ghs_D1Lx_obj_V1.2E2.2E0.5Cvlib.5Capp.5Cgfx_apps.5Csimple_draw_d1l2.5Ctarget.5Cd1lx_mango_ghs.5Cobj.5Cr_sys_xbus.4::
                         258 .LDWlin4:
00000028 200e8000        259 	movea	128,zero,r1
0000002c 850d*           260 	br	.L40
                         261 .L41:
                         262 --97:     }
                         263 --98:     else if (device < R_DEV_LAST_DX_DEV)
                         264 --line98
                         265 ..lin.D.3A.5CRenesas_Electronics.5CD1x_RGL.5Crgl_ghs_D1Lx_obj_V1.2E2.2E0.5Cvlib.5Capp.5Cgfx_apps.5Csimple_draw_d1l2.5Ctarget.5Cd1lx_mango_ghs.5Cobj.5Cr_sys_xbus.5::
                         266 .LDWlin5:
0000002e 1d067bfa        267 	addi	-1413,r29,zero
00000032 ce05*           268 	bge	.L44
                         269 --99:     {
                         270 --100:         ret_val = 256u; 
                         271 --line100
                         272 ..lin.D.3A.5CRenesas_Electronics.5CD1x_RGL.5Crgl_ghs_D1Lx_obj_V1.2E2.2E0.5Cvlib.5Capp.5Cgfx_apps.5Csimple_draw_d1l2.5Ctarget.5Cd1lx_mango_ghs.5Cobj.5Cr_sys_xbus.6::
                         273 .LDWlin6:
00000034 200e0001        274 	movea	256,zero,r1
00000038 a505*           275 	br	.L40
                         276 .L44:
                         277 --101:     }
                         278 --102:     else 
                         279 --103:     {
                         280 --104:        /* no cache available */
                         281 --105:        ret_val = 0;  
                         282 --line105
                         283 ..lin.D.3A.5CRenesas_Electronics.5CD1x_RGL.5Crgl_ghs_D1Lx_obj_V1.2E2.2E0.5Cvlib.5Capp.5Cgfx_apps.5Csimple_draw_d1l2.5Ctarget.5Cd1lx_mango_ghs.5Cobj.5Cr_sys_xbus.7::
                         284 .LDWlin7:
0000003a 000a            285 	mov	0,r1
                         286 .L40:
                         287 --106:     }
                         288 --107:     return ret_val; 
0000003c 0150            289 	mov	r1,r10
                         290 --	    .ef
                         291 .LDW41:

                                                                      Page 6
                                                              C:\Users\YINGAO~1\AppData\Local\Temp\gh_00007ek1.si
0000003e 4006ff00        292 	dispose	0,{r28,r29,r31},[lp]
                         293 	.type	_R_XBUS_SYS_GetMaxIdx,@function
                         294 	.size	_R_XBUS_SYS_GetMaxIdx,.-_R_XBUS_SYS_GetMaxIdx
                         295 	.align	2
                         296 .LDW51:
                         297 --_device	r29	local
                         298 --_ret_val	r1	local
                         299 
                         300 --_Unit	r28	param
                         301 
                         302 	.section ".bss","awb"
                         303 .L74:
                         304 	.type	.L74,@object
                         305 	.size	.L74,0
                         306 	.data
                         307 	.text
                         308 
                         309 --108: }
                         310 
                         311 --110: /*******************************************************************************
                         312 --111:   Function: R_SYS_XBUS_ErrorHandler
                         313 --112:   See: r_xbus_sys.h for details
                         314 --113: */
                         315 --115: void R_SYS_XBUS_ErrorHandler(uint32_t Unit, r_xbus_Error_t Error) 
                         316 	.align	2
                         317 	.align	2
                         318 	.global	_R_SYS_XBUS_ErrorHandler
                         319 _R_SYS_XBUS_ErrorHandler:
00000042 8007e100        320 	prepare	{r28,r29,r31},0
00000046 06e8            321 	mov	r6,r29
00000048 07e0            322 	mov	r7,r28
                         323 --	    .bf
                         324 .LDW61:
                         325 --116: {
                         326 --117:     R_DEV_ERROR(Unit, (uint32_t)Error, "XBUS: Error occured");
0000004a 1d30            327 	mov	r29,r6
0000004c 1c38            328 	mov	r28,r7
                         329 	jarl	_R_DEV_ErrorHandler,lp
                         329 <EXPANSION BEGIN>
                         329 jarl22 _R_DEV_ErrorHandler , lp 
0000004e 80ff0000*       329 <EXPANSION END>
                         330 --118: }
                         331 --line118
                         332 ..lin.D.3A.5CRenesas_Electronics.5CD1x_RGL.5Crgl_ghs_D1Lx_obj_V1.2E2.2E0.5Cvlib.5Capp.5Cgfx_apps.5Csimple_draw_d1l2.5Ctarget.5Cd1lx_mango_ghs.5Cobj.5Cr_sys_xbus.8::
                         333 .LDWlin8:
00000052 0000            334 	nop
                         335 --	    .ef
                         336 .LDW71:
00000054 4006ff00        337 	dispose	0,{r28,r29,r31},[lp]
                         338 	.type	_R_SYS_XBUS_ErrorHandler,@function
                         339 	.size	_R_SYS_XBUS_ErrorHandler,.-_R_SYS_XBUS_ErrorHandler
                         340 	.align	2
                         341 .LDW81:
                         342 
                         343 --_Unit	r29	param
                         344 --_Error	r28	param
                         345 
                         346 	.section ".bss","awb"
                         347 .L138:
                         348 	.type	.L138,@object
                         349 	.size	.L138,0

                                                                      Page 7
                                                              C:\Users\YINGAO~1\AppData\Local\Temp\gh_00007ek1.si
                         350 	.data
                         351 	.text
                         352 
                         353 
                         354 --120: /*******************************************************************************
                         355 --121:   Function: R_XBUS_SYS_HardwareInit
                         356 --122:   
                         357 --123:   See: r_xbus_sys.h for details
                         358 --124: */
                         359 --126: r_xbus_Error_t R_XBUS_SYS_HardwareInit(uint32_t Unit) 
                         360 	.align	2
                         361 	.align	2
                         362 	.global	_R_XBUS_SYS_HardwareInit
                         363 _R_XBUS_SYS_HardwareInit:
00000058 0608            364 	mov	r6,r1
                         365 --	    .bf
                         366 .LDW91:
                         367 --127: {
                         368 --128:     return R_XBUS_ERR_OK; 
0000005a 0052            369 	mov	0,r10
                         370 --	    .ef
                         371 .LDW02:
0000005c 7f00            372 	jmp	[lp]
                         373 	.type	_R_XBUS_SYS_HardwareInit,@function
                         374 	.size	_R_XBUS_SYS_HardwareInit,.-_R_XBUS_SYS_HardwareInit
                         375 	.align	2
                         376 .LDW12:
                         377 
                         378 --_Unit	r1	param
                         379 
                         380 	.section ".bss","awb"
                         381 .L168:
                         382 	.type	.L168,@object
                         383 	.size	.L168,0
                         384 	.data
                         385 	.text
                         386 
                         387 --129:     
                         388 --130: }
                         389 
                         390 --131: /*******************************************************************************
                         391 --132:   Function: R_XBUS_SYS_HardwareDeInit
                         392 --133:   
                         393 --134:   See: r_xbus_sys.h for details
                         394 --135: */
                         395 --137: r_xbus_Error_t R_XBUS_SYS_HardwareDeInit(uint32_t Unit) 
                         396 	.align	2
                         397 	.align	2
                         398 	.global	_R_XBUS_SYS_HardwareDeInit
                         399 _R_XBUS_SYS_HardwareDeInit:
0000005e 0608            400 	mov	r6,r1
                         401 --	    .bf
                         402 .LDW22:
                         403 --138: {
                         404 --139:     return R_XBUS_ERR_OK; 
00000060 0052            405 	mov	0,r10
                         406 --	    .ef
                         407 .LDW32:
00000062 7f00            408 	jmp	[lp]
                         409 	.type	_R_XBUS_SYS_HardwareDeInit,@function
                         410 	.size	_R_XBUS_SYS_HardwareDeInit,.-_R_XBUS_SYS_HardwareDeInit

                                                                      Page 8
                                                              C:\Users\YINGAO~1\AppData\Local\Temp\gh_00007ek1.si
                         411 	.align	2
                         412 .LDW42:
                         413 
                         414 --_Unit	r1	param
                         415 
                         416 	.section ".bss","awb"
                         417 .L200:
                         418 	.type	.L200,@object
                         419 	.size	.L200,0
                         420 	.data
                         421 	.text
                         422 
                         423 --140: }
                         424 
                         425 --142: /*******************************************************************************
                         426 --143:   Function: R_XBUS_SYS_BusBusy
                         427 --144:   
                         428 --145:   See: r_xbus_sys.h for details
                         429 --146: */
                         430 --148: r_Error_t R_XBUS_SYS_BusBusy(uint32_t Unit) 
                         431 	.align	2
                         432 	.align	2
                         433 	.global	_R_XBUS_SYS_BusBusy
                         434 _R_XBUS_SYS_BusBusy:
00000064 0608            435 	mov	r6,r1
                         436 --	    .bf
                         437 .LDW52:
                         438 --149: {
                         439 --150:     return R_ERR_OK; 
00000066 0052            440 	mov	0,r10
                         441 --	    .ef
                         442 .LDW62:
00000068 7f00            443 	jmp	[lp]
                         444 	.type	_R_XBUS_SYS_BusBusy,@function
                         445 	.size	_R_XBUS_SYS_BusBusy,.-_R_XBUS_SYS_BusBusy
                         446 	.align	2
                         447 .LDW72:
                         448 
                         449 --_Unit	r1	param
                         450 
                         451 	.section ".bss","awb"
                         452 .L232:
                         453 	.type	.L232,@object
                         454 	.size	.L232,0
                         455 	.data
                         456 	.text
                         457 
                         458 --151: }
                         459 	.align	2
                         460 
                         461 	.data
                         462 	.ghsnote version,14
                         463 	.ghsnote tools,3
                         464 	.ghsnote options,144
                         465 	.text
                         466 	.align	2
                         467 ..eof.D.3A.5CRenesas_Electronics.5CD1x_RGL.5Crgl_ghs_D1Lx_obj_V1.2E2.2E0.5Cvlib.5Capp.5Cgfx_apps.5Csimple_draw_d1l2.5Ctarget.5Cd1lx_mango_ghs.5Cobj.5Cr_sys_xbus...44.3A.5CRenesas_Electronics.5CD1x_RGL.5Crgl_ghs_D1Lx_obj_V1.2E2.2E0.5Cvlib.5Capp.5Cgfx_apps.5Csimple_draw_d1l2.5Ctarget.5Cd1lx_mango_ghs..5A740386..0::
                         468 .rh850_flags REGMODE22,DATA_ALIGN8,GP_FIX,EP_NONFIX,TP_FIX,REG2_RESERVE,G3M
