                                                                      Page 1
                                                              C:\Users\YINGAO~1\AppData\Local\Temp\gh_00007e01.si
Command Line: C:\ghs\comp_201355\ease850.exe -w -elf -b0 -ID:\Renesas_Electronics\D1x_RGL\rgl_ghs_D1Lx_obj_V1.2.0\vlib\macro\flashc\sfma\lib -I../../../../../Device -I../../../../../Driver/ADCE -I../../../../../Driver/CLOCK -I../../../../../Driver/DIO -I../../../../../Driver/DSPI -I../../../../../Driver/Interrupt -I../../../../../Driver/ISM -I../../../../../Driver/OSTM -I../../../../../Driver/PWM -I../../../../../Driver/RSTC -I../../../../../Driver/RTCA -I../../../../../Driver/STBC -I../../../../../Driver/TAUB -I../../../../../Driver/WDT -I../../../../../middleware\ADM -I../../../../../middleware\BPM -I../../../../../middleware\EED -I../../../../../middleware\IOM -I../../../../../middleware\LRM -I../../../../../middleware\MOM -I../../../../../middleware\PWMM -I../../../../../Common -I../../../../../Applayer\DSM -I../../../../../Applayer\FM -I../../../../../Applayer\TPM -I../../../../../Applayer\ACC -I../../../../../Applayer\ASS -I../../../../../Applayer\BAT -I../../../../../Applayer\COM -I../../../../../Applayer\COM\vtp -I../../../../../Applayer\COM\vtp\lib -I../../../../../Applayer\CRUS -I../../../../../Applayer\DIAG -I../../../../../Applayer\FC -I../../../../../Applayer\FL -I../../../../../Applayer\HSD -I../../../../../Applayer\IDLE -I../../../../../Applayer\ILLU -I../../../../../Applayer\LED -I../../../../../Applayer\MSG -I../../../../../Applayer\NVM -I../../../../../Applayer\ODO -I../../../../../Applayer\PWR -I../../../../../Applayer\RANG -I../../../../../Applayer\RST -I../../../../../Applayer\RTC -I../../../../../Applayer\SCS -I../../../../../Applayer\SSB -I../../../../../Applayer\ST -I../../../../../Applayer\STSMG -I../../../../../Applayer\SYS -I../../../../../Applayer\TIP -I../../../../../Applayer\TRIP -I../../../../../Applayer\CHM -I../../../../../Applayer\DM -I../../../../../Applayer\EVT -I../../../../../Applayer\FTR -I../../../../../Applayer\SLF -I../../../../../Applayer\NWD -I../../../../../Applayer\TPMS -I../../../../../Applayer\WFM -I../../../../../Applayer\NZM -I../../../../../app/gfx_apps/simple_draw_d1l2/src -I../../../../../bsp/board//config -I../../../../../bsp/board//src/gfx -I../../../../../bsp/board//src/hmi -I../../../../../bsp/board//src/stdio -I../../../../../bsp/board/d1lx_mango/config -I../../../../../bsp/board/d1lx_mango/src -I../../../../../bsp/board/d1lx_mango/src/gfx -I../../../../../bsp/board/d1lx_mango/src/hmi -I../../../../../bsp/board/d1lx_mango/src/stdio -I../../../../../bsp/gfx/lib -I../../../../../bsp/gfx/src -I../../../../../bsp/hmi/lib -I../../../../../bsp/hmi/src -I../../../../../bsp/lib -I../../../../../bsp/stdio/lib -I../../../../../bsp/stdio/src -I../../../../../cdi/lib -I../../../../../cdi/src -I../../../../../compiler/rh850_ghs/inc -I../../../../../device/d1lx/lib -I../../../../../device/d1lx/macro_cfg -I../../../../../device/d1lx/src/dev -I../../../../../device/d1lx/src/rh850_ghs -I../../../../../device/d1x_common/macro_cfg -I../../../../../device/d1x_common/src/csisw -I../../../../../device/d1x_common/src/ddb -I../../../../../device/d1x_common/src/dev -I../../../../../device/d1x_common/src/gfxbus -I../../../../../device/d1x_common/src/gpio -I../../../../../device/d1x_common/src/ostm -I../../../../../device/d1x_common/src/pbg -I../../../../../device/d1x_common/src/riic -I../../../../../device/d1x_common/src/sfma -I../../../../../device/d1x_common/src/spea -I../../../../../device/d1x_common/src/tauj -I../../../../../device/d1x_common/src/tick -I../../../../../device/d1x_common/src/vdce -I../../../../../device/d1x_common/src/wm -I../../../../../device/d1x_common/src/xbus -I../../../../../device/lib -I../../../../../macro/bus/pbg/lib -I../../../../../macro/bus/pbg/src -I../../../../../macro/csi/csisw/lib -I../../../../../macro/csi/csisw/src -I../../../../../macro/drw2d/lib -I../../../../../macro/drw2d/platform/cpu -I../../../../../macro/drw2d/platform/os/no_os -I../../../../../macro/drw2d/src -I../../../../../macro/flashc/sfcdb/lib -I../../../../../macro/flashc/sfcdb/src -I../../../../../macro/flashc/sfma/lib -I../../../../../macro/flashc/sfma/src -I../../../../../macro/gfxbus/lib -I../../../../../macro/gfxbus/src -I../../../../../macro/gfxbus/xbus/lib -I../../../../../macro/gfxbus/xbus/src -I../../../../../macro/gpio/lib -I../../../../../macro/gpio/src -I../../../../../macro/i2c/riic/lib -I../../../../../macro/i2c/riic/src -I../../../../../macro/tick/lib -I../../../../../macro/tick/src -I../../../../../macro/timer/ostm/lib -I../../../../../macro/timer/ostm/src -I../../../../../macro/timer/tauj/lib -I../../../../../macro/timer/tauj/src -I../../../../../macro/vdce/lib -I../../../../../macro/vdce/src -I../../../../../macro/vo/ddb/lib -I../../../../../macro/vo/ddb/src -I../../../../../macro/vo/spea/lib -I../../../../../macro/vo/spea/src -I../../../../../macro/wm/lib -I../../../../../macro/wm/src -I../../../../../app/gfx_apps/simple_draw_d1l2/src/QD_HMI -I../../../../../app/gfx_apps/simple_draw_d1l2/src/QD_HMI/HMI_Data -IC:\ghs\comp_201355\lib\rh850_22 -cg_underscore -cpu=rh850g3m -no_v850_simd -nomacro -patch_dbo=D:\Renesas_Electronics\D1x_RGL\rgl_ghs_D1Lx_obj_V1.2.0\vlib\app\gfx_apps\simple_draw_d1l2\target\d1lx_mango_ghs\obj\r_sys_spea.dbo -source=r_sys_spea.c -o .\obj\gh_00007e01.o -list=.\obj\r_sys_spea.lst C:\Users\YINGAO~1\AppData\Local\Temp\gh_00007e01.si 
Original File: C:\Users\YINGAO~1\AppData\Local\Temp\gh_00007e01.si
Source File: r_sys_spea.c
Directory: D:\Renesas_Electronics\D1x_RGL\rgl_ghs_D1Lx_obj_V1.2.0\vlib\app\gfx_apps\simple_draw_d1l2\target\d1lx_mango_ghs
Host OS: Windows 7 Service Pack 1
EASE: Copyright (C) 1983-2013 Green Hills Software.  All Rights Reversed.
Release: Compiler v2013.5.5
Build Directory: [Directory] BTOWINBOX:c:/build_2013_5_bto/2013-10-04.1311-2013_5_bto/win32-comp-ecom
Revision: [VCInfo] http://toolsvc/branches/release-branch-2013-5-bto/src@496240 (built by build)
Revision Date: Sat Oct 05 04:54:43 2013

Release Date: Sat Oct 05 05:20:49 2013

                           1 --Driver Command: ccv850 -c -MD
                           2 --		-ID:\Renesas_Electronics\D1x_RGL\rgl_ghs_D1Lx_obj_V1.2.0\vlib\macro\flashc\sfma\lib
                           3 --		-I../../../../../Device -I../../../../../Driver/ADCE
                           4 --		-I../../../../../Driver/CLOCK -I../../../../../Driver/DIO
                           5 --		-I../../../../../Driver/DSPI -I../../../../../Driver/Interrupt
                           6 --		-I../../../../../Driver/ISM -I../../../../../Driver/OSTM
                           7 --		-I../../../../../Driver/PWM -I../../../../../Driver/RSTC
                           8 --		-I../../../../../Driver/RTCA -I../../../../../Driver/STBC
                           9 --		-I../../../../../Driver/TAUB -I../../../../../Driver/WDT
                          10 --		-I../../../../../middleware\ADM -I../../../../../middleware\BPM
                          11 --		-I../../../../../middleware\EED -I../../../../../middleware\IOM
                          12 --		-I../../../../../middleware\LRM -I../../../../../middleware\MOM
                          13 --		-I../../../../../middleware\PWMM -I../../../../../Common
                          14 --		-I../../../../../Applayer\DSM -I../../../../../Applayer\FM
                          15 --		-I../../../../../Applayer\TPM -I../../../../../Applayer\ACC
                          16 --		-I../../../../../Applayer\ASS -I../../../../../Applayer\BAT
                          17 --		-I../../../../../Applayer\COM -I../../../../../Applayer\COM\vtp
                          18 --		-I../../../../../Applayer\COM\vtp\lib
                          19 --		-I../../../../../Applayer\CRUS -I../../../../../Applayer\DIAG
                          20 --		-I../../../../../Applayer\FC -I../../../../../Applayer\FL
                          21 --		-I../../../../../Applayer\HSD -I../../../../../Applayer\IDLE
                          22 --		-I../../../../../Applayer\ILLU -I../../../../../Applayer\LED
                          23 --		-I../../../../../Applayer\MSG -I../../../../../Applayer\NVM
                          24 --		-I../../../../../Applayer\ODO -I../../../../../Applayer\PWR
                          25 --		-I../../../../../Applayer\RANG -I../../../../../Applayer\RST
                          26 --		-I../../../../../Applayer\RTC -I../../../../../Applayer\SCS
                          27 --		-I../../../../../Applayer\SSB -I../../../../../Applayer\ST
                          28 --		-I../../../../../Applayer\STSMG -I../../../../../Applayer\SYS
                          29 --		-I../../../../../Applayer\TIP -I../../../../../Applayer\TRIP
                          30 --		-I../../../../../Applayer\CHM -I../../../../../Applayer\DM
                          31 --		-I../../../../../Applayer\EVT -I../../../../../Applayer\FTR
                          32 --		-I../../../../../Applayer\SLF -I../../../../../Applayer\NWD
                          33 --		-I../../../../../Applayer\TPMS -I../../../../../Applayer\WFM
                          34 --		-I../../../../../Applayer\NZM
                          35 --		-I../../../../../app/gfx_apps/simple_draw_d1l2/src
                          36 --		-I../../../../../bsp/board//config
                          37 --		-I../../../../../bsp/board//src/gfx
                          38 --		-I../../../../../bsp/board//src/hmi
                          39 --		-I../../../../../bsp/board//src/stdio
                          40 --		-I../../../../../bsp/board/d1lx_mango/config
                          41 --		-I../../../../../bsp/board/d1lx_mango/src
                          42 --		-I../../../../../bsp/board/d1lx_mango/src/gfx
                          43 --		-I../../../../../bsp/board/d1lx_mango/src/hmi
                          44 --		-I../../../../../bsp/board/d1lx_mango/src/stdio
                          45 --		-I../../../../../bsp/gfx/lib -I../../../../../bsp/gfx/src
                          46 --		-I../../../../../bsp/hmi/lib -I../../../../../bsp/hmi/src
                          47 --		-I../../../../../bsp/lib -I../../../../../bsp/stdio/lib
                          48 --		-I../../../../../bsp/stdio/src -I../../../../../cdi/lib
                          49 --		-I../../../../../cdi/src -I../../../../../compiler/rh850_ghs/inc
                          50 --		-I../../../../../device/d1lx/lib

                                                                      Page 2
                                                              C:\Users\YINGAO~1\AppData\Local\Temp\gh_00007e01.si
                          51 --		-I../../../../../device/d1lx/macro_cfg
                          52 --		-I../../../../../device/d1lx/src/dev
                          53 --		-I../../../../../device/d1lx/src/rh850_ghs
                          54 --		-I../../../../../device/d1x_common/macro_cfg
                          55 --		-I../../../../../device/d1x_common/src/csisw
                          56 --		-I../../../../../device/d1x_common/src/ddb
                          57 --		-I../../../../../device/d1x_common/src/dev
                          58 --		-I../../../../../device/d1x_common/src/gfxbus
                          59 --		-I../../../../../device/d1x_common/src/gpio
                          60 --		-I../../../../../device/d1x_common/src/ostm
                          61 --		-I../../../../../device/d1x_common/src/pbg
                          62 --		-I../../../../../device/d1x_common/src/riic
                          63 --		-I../../../../../device/d1x_common/src/sfma
                          64 --		-I../../../../../device/d1x_common/src/spea
                          65 --		-I../../../../../device/d1x_common/src/tauj
                          66 --		-I../../../../../device/d1x_common/src/tick
                          67 --		-I../../../../../device/d1x_common/src/vdce
                          68 --		-I../../../../../device/d1x_common/src/wm
                          69 --		-I../../../../../device/d1x_common/src/xbus
                          70 --		-I../../../../../device/lib -I../../../../../macro/bus/pbg/lib
                          71 --		-I../../../../../macro/bus/pbg/src
                          72 --		-I../../../../../macro/csi/csisw/lib
                          73 --		-I../../../../../macro/csi/csisw/src
                          74 --		-I../../../../../macro/drw2d/lib
                          75 --		-I../../../../../macro/drw2d/platform/cpu
                          76 --		-I../../../../../macro/drw2d/platform/os/no_os
                          77 --		-I../../../../../macro/drw2d/src
                          78 --		-I../../../../../macro/flashc/sfcdb/lib
                          79 --		-I../../../../../macro/flashc/sfcdb/src
                          80 --		-I../../../../../macro/flashc/sfma/lib
                          81 --		-I../../../../../macro/flashc/sfma/src
                          82 --		-I../../../../../macro/gfxbus/lib
                          83 --		-I../../../../../macro/gfxbus/src
                          84 --		-I../../../../../macro/gfxbus/xbus/lib
                          85 --		-I../../../../../macro/gfxbus/xbus/src
                          86 --		-I../../../../../macro/gpio/lib -I../../../../../macro/gpio/src
                          87 --		-I../../../../../macro/i2c/riic/lib
                          88 --		-I../../../../../macro/i2c/riic/src
                          89 --		-I../../../../../macro/tick/lib -I../../../../../macro/tick/src
                          90 --		-I../../../../../macro/timer/ostm/lib
                          91 --		-I../../../../../macro/timer/ostm/src
                          92 --		-I../../../../../macro/timer/tauj/lib
                          93 --		-I../../../../../macro/timer/tauj/src
                          94 --		-I../../../../../macro/vdce/lib -I../../../../../macro/vdce/src
                          95 --		-I../../../../../macro/vo/ddb/lib
                          96 --		-I../../../../../macro/vo/ddb/src
                          97 --		-I../../../../../macro/vo/spea/lib
                          98 --		-I../../../../../macro/vo/spea/src -I../../../../../macro/wm/lib
                          99 --		-I../../../../../macro/wm/src
                         100 --		-I../../../../../app/gfx_apps/simple_draw_d1l2/src/QD_HMI
                         101 --		-I../../../../../app/gfx_apps/simple_draw_d1l2/src/QD_HMI/HMI_Data
                         102 --		-G --no_commons --no_implicit_include --prototype_errors
                         103 --		-DR_DRW2D_OS_NO_OS -DR_DRW2D_SYS_CPU -DUSED_CPU=RH850G3M
                         104 --		-DUSE_BSP_GFX -DUSE_BSP_HMI -DUSE_BSP_STDIO -DUSE_CDI -DUSE_CSISW
                         105 --		-DUSE_DDB -DUSE_DRW2D -DUSE_GFXBUS -DUSE_GPIO -DUSE_OSTM
                         106 --		-DUSE_PBG -DUSE_RIIC -DUSE_SFCDB -DUSE_SFMA -DUSE_SPEA -DUSE_TAUJ
                         107 --		-DUSE_TICK -DUSE_VDCE -DUSE_WM -DUSE_XBUS -MD -Mn -Mx -Zuse1bit
                         108 --		-allocate_ep -cpu=rh850g3m -entry=_RESET -large_sda -list
                         109 --		-no_callt -notda -passsource -preprocess_assembly_files
                         110 --		-registermode=22 -reserve_r2 --diag_warning 1 -object_dir=./obj
                         111 --		-filetype.c

                                                                      Page 3
                                                              C:\Users\YINGAO~1\AppData\Local\Temp\gh_00007e01.si
                         112 --		..\..\..\..\..\device\d1x_common\src\spea\r_sys_spea.c -o
                         113 --		.\obj\r_sys_spea.o
                         114 --Source File:   ..\..\..\..\..\device\d1x_common\src\spea\r_sys_spea.c
                         115 --Directory:     
                         116 --		D:\Renesas_Electronics\D1x_RGL\rgl_ghs_D1Lx_obj_V1.2.0\vlib\app\gfx_apps\simple_draw_d1l2\target\d1lx_mango_ghs
                         117 --Compile Date:  Fri Feb 02 14:22:02 2018
                         118 --Host OS:       Win32
                         119 --Version:       C-RH850 2013.5.5 DEVELOPMENT VERSION
                         120 --Release:       Compiler v2013.5.5
                         121 --Revision Date: Sat Oct 05 05:01:20 2013
                         122 --Release Date:  Sat Oct 05 05:22:44 2013
                         123 -- ecom  -g -w
                         124 
                         125 --1: /*
                         126 --2: ****************************************************************************
                         127 --3: PROJECT : VLIB macro device level driver
                         128 --4: FILE    : $Id: r_sys_spea.c 7402 2016-01-27 15:43:39Z florian.zimmermann $
                         129 --5: ============================================================================ 
                         130 --6: DESCRIPTION
                         131 --7: SPEA system functions for d1x
                         132 --8: ============================================================================
                         133 --9:                             C O P Y R I G H T
                         134 --10: ============================================================================
                         135 --11:                        Copyright (c) 2013 - 2014
                         136 --12:                                   by 
                         137 --13:                        Renesas Electronics (Europe) GmbH. 
                         138 --14:                            Arcadiastrasse 10
                         139 --15:                           D-40472 Duesseldorf
                         140 --16:                                Germany
                         141 --17:                           All rights reserved.
                         142 --18: ============================================================================
                         143 --19: Purpose: only for testing, not for mass production
                         144 --21: DISCLAIMER
                         145 --23: LICENSEE has read, understood and accepted the terms and conditions defined in
                         146 --24: the license agreement, especially the usage rights. In any case, it is
                         147 --25: LICENSEE's responsibility to make sure that any user of the software complies
                         148 --26: with the terms and conditions of the signed license agreement.
                         149 --28: SAMPLE CODE is not part of the licensed software, as such it must not be used in
                         150 --29: mass-production applications. It can only be used for evaluation and
                         151 --30: demonstration purposes at customer's premises listed in the signed license
                         152 --31: agreement.
                         153 --33: ****************************************************************************
                         154 --34: */
                         155 --37: /*******************************************************************************
                         156 --38:   Title: dev_spea SPEA device functions
                         157 --40:   Implementation of the SPEA support functions for the 
                         158 --41:   device dev_spea.
                         159 --42: */
                         160 --44: /*******************************************************************************
                         161 --45:   Section: Includes
                         162 --46: */
                         163 --48: #include "r_typedefs.h"
                         164 --49: #include "r_dev_api.h"
                         165 --50: #include "r_spea_api.h"
                         166 --51: #include "r_spea_sys.h"
                         167 --52: #include "r_config_spea.h"
                         168 --54: #if defined (R_DBG_PRINT_DEV_REGS) || defined (R_DBG_PRINT_MSG)
                         169 --55:    #include <stdio.h> 
                         170 --56:    #include "r_dbg_api.h"
                         171 --57: #endif
                         172 --61: /*******************************************************************************

                                                                      Page 4
                                                              C:\Users\YINGAO~1\AppData\Local\Temp\gh_00007e01.si
                         173 --62:   Section: Local Constants
                         174 --63: */
                         175 --65: /* Sprite Engine update timing control register */
                         176 --66: #define LOC_SPEAUPDEN   0xFFC06048u
                         177 --68: /*******************************************************************************
                         178 --69:   Section: Global Functions
                         179 --71: */
                         180 --73: /*******************************************************************************
                         181 --74:   Function: R_SPEA_SPEA_BaseAddr
                         182 --75:   
                         183 --76:   See: r_spea_sys.h for details
                         184 --77: */
                         185 --79: uint32_t R_SPEA_SYS_BaseAddr(uint32_t Unit) 
                         186 	.text
                         187 ..bof.D.3A.5CRenesas_Electronics.5CD1x_RGL.5Crgl_ghs_D1Lx_obj_V1.2E2.2E0.5Cvlib.5Capp.5Cgfx_apps.5Csimple_draw_d1l2.5Ctarget.5Cd1lx_mango_ghs.5Cobj.5Cr_sys_spea...44.3A.5CRenesas_Electronics.5CD1x_RGL.5Crgl_ghs_D1Lx_obj_V1.2E2.2E0.5Cvlib.5Capp.5Cgfx_apps.5Csimple_draw_d1l2.5Ctarget.5Cd1lx_mango_ghs..5A74038A..0::
                         188 	.align	2
                         189 	.global	_R_SPEA_SYS_BaseAddr
                         190 _R_SPEA_SYS_BaseAddr:
00000000 0608            191 	mov	r6,r1
                         192 --	    .bf
                         193 .LDW01:
                         194 --80: {
                         195 --81:     if (Unit >= R_SPEA_MACRO_NUM) 
00000002 610a            196 	cmp	1,r1
00000004 b105*           197 	bl	.L4
                         198 --82:     {
                         199 --83:         return R_SPEA_ERR_NG; 
                         200 --line83
                         201 ..lin.D.3A.5CRenesas_Electronics.5CD1x_RGL.5Crgl_ghs_D1Lx_obj_V1.2E2.2E0.5Cvlib.5Capp.5Cgfx_apps.5Csimple_draw_d1l2.5Ctarget.5Cd1lx_mango_ghs.5Cobj.5Cr_sys_spea.1::
                         202 .LDWlin1:
00000006 0152            203 	mov	1,r10
00000008 c505*           204 	br	.L2
                         205 .L4:
                         206 --84:     }
                         207 --85:     else 
                         208 --86:     {
                         209 --87:         return R_SPEA_BASE;
                         210 --line87
                         211 ..lin.D.3A.5CRenesas_Electronics.5CD1x_RGL.5Crgl_ghs_D1Lx_obj_V1.2E2.2E0.5Cvlib.5Capp.5Cgfx_apps.5Csimple_draw_d1l2.5Ctarget.5Cd1lx_mango_ghs.5Cobj.5Cr_sys_spea.2::
                         212 .LDWlin2:
0000000a 2a060040fdff    213 	mov	-180224,r10
                         214 .L2:
                         215 --	    .ef
                         216 .LDW11:
00000010 7f00            217 	jmp	[lp]
                         218 	.type	_R_SPEA_SYS_BaseAddr,@function
                         219 	.size	_R_SPEA_SYS_BaseAddr,.-_R_SPEA_SYS_BaseAddr
                         220 	.align	2
                         221 .LDW21:
                         222 
                         223 --_Unit	r1	param
                         224 
                         225 	.section ".bss","awb"
                         226 .L28:
                         227 	.type	.L28,@object
                         228 	.size	.L28,0
                         229 	.data
                         230 	.text
                         231 
                         232 --88:     } 
                         233 --89: }

                                                                      Page 5
                                                              C:\Users\YINGAO~1\AppData\Local\Temp\gh_00007e01.si
                         234 
                         235 --91: /*******************************************************************************
                         236 --92:   Function: R_SPEA_SYS_HardwareInit
                         237 --93:   
                         238 --94:   See: r_spea_sys.h for details
                         239 --95: */
                         240 --97: r_spea_Error_t R_SPEA_SYS_HardwareInit(uint32_t Unit) 
                         241 	.align	2
                         242 	.align	2
                         243 	.global	_R_SPEA_SYS_HardwareInit
                         244 _R_SPEA_SYS_HardwareInit:
00000012 0608            245 	mov	r6,r1
                         246 --	    .bf
                         247 .LDW31:
                         248 --98: {
                         249 --99:     if (Unit >= R_SPEA_MACRO_NUM) 
00000014 610a            250 	cmp	1,r1
00000016 b105*           251 	bl	.L48
                         252 --100:     {
                         253 --101:         return R_SPEA_ERR_NG; 
                         254 --line101
                         255 ..lin.D.3A.5CRenesas_Electronics.5CD1x_RGL.5Crgl_ghs_D1Lx_obj_V1.2E2.2E0.5Cvlib.5Capp.5Cgfx_apps.5Csimple_draw_d1l2.5Ctarget.5Cd1lx_mango_ghs.5Cobj.5Cr_sys_spea.3::
                         256 .LDWlin3:
00000018 0152            257 	mov	1,r10
0000001a f505*           258 	br	.L46
                         259 .L48:
                         260 --102:     }
                         261 --103:     else 
                         262 --104:     {
                         263 --105:         R_DEV_WRITE_REG(32, LOC_SPEAUPDEN, 0x0F0Fu);
                         264 --line105
                         265 ..lin.D.3A.5CRenesas_Electronics.5CD1x_RGL.5Crgl_ghs_D1Lx_obj_V1.2E2.2E0.5Cvlib.5Capp.5Cgfx_apps.5Csimple_draw_d1l2.5Ctarget.5Cd1lx_mango_ghs.5Cobj.5Cr_sys_spea.4::
                         266 .LDWlin4:
0000001c 20760f0f        267 	movea	3855,zero,r14
00000020 80078f74c080    268 	st.w	r14,4290797640[zero]
                         269 --106:         return R_SPEA_ERR_OK;
00000026 0052            270 	mov	0,r10
                         271 .L46:
                         272 --	    .ef
                         273 .LDW41:
00000028 7f00            274 	jmp	[lp]
                         275 	.type	_R_SPEA_SYS_HardwareInit,@function
                         276 	.size	_R_SPEA_SYS_HardwareInit,.-_R_SPEA_SYS_HardwareInit
                         277 	.align	2
                         278 .LDW51:
                         279 
                         280 --_Unit	r1	param
                         281 
                         282 	.section ".bss","awb"
                         283 .L78:
                         284 	.type	.L78,@object
                         285 	.size	.L78,0
                         286 	.data
                         287 	.text
                         288 
                         289 --107:     } 
                         290 --108: }
                         291 
                         292 --110: /*******************************************************************************
                         293 --111:   Function: R_SPEA_SYS_ErrorHandler
                         294 --112:   See: r_spea_sys.h for details

                                                                      Page 6
                                                              C:\Users\YINGAO~1\AppData\Local\Temp\gh_00007e01.si
                         295 --113: */
                         296 --115: void R_SPEA_SYS_ErrorHandler(uint32_t Unit, r_spea_Error_t Error) 
                         297 	.align	2
                         298 	.align	2
                         299 	.global	_R_SPEA_SYS_ErrorHandler
                         300 _R_SPEA_SYS_ErrorHandler:
0000002a 8007e100        301 	prepare	{r28,r29,r31},0
0000002e 06e8            302 	mov	r6,r29
00000030 07e0            303 	mov	r7,r28
                         304 --	    .bf
                         305 .LDW61:
                         306 --116: {
                         307 --117:     R_DEV_ERROR(Unit, (uint32_t)Error, "SPEA: Error occured");
00000032 1d30            308 	mov	r29,r6
00000034 1c38            309 	mov	r28,r7
                         310 	jarl	_R_DEV_ErrorHandler,lp
                         310 <EXPANSION BEGIN>
                         310 jarl22 _R_DEV_ErrorHandler , lp 
00000036 80ff0000*       310 <EXPANSION END>
                         311 --118: }
                         312 --line118
                         313 ..lin.D.3A.5CRenesas_Electronics.5CD1x_RGL.5Crgl_ghs_D1Lx_obj_V1.2E2.2E0.5Cvlib.5Capp.5Cgfx_apps.5Csimple_draw_d1l2.5Ctarget.5Cd1lx_mango_ghs.5Cobj.5Cr_sys_spea.5::
                         314 .LDWlin5:
0000003a 0000            315 	nop
                         316 --	    .ef
                         317 .LDW71:
0000003c 4006ff00        318 	dispose	0,{r28,r29,r31},[lp]
                         319 	.type	_R_SPEA_SYS_ErrorHandler,@function
                         320 	.size	_R_SPEA_SYS_ErrorHandler,.-_R_SPEA_SYS_ErrorHandler
                         321 	.align	2
                         322 .LDW81:
                         323 
                         324 --_Unit	r29	param
                         325 --_Error	r28	param
                         326 
                         327 	.section ".bss","awb"
                         328 .L122:
                         329 	.type	.L122,@object
                         330 	.size	.L122,0
                         331 	.data
                         332 	.text
                         333 
                         334 
                         335 --121: /*******************************************************************************
                         336 --122:   Function: R_SPEA_SYS_HardwareDeInit
                         337 --123:   
                         338 --124:   See: r_spea_sys.h for details
                         339 --125: */
                         340 --127: r_spea_Error_t R_SPEA_SYS_HardwareDeInit(uint32_t Unit) 
                         341 	.align	2
                         342 	.align	2
                         343 	.global	_R_SPEA_SYS_HardwareDeInit
                         344 _R_SPEA_SYS_HardwareDeInit:
00000040 0608            345 	mov	r6,r1
                         346 --	    .bf
                         347 .LDW91:
                         348 --128: {
                         349 --129:     if (Unit >= R_SPEA_MACRO_NUM) 
00000042 610a            350 	cmp	1,r1
00000044 b105*           351 	bl	.L139
                         352 --130:     {

                                                                      Page 7
                                                              C:\Users\YINGAO~1\AppData\Local\Temp\gh_00007e01.si
                         353 --131:         return R_SPEA_ERR_RANGE; 
                         354 --line131
                         355 ..lin.D.3A.5CRenesas_Electronics.5CD1x_RGL.5Crgl_ghs_D1Lx_obj_V1.2E2.2E0.5Cvlib.5Capp.5Cgfx_apps.5Csimple_draw_d1l2.5Ctarget.5Cd1lx_mango_ghs.5Cobj.5Cr_sys_spea.6::
                         356 .LDWlin6:
00000046 0252            357 	mov	2,r10
00000048 a505*           358 	br	.L137
                         359 .L139:
                         360 --132:     }
                         361 --133:     else 
                         362 --134:     {
                         363 --135:         return R_SPEA_ERR_OK;
                         364 --line135
                         365 ..lin.D.3A.5CRenesas_Electronics.5CD1x_RGL.5Crgl_ghs_D1Lx_obj_V1.2E2.2E0.5Cvlib.5Capp.5Cgfx_apps.5Csimple_draw_d1l2.5Ctarget.5Cd1lx_mango_ghs.5Cobj.5Cr_sys_spea.7::
                         366 .LDWlin7:
0000004a 0052            367 	mov	0,r10
                         368 .L137:
                         369 --	    .ef
                         370 .LDW02:
0000004c 7f00            371 	jmp	[lp]
                         372 	.type	_R_SPEA_SYS_HardwareDeInit,@function
                         373 	.size	_R_SPEA_SYS_HardwareDeInit,.-_R_SPEA_SYS_HardwareDeInit
                         374 	.align	2
                         375 .LDW12:
                         376 
                         377 --_Unit	r1	param
                         378 
                         379 	.section ".bss","awb"
                         380 .L156:
                         381 	.type	.L156,@object
                         382 	.size	.L156,0
                         383 	.data
                         384 	.text
                         385 
                         386 --136:     } 
                         387 --137: }
                         388 	.align	2
                         389 
                         390 	.data
                         391 	.ghsnote version,14
                         392 	.ghsnote tools,3
                         393 	.ghsnote options,144
                         394 	.text
                         395 	.align	2
                         396 ..eof.D.3A.5CRenesas_Electronics.5CD1x_RGL.5Crgl_ghs_D1Lx_obj_V1.2E2.2E0.5Cvlib.5Capp.5Cgfx_apps.5Csimple_draw_d1l2.5Ctarget.5Cd1lx_mango_ghs.5Cobj.5Cr_sys_spea...44.3A.5CRenesas_Electronics.5CD1x_RGL.5Crgl_ghs_D1Lx_obj_V1.2E2.2E0.5Cvlib.5Capp.5Cgfx_apps.5Csimple_draw_d1l2.5Ctarget.5Cd1lx_mango_ghs..5A74038A..0::
                         397 .rh850_flags REGMODE22,DATA_ALIGN8,GP_FIX,EP_NONFIX,TP_FIX,REG2_RESERVE,G3M
