                                                                      Page 1
                                                              C:\Users\YINGAO~1\AppData\Local\Temp\gh_00004bk1.si
Command Line: C:\ghs\comp_201355\ease850.exe -w -elf -b0 -ID:\Renesas_Electronics\D1x_RGL\rgl_ghs_D1Lx_obj_V1.2.0\vlib\macro\flashc\sfma\lib -I../../../../../Device -I../../../../../Driver/ADCE -I../../../../../Driver/CLOCK -I../../../../../Driver/DIO -I../../../../../Driver/DSPI -I../../../../../Driver/Interrupt -I../../../../../Driver/ISM -I../../../../../Driver/OSTM -I../../../../../Driver/PWM -I../../../../../Driver/RSTC -I../../../../../Driver/RTCA -I../../../../../Driver/STBC -I../../../../../Driver/TAUB -I../../../../../Driver/WDT -I../../../../../middleware\ADM -I../../../../../middleware\BPM -I../../../../../middleware\EED -I../../../../../middleware\IOM -I../../../../../middleware\LRM -I../../../../../middleware\MOM -I../../../../../middleware\PWMM -I../../../../../Common -I../../../../../Applayer\DSM -I../../../../../Applayer\FM -I../../../../../Applayer\TPM -I../../../../../Applayer\ACC -I../../../../../Applayer\ASS -I../../../../../Applayer\BAT -I../../../../../Applayer\COM -I../../../../../Applayer\COM\vtp -I../../../../../Applayer\COM\vtp\lib -I../../../../../Applayer\CRUS -I../../../../../Applayer\DIAG -I../../../../../Applayer\FC -I../../../../../Applayer\FL -I../../../../../Applayer\HSD -I../../../../../Applayer\IDLE -I../../../../../Applayer\ILLU -I../../../../../Applayer\LED -I../../../../../Applayer\MSG -I../../../../../Applayer\NVM -I../../../../../Applayer\ODO -I../../../../../Applayer\PWR -I../../../../../Applayer\RANG -I../../../../../Applayer\RST -I../../../../../Applayer\RTC -I../../../../../Applayer\SCS -I../../../../../Applayer\SSB -I../../../../../Applayer\ST -I../../../../../Applayer\STSMG -I../../../../../Applayer\SYS -I../../../../../Applayer\TIP -I../../../../../Applayer\TRIP -I../../../../../Applayer\CHM -I../../../../../Applayer\DM -I../../../../../Applayer\EVT -I../../../../../Applayer\FTR -I../../../../../Applayer\SLF -I../../../../../Applayer\NWD -I../../../../../Applayer\TPMS -I../../../../../Applayer\WFM -I../../../../../Applayer\NZM -I../../../../../app/gfx_apps/simple_draw_d1l2/src -I../../../../../bsp/board//config -I../../../../../bsp/board//src/gfx -I../../../../../bsp/board//src/hmi -I../../../../../bsp/board//src/stdio -I../../../../../bsp/board/d1lx_mango/config -I../../../../../bsp/board/d1lx_mango/src -I../../../../../bsp/board/d1lx_mango/src/gfx -I../../../../../bsp/board/d1lx_mango/src/hmi -I../../../../../bsp/board/d1lx_mango/src/stdio -I../../../../../bsp/gfx/lib -I../../../../../bsp/gfx/src -I../../../../../bsp/hmi/lib -I../../../../../bsp/hmi/src -I../../../../../bsp/lib -I../../../../../bsp/stdio/lib -I../../../../../bsp/stdio/src -I../../../../../cdi/lib -I../../../../../cdi/src -I../../../../../compiler/rh850_ghs/inc -I../../../../../device/d1lx/lib -I../../../../../device/d1lx/macro_cfg -I../../../../../device/d1lx/src/dev -I../../../../../device/d1lx/src/rh850_ghs -I../../../../../device/d1x_common/macro_cfg -I../../../../../device/d1x_common/src/csisw -I../../../../../device/d1x_common/src/ddb -I../../../../../device/d1x_common/src/dev -I../../../../../device/d1x_common/src/gfxbus -I../../../../../device/d1x_common/src/gpio -I../../../../../device/d1x_common/src/ostm -I../../../../../device/d1x_common/src/pbg -I../../../../../device/d1x_common/src/riic -I../../../../../device/d1x_common/src/sfma -I../../../../../device/d1x_common/src/spea -I../../../../../device/d1x_common/src/tauj -I../../../../../device/d1x_common/src/tick -I../../../../../device/d1x_common/src/vdce -I../../../../../device/d1x_common/src/wm -I../../../../../device/d1x_common/src/xbus -I../../../../../device/lib -I../../../../../macro/bus/pbg/lib -I../../../../../macro/bus/pbg/src -I../../../../../macro/csi/csisw/lib -I../../../../../macro/csi/csisw/src -I../../../../../macro/drw2d/lib -I../../../../../macro/drw2d/platform/cpu -I../../../../../macro/drw2d/platform/os/no_os -I../../../../../macro/drw2d/src -I../../../../../macro/flashc/sfcdb/lib -I../../../../../macro/flashc/sfcdb/src -I../../../../../macro/flashc/sfma/lib -I../../../../../macro/flashc/sfma/src -I../../../../../macro/gfxbus/lib -I../../../../../macro/gfxbus/src -I../../../../../macro/gfxbus/xbus/lib -I../../../../../macro/gfxbus/xbus/src -I../../../../../macro/gpio/lib -I../../../../../macro/gpio/src -I../../../../../macro/i2c/riic/lib -I../../../../../macro/i2c/riic/src -I../../../../../macro/tick/lib -I../../../../../macro/tick/src -I../../../../../macro/timer/ostm/lib -I../../../../../macro/timer/ostm/src -I../../../../../macro/timer/tauj/lib -I../../../../../macro/timer/tauj/src -I../../../../../macro/vdce/lib -I../../../../../macro/vdce/src -I../../../../../macro/vo/ddb/lib -I../../../../../macro/vo/ddb/src -I../../../../../macro/vo/spea/lib -I../../../../../macro/vo/spea/src -I../../../../../macro/wm/lib -I../../../../../macro/wm/src -I../../../../../app/gfx_apps/simple_draw_d1l2/src/QD_HMI -I../../../../../app/gfx_apps/simple_draw_d1l2/src/QD_HMI/HMI_Data -IC:\ghs\comp_201355\lib\rh850_22 -cg_underscore -cpu=rh850g3m -no_v850_simd -dbo=D:\Renesas_Electronics\D1x_RGL\rgl_ghs_D1Lx_obj_V1.2.0\vlib\app\gfx_apps\simple_draw_d1l2\target\d1lx_mango_ghs\obj\r_xbus_xcopy.dbo -source=..\..\..\..\..\macro\gfxbus\xbus\src\r_xbus_xcopy.s --gh_oname=.\obj\r_xbus_xcopy.o --gh_md_append=.\obj\r_xbus_xcopy.d -o .\obj\gh_00004bk1.o -list=.\obj\r_xbus_xcopy.lst C:\Users\YINGAO~1\AppData\Local\Temp\gh_00004bk1.si 
Original File: C:\Users\YINGAO~1\AppData\Local\Temp\gh_00004bk1.si
Source File: ..\..\..\..\..\macro\gfxbus\xbus\src\r_xbus_xcopy.s
Directory: D:\Renesas_Electronics\D1x_RGL\rgl_ghs_D1Lx_obj_V1.2.0\vlib\app\gfx_apps\simple_draw_d1l2\target\d1lx_mango_ghs
Host OS: Windows 7 Service Pack 1
EASE: Copyright (C) 1983-2013 Green Hills Software.  All Rights Reversed.
Release: Compiler v2013.5.5
Build Directory: [Directory] BTOWINBOX:c:/build_2013_5_bto/2013-10-04.1311-2013_5_bto/win32-comp-ecom
Revision: [VCInfo] http://toolsvc/branches/release-branch-2013-5-bto/src@496240 (built by build)
Revision Date: Sat Oct 05 04:54:43 2013

Release Date: Sat Oct 05 05:20:49 2013

                           0 #line 1 "..\\..\\..\\..\\..\\macro\\gfxbus\\xbus\\src\\r_xbus_xcopy.s"
                           1  
                           2  
                           3  
                           4  
                           5  
                           6  
                           7  
                           8  
                           9  
                          10  
                          11  
                          12  
                          13  
                          14  
                          15  
                          16  
                          17  
                          18  
                          19  
                          20  
                          21  
                          22  
                          23  
                          24  
                          25  
                          26  
                          27  
                          28  
                          29  
                          30  
                          31  
                          32  
                          33  
                          34  
                          35  
                          36  
                          37  
                          38  
                          39  
                          40  
                          41  
                          42  
                          43  
                          44  
                          45  
                          46  
                          47  
                          48  
                          49 

                                                                      Page 2
                                                              C:\Users\YINGAO~1\AppData\Local\Temp\gh_00004bk1.si
                          50         .text
                          51 
                          52 
                          53 
                          54 
                          55 
                          56 
                          57 
                          58 
                          59  
                          60     .align(8)
                          61     .globl _R_XBUS_XCopy
                          62 _R_XBUS_XCopy:
                          63 
                          64  
00000000 264f0100         65   ld.w 0x00[r6],r9
00000004 26572100         66   ld.w 0x20[r6],r10
00000008 267f4100         67   ld.w 0x40[r6],r15
0000000c 26c76100         68   ld.w 0x60[r6],r24
                          69   
                          70 
                          71 
                          72  
                          73 
                          74    .copyStart:
                          75   
00000010 a60709800000     76   ld.dw 0x00[r6],r16
00000016 a60789900000     77   ld.dw 0x08[r6],r18
0000001c a60709a10000     78   ld.dw 0x10[r6],r20
00000022 a60789b10000     79   ld.dw 0x18[r6],r22
                          80   
00000028 264f8100         81   ld.w 0x00+0x80[r6],r9
                          82 
                          83   
0000002c a7070f800000     84   st.dw r16,0x00[r7]
00000032 a7078f900000     85   st.dw r18,0x08[r7]
00000038 a7070fa10000     86   st.dw r20,0x10[r7]
0000003e a7078fb10000     87   st.dw r22,0x18[r7]
                          88 
                          89   
00000044 a60709820000     90   ld.dw 0x20[r6],r16
0000004a a60789920000     91   ld.dw 0x28[r6],r18
00000050 a60709a30000     92   ld.dw 0x30[r6],r20
00000056 a60789b30000     93   ld.dw 0x38[r6],r22
                          94    
0000005c 2657a100         95   ld.w 0x20+0x80[r6],r10
                          96   
                          97  
00000060 a7070f820000     98   st.dw r16,0x20[r7]
00000066 a7078f920000     99   st.dw r18,0x28[r7]
0000006c a7070fa30000    100   st.dw r20,0x30[r7]
00000072 a7078fb30000    101   st.dw r22,0x38[r7]
                         102 
                         103  
00000078 a60709840000    104   ld.dw 0x40[r6],r16
0000007e a60789940000    105   ld.dw 0x48[r6],r18
00000084 a60709a50000    106   ld.dw 0x50[r6],r20
0000008a a60789b50000    107   ld.dw 0x58[r6],r22
                         108    
00000090 267fc100        109   ld.w 0x40+0x80[r6],r15
                         110 

                                                                      Page 3
                                                              C:\Users\YINGAO~1\AppData\Local\Temp\gh_00004bk1.si
                         111  
00000094 a7070f840000    112   st.dw r16,0x40[r7]
0000009a a7078f940000    113   st.dw r18,0x48[r7]
000000a0 a7070fa50000    114   st.dw r20,0x50[r7]
000000a6 a7078fb50000    115   st.dw r22,0x58[r7]
                         116 
                         117   
000000ac a60709860000    118   ld.dw 0x60[r6],r16
000000b2 a60789960000    119   ld.dw 0x68[r6],r18
000000b8 a60709a70000    120   ld.dw 0x70[r6],r20
000000be a60789b70000    121   ld.dw 0x78[r6],r22
                         122    
000000c4 26c7e100        123   ld.w 0x60+0x80[r6],r24
                         124   
                         125  
                         126  
                         127   add 0x80,r6
                         127 <EXPANSION BEGIN>
                         127 addi 0x80 , r6 , r6 
000000c8 06368000        127 <EXPANSION END>
                         128   add 0x80,r7
                         128 <EXPANSION BEGIN>
                         128 addi 0x80 , r7 , r7 
000000cc 073e8000        128 <EXPANSION END>
000000d0 e641            129   cmp  r6,r8
                         130 
                         131  
000000d2 a7070f86ffff    132   st.dw r16,0x60-0x80[r7]
000000d8 a7078f96ffff    133   st.dw r18,0x68-0x80[r7]
000000de a7070fa7ffff    134   st.dw r20,0x70-0x80[r7]
000000e4 a7078fb7ffff    135   st.dw r22,0x78-0x80[r7]
                         136 
000000ea ba95*           137   bne  .copyStart
000000ec 0000            138   nop
000000ee 7f00            139 	jmp     [lp]
                         140 	
                         141 	
                         142 
                         143         
                         144   
                         145 	
                         146 
