                                                                      Page 1
                                                              C:\Users\YINGAO~1\AppData\Local\Temp\gh_00007vk1.si
Command Line: C:\ghs\comp_201355\ease850.exe -w -elf -b0 -I../../../../../Device -I../../../../../Driver/ADCE -I../../../../../Driver/CLOCK -I../../../../../Driver/DIO -I../../../../../Driver/DSPI -I../../../../../Driver/Interrupt -I../../../../../Driver/ISM -I../../../../../Driver/OSTM -I../../../../../Driver/PWM -I../../../../../Driver/RSTC -I../../../../../Driver/RTCA -I../../../../../Driver/STBC -I../../../../../Driver/TAUB -I../../../../../Driver/WDT -I../../../../../middleware\ADM -I../../../../../middleware\BPM -I../../../../../middleware\EED -I../../../../../middleware\IOM -I../../../../../middleware\LRM -I../../../../../middleware\MOM -I../../../../../middleware\PWMM -I../../../../../Common -I../../../../../Applayer\DSM -I../../../../../Applayer\FM -I../../../../../Applayer\TPM -I../../../../../Applayer\ACC -I../../../../../Applayer\ASS -I../../../../../Applayer\BAT -I../../../../../Applayer\COM -I../../../../../Applayer\COM\vtp -I../../../../../Applayer\COM\vtp\lib -I../../../../../Applayer\CRUS -I../../../../../Applayer\DIAG -I../../../../../Applayer\FC -I../../../../../Applayer\FL -I../../../../../Applayer\HSD -I../../../../../Applayer\IDLE -I../../../../../Applayer\ILLU -I../../../../../Applayer\LED -I../../../../../Applayer\MSG -I../../../../../Applayer\NVM -I../../../../../Applayer\ODO -I../../../../../Applayer\PWR -I../../../../../Applayer\RANG -I../../../../../Applayer\RST -I../../../../../Applayer\RTC -I../../../../../Applayer\SCS -I../../../../../Applayer\SSB -I../../../../../Applayer\ST -I../../../../../Applayer\STSMG -I../../../../../Applayer\SYS -I../../../../../Applayer\TIP -I../../../../../Applayer\TRIP -I../../../../../Applayer\CHM -I../../../../../Applayer\DM -I../../../../../Applayer\EVT -I../../../../../Applayer\FTR -I../../../../../Applayer\SLF -I../../../../../Applayer\NWD -I../../../../../Applayer\TPMS -I../../../../../Applayer\WFM -I../../../../../Applayer\NZM -I../../../../../app/gfx_apps/simple_draw_d1l2/src -I../../../../../bsp/board//config -I../../../../../bsp/board//src/gfx -I../../../../../bsp/board//src/hmi -I../../../../../bsp/board//src/stdio -I../../../../../bsp/board/d1lx_mango/config -I../../../../../bsp/board/d1lx_mango/src -I../../../../../bsp/board/d1lx_mango/src/gfx -I../../../../../bsp/board/d1lx_mango/src/hmi -I../../../../../bsp/board/d1lx_mango/src/stdio -I../../../../../bsp/gfx/lib -I../../../../../bsp/gfx/src -I../../../../../bsp/hmi/lib -I../../../../../bsp/hmi/src -I../../../../../bsp/lib -I../../../../../bsp/stdio/lib -I../../../../../bsp/stdio/src -I../../../../../cdi/lib -I../../../../../cdi/src -I../../../../../compiler/rh850_ghs/inc -I../../../../../device/d1lx/lib -I../../../../../device/d1lx/macro_cfg -I../../../../../device/d1lx/src/dev -I../../../../../device/d1lx/src/rh850_ghs -I../../../../../device/d1x_common/macro_cfg -I../../../../../device/d1x_common/src/csisw -I../../../../../device/d1x_common/src/ddb -I../../../../../device/d1x_common/src/dev -I../../../../../device/d1x_common/src/gfxbus -I../../../../../device/d1x_common/src/gpio -I../../../../../device/d1x_common/src/ostm -I../../../../../device/d1x_common/src/pbg -I../../../../../device/d1x_common/src/riic -I../../../../../device/d1x_common/src/sfma -I../../../../../device/d1x_common/src/spea -I../../../../../device/d1x_common/src/tauj -I../../../../../device/d1x_common/src/tick -I../../../../../device/d1x_common/src/vdce -I../../../../../device/d1x_common/src/wm -I../../../../../device/d1x_common/src/xbus -I../../../../../device/lib -I../../../../../macro/bus/pbg/lib -I../../../../../macro/bus/pbg/src -I../../../../../macro/csi/csisw/lib -I../../../../../macro/csi/csisw/src -I../../../../../macro/drw2d/lib -I../../../../../macro/drw2d/platform/cpu -I../../../../../macro/drw2d/platform/os/no_os -I../../../../../macro/drw2d/src -I../../../../../macro/flashc/sfcdb/lib -I../../../../../macro/flashc/sfcdb/src -I../../../../../macro/flashc/sfma/lib -I../../../../../macro/flashc/sfma/src -I../../../../../macro/gfxbus/lib -I../../../../../macro/gfxbus/src -I../../../../../macro/gfxbus/xbus/lib -I../../../../../macro/gfxbus/xbus/src -I../../../../../macro/gpio/lib -I../../../../../macro/gpio/src -I../../../../../macro/i2c/riic/lib -I../../../../../macro/i2c/riic/src -I../../../../../macro/tick/lib -I../../../../../macro/tick/src -I../../../../../macro/timer/ostm/lib -I../../../../../macro/timer/ostm/src -I../../../../../macro/timer/tauj/lib -I../../../../../macro/timer/tauj/src -I../../../../../macro/vdce/lib -I../../../../../macro/vdce/src -I../../../../../macro/vo/ddb/lib -I../../../../../macro/vo/ddb/src -I../../../../../macro/vo/spea/lib -I../../../../../macro/vo/spea/src -I../../../../../macro/wm/lib -I../../../../../macro/wm/src -I../../../../../app/gfx_apps/simple_draw_d1l2/src/QD_HMI -I../../../../../app/gfx_apps/simple_draw_d1l2/src/QD_HMI/HMI_Data -IC:\ghs\comp_201355\lib\rh850_22 -cg_underscore -cpu=rh850g3m -no_v850_simd -nomacro -patch_dbo=D:\Renesas_Electronics\D1x_RGL\rgl_ghs_D1Lx_obj_V1.2.0\vlib\app\gfx_apps\simple_draw_d1l2\target\d1lx_mango_ghs\obj\s_fm_config.dbo -source=s_fm_config.c -o .\obj\gh_00007vk1.o -list=.\obj\s_fm_config.lst C:\Users\YINGAO~1\AppData\Local\Temp\gh_00007vk1.si 
Original File: C:\Users\YINGAO~1\AppData\Local\Temp\gh_00007vk1.si
Source File: s_fm_config.c
Directory: D:\Renesas_Electronics\D1x_RGL\rgl_ghs_D1Lx_obj_V1.2.0\vlib\app\gfx_apps\simple_draw_d1l2\target\d1lx_mango_ghs
Host OS: Windows 7 Service Pack 1
EASE: Copyright (C) 1983-2013 Green Hills Software.  All Rights Reversed.
Release: Compiler v2013.5.5
Build Directory: [Directory] BTOWINBOX:c:/build_2013_5_bto/2013-10-04.1311-2013_5_bto/win32-comp-ecom
Revision: [VCInfo] http://toolsvc/branches/release-branch-2013-5-bto/src@496240 (built by build)
Revision Date: Sat Oct 05 04:54:43 2013

Release Date: Sat Oct 05 05:20:49 2013

                           1 --Driver Command: ccv850 -c -MD -I../../../../../Device
                           2 --		-I../../../../../Driver/ADCE -I../../../../../Driver/CLOCK
                           3 --		-I../../../../../Driver/DIO -I../../../../../Driver/DSPI
                           4 --		-I../../../../../Driver/Interrupt -I../../../../../Driver/ISM
                           5 --		-I../../../../../Driver/OSTM -I../../../../../Driver/PWM
                           6 --		-I../../../../../Driver/RSTC -I../../../../../Driver/RTCA
                           7 --		-I../../../../../Driver/STBC -I../../../../../Driver/TAUB
                           8 --		-I../../../../../Driver/WDT -I../../../../../middleware\ADM
                           9 --		-I../../../../../middleware\BPM -I../../../../../middleware\EED
                          10 --		-I../../../../../middleware\IOM -I../../../../../middleware\LRM
                          11 --		-I../../../../../middleware\MOM -I../../../../../middleware\PWMM
                          12 --		-I../../../../../Common -I../../../../../Applayer\DSM
                          13 --		-I../../../../../Applayer\FM -I../../../../../Applayer\TPM
                          14 --		-I../../../../../Applayer\ACC -I../../../../../Applayer\ASS
                          15 --		-I../../../../../Applayer\BAT -I../../../../../Applayer\COM
                          16 --		-I../../../../../Applayer\COM\vtp
                          17 --		-I../../../../../Applayer\COM\vtp\lib
                          18 --		-I../../../../../Applayer\CRUS -I../../../../../Applayer\DIAG
                          19 --		-I../../../../../Applayer\FC -I../../../../../Applayer\FL
                          20 --		-I../../../../../Applayer\HSD -I../../../../../Applayer\IDLE
                          21 --		-I../../../../../Applayer\ILLU -I../../../../../Applayer\LED
                          22 --		-I../../../../../Applayer\MSG -I../../../../../Applayer\NVM
                          23 --		-I../../../../../Applayer\ODO -I../../../../../Applayer\PWR
                          24 --		-I../../../../../Applayer\RANG -I../../../../../Applayer\RST
                          25 --		-I../../../../../Applayer\RTC -I../../../../../Applayer\SCS
                          26 --		-I../../../../../Applayer\SSB -I../../../../../Applayer\ST
                          27 --		-I../../../../../Applayer\STSMG -I../../../../../Applayer\SYS
                          28 --		-I../../../../../Applayer\TIP -I../../../../../Applayer\TRIP
                          29 --		-I../../../../../Applayer\CHM -I../../../../../Applayer\DM
                          30 --		-I../../../../../Applayer\EVT -I../../../../../Applayer\FTR
                          31 --		-I../../../../../Applayer\SLF -I../../../../../Applayer\NWD
                          32 --		-I../../../../../Applayer\TPMS -I../../../../../Applayer\WFM
                          33 --		-I../../../../../Applayer\NZM
                          34 --		-I../../../../../app/gfx_apps/simple_draw_d1l2/src
                          35 --		-I../../../../../bsp/board//config
                          36 --		-I../../../../../bsp/board//src/gfx
                          37 --		-I../../../../../bsp/board//src/hmi
                          38 --		-I../../../../../bsp/board//src/stdio
                          39 --		-I../../../../../bsp/board/d1lx_mango/config
                          40 --		-I../../../../../bsp/board/d1lx_mango/src
                          41 --		-I../../../../../bsp/board/d1lx_mango/src/gfx
                          42 --		-I../../../../../bsp/board/d1lx_mango/src/hmi
                          43 --		-I../../../../../bsp/board/d1lx_mango/src/stdio
                          44 --		-I../../../../../bsp/gfx/lib -I../../../../../bsp/gfx/src
                          45 --		-I../../../../../bsp/hmi/lib -I../../../../../bsp/hmi/src
                          46 --		-I../../../../../bsp/lib -I../../../../../bsp/stdio/lib
                          47 --		-I../../../../../bsp/stdio/src -I../../../../../cdi/lib
                          48 --		-I../../../../../cdi/src -I../../../../../compiler/rh850_ghs/inc
                          49 --		-I../../../../../device/d1lx/lib
                          50 --		-I../../../../../device/d1lx/macro_cfg

                                                                      Page 2
                                                              C:\Users\YINGAO~1\AppData\Local\Temp\gh_00007vk1.si
                          51 --		-I../../../../../device/d1lx/src/dev
                          52 --		-I../../../../../device/d1lx/src/rh850_ghs
                          53 --		-I../../../../../device/d1x_common/macro_cfg
                          54 --		-I../../../../../device/d1x_common/src/csisw
                          55 --		-I../../../../../device/d1x_common/src/ddb
                          56 --		-I../../../../../device/d1x_common/src/dev
                          57 --		-I../../../../../device/d1x_common/src/gfxbus
                          58 --		-I../../../../../device/d1x_common/src/gpio
                          59 --		-I../../../../../device/d1x_common/src/ostm
                          60 --		-I../../../../../device/d1x_common/src/pbg
                          61 --		-I../../../../../device/d1x_common/src/riic
                          62 --		-I../../../../../device/d1x_common/src/sfma
                          63 --		-I../../../../../device/d1x_common/src/spea
                          64 --		-I../../../../../device/d1x_common/src/tauj
                          65 --		-I../../../../../device/d1x_common/src/tick
                          66 --		-I../../../../../device/d1x_common/src/vdce
                          67 --		-I../../../../../device/d1x_common/src/wm
                          68 --		-I../../../../../device/d1x_common/src/xbus
                          69 --		-I../../../../../device/lib -I../../../../../macro/bus/pbg/lib
                          70 --		-I../../../../../macro/bus/pbg/src
                          71 --		-I../../../../../macro/csi/csisw/lib
                          72 --		-I../../../../../macro/csi/csisw/src
                          73 --		-I../../../../../macro/drw2d/lib
                          74 --		-I../../../../../macro/drw2d/platform/cpu
                          75 --		-I../../../../../macro/drw2d/platform/os/no_os
                          76 --		-I../../../../../macro/drw2d/src
                          77 --		-I../../../../../macro/flashc/sfcdb/lib
                          78 --		-I../../../../../macro/flashc/sfcdb/src
                          79 --		-I../../../../../macro/flashc/sfma/lib
                          80 --		-I../../../../../macro/flashc/sfma/src
                          81 --		-I../../../../../macro/gfxbus/lib
                          82 --		-I../../../../../macro/gfxbus/src
                          83 --		-I../../../../../macro/gfxbus/xbus/lib
                          84 --		-I../../../../../macro/gfxbus/xbus/src
                          85 --		-I../../../../../macro/gpio/lib -I../../../../../macro/gpio/src
                          86 --		-I../../../../../macro/i2c/riic/lib
                          87 --		-I../../../../../macro/i2c/riic/src
                          88 --		-I../../../../../macro/tick/lib -I../../../../../macro/tick/src
                          89 --		-I../../../../../macro/timer/ostm/lib
                          90 --		-I../../../../../macro/timer/ostm/src
                          91 --		-I../../../../../macro/timer/tauj/lib
                          92 --		-I../../../../../macro/timer/tauj/src
                          93 --		-I../../../../../macro/vdce/lib -I../../../../../macro/vdce/src
                          94 --		-I../../../../../macro/vo/ddb/lib
                          95 --		-I../../../../../macro/vo/ddb/src
                          96 --		-I../../../../../macro/vo/spea/lib
                          97 --		-I../../../../../macro/vo/spea/src -I../../../../../macro/wm/lib
                          98 --		-I../../../../../macro/wm/src
                          99 --		-I../../../../../app/gfx_apps/simple_draw_d1l2/src/QD_HMI
                         100 --		-I../../../../../app/gfx_apps/simple_draw_d1l2/src/QD_HMI/HMI_Data
                         101 --		-G --no_commons --no_implicit_include --prototype_errors
                         102 --		-DR_DRW2D_OS_NO_OS -DR_DRW2D_SYS_CPU -DUSED_CPU=RH850G3M
                         103 --		-DUSE_BSP_GFX -DUSE_BSP_HMI -DUSE_BSP_STDIO -DUSE_CDI -DUSE_CSISW
                         104 --		-DUSE_DDB -DUSE_DRW2D -DUSE_GFXBUS -DUSE_GPIO -DUSE_OSTM
                         105 --		-DUSE_PBG -DUSE_RIIC -DUSE_SFCDB -DUSE_SFMA -DUSE_SPEA -DUSE_TAUJ
                         106 --		-DUSE_TICK -DUSE_VDCE -DUSE_WM -DUSE_XBUS -MD -Mn -Mx -Zuse1bit
                         107 --		-allocate_ep -cpu=rh850g3m -entry=_RESET -large_sda -list
                         108 --		-no_callt -notda -passsource -preprocess_assembly_files
                         109 --		-registermode=22 -reserve_r2 --diag_warning 1 -object_dir=./obj
                         110 --		-filetype.c
                         111 --		D:\Renesas_Electronics\D1x_RGL\rgl_ghs_D1Lx_obj_V1.2.0\vlib\Applayer\FM\s_fm_config.c

                                                                      Page 3
                                                              C:\Users\YINGAO~1\AppData\Local\Temp\gh_00007vk1.si
                         112 --		-o .\obj\s_fm_config.o
                         113 --Source File:   D:\Renesas_Electronics\D1x_RGL\rgl_ghs_D1Lx_obj_V1.2.0\vlib\Applayer\FM\s_fm_config.c
                         114 --Directory:     
                         115 --		D:\Renesas_Electronics\D1x_RGL\rgl_ghs_D1Lx_obj_V1.2.0\vlib\app\gfx_apps\simple_draw_d1l2\target\d1lx_mango_ghs
                         116 --Compile Date:  Fri Feb 02 14:21:15 2018
                         117 --Host OS:       Win32
                         118 --Version:       C-RH850 2013.5.5 DEVELOPMENT VERSION
                         119 --Release:       Compiler v2013.5.5
                         120 --Revision Date: Sat Oct 05 05:01:20 2013
                         121 --Release Date:  Sat Oct 05 05:22:44 2013
                         122 -- ecom  -g -w
                         123 
                         124 	.section ".rodata","a"
                         125 	.align	4
                         126 	.global	_s_fm_globalSnapshotRam
00000000 1605            127 _s_fm_globalSnapshotRam:	.byte	22,5
00000002 0000            128 	.space	2
00000004 00000000*       129 	.word	_globalSnapshotDID
                         130 	.type	_s_fm_globalSnapshotRam,@object
                         131 	.size	_s_fm_globalSnapshotRam,8
                         132 	.global	_localSnapshotDID_Def
00000008 0000            133 _localSnapshotDID_Def:	.space	2
0000000a 00              134 	.space	1
0000000b 00              135 	.space	1
                         136 	.type	_localSnapshotDID_Def,@object
                         137 	.size	_localSnapshotDID_Def,4
                         138 	.global	_v_fm_allNumOfDtc
0000000c 2700            139 _v_fm_allNumOfDtc:	.byte	39,0
                         140 	.type	_v_fm_allNumOfDtc,@object
                         141 	.size	_v_fm_allNumOfDtc,2
                         142 	.global	_v_fm_stoNumOfDtc
0000000e 2700            143 _v_fm_stoNumOfDtc:	.byte	39,0
                         144 	.type	_v_fm_stoNumOfDtc,@object
                         145 	.size	_v_fm_stoNumOfDtc,2
                         146 	.global	_v_fm_stoNumOfSnapshot
00000010 0a00            147 _v_fm_stoNumOfSnapshot:	.byte	10,0
                         148 	.type	_v_fm_stoNumOfSnapshot,@object
                         149 	.size	_v_fm_stoNumOfSnapshot,2
                         150 	.global	_v_fm_DtcStatusMask
00000012 7f              151 _v_fm_DtcStatusMask:	.byte	127
                         152 	.type	_v_fm_DtcStatusMask,@object
                         153 	.size	_v_fm_DtcStatusMask,1
                         154 	.global	_v_fm_secondSnapshotSupported
00000013 00              155 _v_fm_secondSnapshotSupported:	.byte	0
                         156 	.type	_v_fm_secondSnapshotSupported,@object
                         157 	.size	_v_fm_secondSnapshotSupported,1
                         158 	.global	_v_fm_taskCycleTime
00000014 0a              159 _v_fm_taskCycleTime:	.byte	10
                         160 	.type	_v_fm_taskCycleTime,@object
                         161 	.size	_v_fm_taskCycleTime,1
00000015 000000          162 	.space	3
                         163 	.global	_globalSnapshotDID
00000018 1201            164 _globalSnapshotDID:	.byte	18,1
0000001a 01              165 	.byte	1
0000001b 00              166 	.space	1
0000001c 01e1            167 	.byte	1,225
0000001e 03              168 	.byte	3
0000001f 00              169 	.space	1
00000020 01d0            170 	.byte	1,208
00000022 01              171 	.byte	1
00000023 00              172 	.space	1

                                                                      Page 4
                                                              C:\Users\YINGAO~1\AppData\Local\Temp\gh_00007vk1.si
00000024 0b01            173 	.byte	11,1
00000026 06              174 	.byte	6
00000027 00              175 	.space	1
00000028 0c01            176 	.byte	12,1
0000002a 01              177 	.byte	1
0000002b 00              178 	.space	1
                         179 	.type	_globalSnapshotDID,@object
                         180 	.size	_globalSnapshotDID,20
                         181 	.data
                         182 	.align	2
                         183 	.global	_cycleStateRamPre
00000000 03              184 _cycleStateRamPre:	.byte	3
00000001 000000000000    185 	.space	38
00000007 000000000000 
0000000d 000000000000 
00000013 000000000000 
00000019 000000000000 
0000001f 000000000000 
00000025 0000 
                         186 	.type	_cycleStateRamPre,@object
                         187 	.size	_cycleStateRamPre,39
00000027 00              188 	.space	1
                         189 	.global	_s_fm_dtc_ram
00000028 05e041ff        190 _s_fm_dtc_ram:	.byte	5,224,65,255
0000002c ff030102        191 	.byte	255,3,1,2
00000030 01              192 	.byte	1
00000031 00              193 	.space	1
00000032 00010107        194 	.byte	0,1,1,7
00000036 010e            195 	.byte	1,14
00000038 00              196 	.space	1
00000039 00              197 	.space	1
0000003a 00              198 	.space	1
0000003b 00              199 	.space	1
0000003c 00              200 	.space	1
0000003d 00              201 	.space	1
0000003e 00              202 	.space	1
0000003f 00              203 	.space	1
00000040 00              204 	.space	1
00000041 00              205 	.space	1
00000042 00              206 	.space	1
00000043 00              207 	.space	1
00000044 00              208 	.space	1
00000045 00              209 	.space	1
00000046 01e042ff        210 	.byte	1,224,66,255
0000004a ff030102        211 	.byte	255,3,1,2
0000004e 01              212 	.byte	1
0000004f 00              213 	.space	1
00000050 00010106        214 	.byte	0,1,1,6
00000054 010e            215 	.byte	1,14
00000056 00              216 	.space	1
00000057 00              217 	.space	1
00000058 00              218 	.space	1
00000059 00              219 	.space	1
0000005a 00              220 	.space	1
0000005b 00              221 	.space	1
0000005c 00              222 	.space	1
0000005d 00              223 	.space	1
0000005e 00              224 	.space	1
0000005f 00              225 	.space	1
00000060 00              226 	.space	1
00000061 00              227 	.space	1

                                                                      Page 5
                                                              C:\Users\YINGAO~1\AppData\Local\Temp\gh_00007vk1.si
00000062 00              228 	.space	1
00000063 00              229 	.space	1
00000064 62d517ff        230 	.byte	98,213,23,255
00000068 ff030101        231 	.byte	255,3,1,1
0000006c 01              232 	.byte	1
0000006d 00              233 	.space	1
0000006e 00010105        234 	.byte	0,1,1,5
00000072 00              235 	.space	1
00000073 0e              236 	.byte	14
00000074 00              237 	.space	1
00000075 00              238 	.space	1
00000076 00              239 	.space	1
00000077 00              240 	.space	1
00000078 00              241 	.space	1
00000079 00              242 	.space	1
0000007a 00              243 	.space	1
0000007b 00              244 	.space	1
0000007c 00              245 	.space	1
0000007d 00              246 	.space	1
0000007e 00              247 	.space	1
0000007f 00              248 	.space	1
00000080 00              249 	.space	1
00000081 00              250 	.space	1
00000082 63d516ff        251 	.byte	99,213,22,255
00000086 ff030101        252 	.byte	255,3,1,1
0000008a 01              253 	.byte	1
0000008b 00              254 	.space	1
0000008c 00010104        255 	.byte	0,1,1,4
00000090 00              256 	.space	1
00000091 0e              257 	.byte	14
00000092 00              258 	.space	1
00000093 00              259 	.space	1
00000094 00              260 	.space	1
00000095 00              261 	.space	1
00000096 00              262 	.space	1
00000097 00              263 	.space	1
00000098 00              264 	.space	1
00000099 00              265 	.space	1
0000009a 00              266 	.space	1
0000009b 00              267 	.space	1
0000009c 00              268 	.space	1
0000009d 00              269 	.space	1
0000009e 00              270 	.space	1
0000009f 00              271 	.space	1
000000a0 00d5            272 	.byte	0,213
000000a2 00              273 	.space	1
000000a3 ffff0301        274 	.byte	255,255,3,1
000000a7 0201            275 	.byte	2,1
000000a9 00              276 	.space	1
000000aa 00010103        277 	.byte	0,1,1,3
000000ae 010e            278 	.byte	1,14
000000b0 00              279 	.space	1
000000b1 00              280 	.space	1
000000b2 00              281 	.space	1
000000b3 00              282 	.space	1
000000b4 00              283 	.space	1
000000b5 00              284 	.space	1
000000b6 00              285 	.space	1
000000b7 00              286 	.space	1
000000b8 00              287 	.space	1
000000b9 00              288 	.space	1

                                                                      Page 6
                                                              C:\Users\YINGAO~1\AppData\Local\Temp\gh_00007vk1.si
000000ba 00              289 	.space	1
000000bb 00              290 	.space	1
000000bc 00              291 	.space	1
000000bd 00              292 	.space	1
000000be 73c088ff        293 	.byte	115,192,136,255
000000c2 ff              294 	.byte	255
000000c3 00              295 	.space	1
000000c4 0101            296 	.byte	1,1
000000c6 01              297 	.byte	1
000000c7 00              298 	.space	1
000000c8 00010102        299 	.byte	0,1,1,2
000000cc 010e            300 	.byte	1,14
000000ce 00              301 	.space	1
000000cf 00              302 	.space	1
000000d0 00              303 	.space	1
000000d1 00              304 	.space	1
000000d2 00              305 	.space	1
000000d3 00              306 	.space	1
000000d4 00              307 	.space	1
000000d5 00              308 	.space	1
000000d6 00              309 	.space	1
000000d7 00              310 	.space	1
000000d8 00              311 	.space	1
000000d9 00              312 	.space	1
000000da 00              313 	.space	1
000000db 00              314 	.space	1
000000dc 219286ff        315 	.byte	33,146,134,255
000000e0 ff030102        316 	.byte	255,3,1,2
000000e4 01              317 	.byte	1
000000e5 00              318 	.space	1
000000e6 00010101        319 	.byte	0,1,1,1
000000ea 010e            320 	.byte	1,14
000000ec 00              321 	.space	1
000000ed 00              322 	.space	1
000000ee 00              323 	.space	1
000000ef 00              324 	.space	1
000000f0 00              325 	.space	1
000000f1 00              326 	.space	1
000000f2 00              327 	.space	1
000000f3 00              328 	.space	1
000000f4 00              329 	.space	1
000000f5 00              330 	.space	1
000000f6 00              331 	.space	1
000000f7 00              332 	.space	1
000000f8 00              333 	.space	1
000000f9 00              334 	.space	1
000000fa 2092            335 	.byte	32,146
000000fc 00              336 	.space	1
000000fd ffff0301        337 	.byte	255,255,3,1
00000101 0201            338 	.byte	2,1
00000103 00              339 	.space	1
00000104 0001            340 	.byte	0,1
00000106 01              341 	.byte	1
00000107 00              342 	.space	1
00000108 010e            343 	.byte	1,14
0000010a 00              344 	.space	1
0000010b 00              345 	.space	1
0000010c 00              346 	.space	1
0000010d 00              347 	.space	1
0000010e 00              348 	.space	1
0000010f 00              349 	.space	1

                                                                      Page 7
                                                              C:\Users\YINGAO~1\AppData\Local\Temp\gh_00007vk1.si
00000110 00              350 	.space	1
00000111 00              351 	.space	1
00000112 00              352 	.space	1
00000113 00              353 	.space	1
00000114 00              354 	.space	1
00000115 00              355 	.space	1
00000116 00              356 	.space	1
00000117 00              357 	.space	1
00000118 00c187ff        358 	.byte	0,193,135,255
0000011c ff030101        359 	.byte	255,3,1,1
00000120 01              360 	.byte	1
00000121 00              361 	.space	1
00000122 00010207        362 	.byte	0,1,2,7
00000126 020e            363 	.byte	2,14
00000128 00              364 	.space	1
00000129 00              365 	.space	1
0000012a 00              366 	.space	1
0000012b 00              367 	.space	1
0000012c 00              368 	.space	1
0000012d 00              369 	.space	1
0000012e 00              370 	.space	1
0000012f 00              371 	.space	1
00000130 00              372 	.space	1
00000131 00              373 	.space	1
00000132 00              374 	.space	1
00000133 00              375 	.space	1
00000134 00              376 	.space	1
00000135 00              377 	.space	1
00000136 40c187ff        378 	.byte	64,193,135,255
0000013a ff030101        379 	.byte	255,3,1,1
0000013e 01              380 	.byte	1
0000013f 00              381 	.space	1
00000140 00010206        382 	.byte	0,1,2,6
00000144 020e            383 	.byte	2,14
00000146 00              384 	.space	1
00000147 00              385 	.space	1
00000148 00              386 	.space	1
00000149 00              387 	.space	1
0000014a 00              388 	.space	1
0000014b 00              389 	.space	1
0000014c 00              390 	.space	1
0000014d 00              391 	.space	1
0000014e 00              392 	.space	1
0000014f 00              393 	.space	1
00000150 00              394 	.space	1
00000151 00              395 	.space	1
00000152 00              396 	.space	1
00000153 00              397 	.space	1
00000154 21c187ff        398 	.byte	33,193,135,255
00000158 ff030101        399 	.byte	255,3,1,1
0000015c 01              400 	.byte	1
0000015d 00              401 	.space	1
0000015e 00010205        402 	.byte	0,1,2,5
00000162 020e            403 	.byte	2,14
00000164 00              404 	.space	1
00000165 00              405 	.space	1
00000166 00              406 	.space	1
00000167 00              407 	.space	1
00000168 00              408 	.space	1
00000169 00              409 	.space	1
0000016a 00              410 	.space	1

                                                                      Page 8
                                                              C:\Users\YINGAO~1\AppData\Local\Temp\gh_00007vk1.si
0000016b 00              411 	.space	1
0000016c 00              412 	.space	1
0000016d 00              413 	.space	1
0000016e 00              414 	.space	1
0000016f 00              415 	.space	1
00000170 00              416 	.space	1
00000171 00              417 	.space	1
00000172 01c187ff        418 	.byte	1,193,135,255
00000176 ff030101        419 	.byte	255,3,1,1
0000017a 01              420 	.byte	1
0000017b 00              421 	.space	1
0000017c 00010204        422 	.byte	0,1,2,4
00000180 020e            423 	.byte	2,14
00000182 00              424 	.space	1
00000183 00              425 	.space	1
00000184 00              426 	.space	1
00000185 00              427 	.space	1
00000186 00              428 	.space	1
00000187 00              429 	.space	1
00000188 00              430 	.space	1
00000189 00              431 	.space	1
0000018a 00              432 	.space	1
0000018b 00              433 	.space	1
0000018c 00              434 	.space	1
0000018d 00              435 	.space	1
0000018e 00              436 	.space	1
0000018f 00              437 	.space	1
00000190 51c187ff        438 	.byte	81,193,135,255
00000194 ff030101        439 	.byte	255,3,1,1
00000198 01              440 	.byte	1
00000199 00              441 	.space	1
0000019a 00010203        442 	.byte	0,1,2,3
0000019e 020e            443 	.byte	2,14
000001a0 00              444 	.space	1
000001a1 00              445 	.space	1
000001a2 00              446 	.space	1
000001a3 00              447 	.space	1
000001a4 00              448 	.space	1
000001a5 00              449 	.space	1
000001a6 00              450 	.space	1
000001a7 00              451 	.space	1
000001a8 00              452 	.space	1
000001a9 00              453 	.space	1
000001aa 00              454 	.space	1
000001ab 00              455 	.space	1
000001ac 00              456 	.space	1
000001ad 00              457 	.space	1
000001ae 31c187ff        458 	.byte	49,193,135,255
000001b2 ff030101        459 	.byte	255,3,1,1
000001b6 01              460 	.byte	1
000001b7 00              461 	.space	1
000001b8 00010202        462 	.byte	0,1,2,2
000001bc 020e            463 	.byte	2,14
000001be 00              464 	.space	1
000001bf 00              465 	.space	1
000001c0 00              466 	.space	1
000001c1 00              467 	.space	1
000001c2 00              468 	.space	1
000001c3 00              469 	.space	1
000001c4 00              470 	.space	1
000001c5 00              471 	.space	1

                                                                      Page 9
                                                              C:\Users\YINGAO~1\AppData\Local\Temp\gh_00007vk1.si
000001c6 00              472 	.space	1
000001c7 00              473 	.space	1
000001c8 00              474 	.space	1
000001c9 00              475 	.space	1
000001ca 00              476 	.space	1
000001cb 00              477 	.space	1
000001cc 45c287ff        478 	.byte	69,194,135,255
000001d0 ff030102        479 	.byte	255,3,1,2
000001d4 01              480 	.byte	1
000001d5 00              481 	.space	1
000001d6 00010201        482 	.byte	0,1,2,1
000001da 020e            483 	.byte	2,14
000001dc 00              484 	.space	1
000001dd 00              485 	.space	1
000001de 00              486 	.space	1
000001df 00              487 	.space	1
000001e0 00              488 	.space	1
000001e1 00              489 	.space	1
000001e2 00              490 	.space	1
000001e3 00              491 	.space	1
000001e4 00              492 	.space	1
000001e5 00              493 	.space	1
000001e6 00              494 	.space	1
000001e7 00              495 	.space	1
000001e8 00              496 	.space	1
000001e9 00              497 	.space	1
000001ea 5a9711ff        498 	.byte	90,151,17,255
000001ee ff030101        499 	.byte	255,3,1,1
000001f2 01              500 	.byte	1
000001f3 00              501 	.space	1
000001f4 00010307        502 	.byte	0,1,3,7
000001f8 010e            503 	.byte	1,14
000001fa 00              504 	.space	1
000001fb 00              505 	.space	1
000001fc 00              506 	.space	1
000001fd 00              507 	.space	1
000001fe 00              508 	.space	1
000001ff 00              509 	.space	1
00000200 00              510 	.space	1
00000201 00              511 	.space	1
00000202 00              512 	.space	1
00000203 00              513 	.space	1
00000204 00              514 	.space	1
00000205 00              515 	.space	1
00000206 00              516 	.space	1
00000207 00              517 	.space	1
00000208 5b9711ff        518 	.byte	91,151,17,255
0000020c ff030101        519 	.byte	255,3,1,1
00000210 01              520 	.byte	1
00000211 00              521 	.space	1
00000212 00010305        522 	.byte	0,1,3,5
00000216 010e            523 	.byte	1,14
00000218 00              524 	.space	1
00000219 00              525 	.space	1
0000021a 00              526 	.space	1
0000021b 00              527 	.space	1
0000021c 00              528 	.space	1
0000021d 00              529 	.space	1
0000021e 00              530 	.space	1
0000021f 00              531 	.space	1
00000220 00              532 	.space	1

                                                                      Page 10
                                                              C:\Users\YINGAO~1\AppData\Local\Temp\gh_00007vk1.si
00000221 00              533 	.space	1
00000222 00              534 	.space	1
00000223 00              535 	.space	1
00000224 00              536 	.space	1
00000225 00              537 	.space	1
00000226 529711ff        538 	.byte	82,151,17,255
0000022a ff030101        539 	.byte	255,3,1,1
0000022e 01              540 	.byte	1
0000022f 00              541 	.space	1
00000230 00010303        542 	.byte	0,1,3,3
00000234 010e            543 	.byte	1,14
00000236 00              544 	.space	1
00000237 00              545 	.space	1
00000238 00              546 	.space	1
00000239 00              547 	.space	1
0000023a 00              548 	.space	1
0000023b 00              549 	.space	1
0000023c 00              550 	.space	1
0000023d 00              551 	.space	1
0000023e 00              552 	.space	1
0000023f 00              553 	.space	1
00000240 00              554 	.space	1
00000241 00              555 	.space	1
00000242 00              556 	.space	1
00000243 00              557 	.space	1
00000244 529715ff        558 	.byte	82,151,21,255
00000248 ff030101        559 	.byte	255,3,1,1
0000024c 01              560 	.byte	1
0000024d 00              561 	.space	1
0000024e 00010302        562 	.byte	0,1,3,2
00000252 010e            563 	.byte	1,14
00000254 00              564 	.space	1
00000255 00              565 	.space	1
00000256 00              566 	.space	1
00000257 00              567 	.space	1
00000258 00              568 	.space	1
00000259 00              569 	.space	1
0000025a 00              570 	.space	1
0000025b 00              571 	.space	1
0000025c 00              572 	.space	1
0000025d 00              573 	.space	1
0000025e 00              574 	.space	1
0000025f 00              575 	.space	1
00000260 00              576 	.space	1
00000261 00              577 	.space	1
00000262 539771ff        578 	.byte	83,151,113,255
00000266 ff030101        579 	.byte	255,3,1,1
0000026a 01              580 	.byte	1
0000026b 00              581 	.space	1
0000026c 00010301        582 	.byte	0,1,3,1
00000270 010e            583 	.byte	1,14
00000272 00              584 	.space	1
00000273 00              585 	.space	1
00000274 00              586 	.space	1
00000275 00              587 	.space	1
00000276 00              588 	.space	1
00000277 00              589 	.space	1
00000278 00              590 	.space	1
00000279 00              591 	.space	1
0000027a 00              592 	.space	1
0000027b 00              593 	.space	1

                                                                      Page 11
                                                              C:\Users\YINGAO~1\AppData\Local\Temp\gh_00007vk1.si
0000027c 00              594 	.space	1
0000027d 00              595 	.space	1
0000027e 00              596 	.space	1
0000027f 00              597 	.space	1
00000280 6497            598 	.byte	100,151
00000282 00              599 	.space	1
00000283 ffff0301        600 	.byte	255,255,3,1
00000287 0101            601 	.byte	1,1
00000289 00              602 	.space	1
0000028a 0001            603 	.byte	0,1
0000028c 03              604 	.byte	3
0000028d 00              605 	.space	1
0000028e 010e            606 	.byte	1,14
00000290 00              607 	.space	1
00000291 00              608 	.space	1
00000292 00              609 	.space	1
00000293 00              610 	.space	1
00000294 00              611 	.space	1
00000295 00              612 	.space	1
00000296 00              613 	.space	1
00000297 00              614 	.space	1
00000298 00              615 	.space	1
00000299 00              616 	.space	1
0000029a 00              617 	.space	1
0000029b 00              618 	.space	1
0000029c 00              619 	.space	1
0000029d 00              620 	.space	1
0000029e 640511ff        621 	.byte	100,5,17,255
000002a2 ff030101        622 	.byte	255,3,1,1
000002a6 01              623 	.byte	1
000002a7 00              624 	.space	1
000002a8 00010407        625 	.byte	0,1,4,7
000002ac 010e            626 	.byte	1,14
000002ae 00              627 	.space	1
000002af 00              628 	.space	1
000002b0 00              629 	.space	1
000002b1 00              630 	.space	1
000002b2 00              631 	.space	1
000002b3 00              632 	.space	1
000002b4 00              633 	.space	1
000002b5 00              634 	.space	1
000002b6 00              635 	.space	1
000002b7 00              636 	.space	1
000002b8 00              637 	.space	1
000002b9 00              638 	.space	1
000002ba 00              639 	.space	1
000002bb 00              640 	.space	1
000002bc 640512ff        641 	.byte	100,5,18,255
000002c0 ff030101        642 	.byte	255,3,1,1
000002c4 01              643 	.byte	1
000002c5 00              644 	.space	1
000002c6 00010406        645 	.byte	0,1,4,6
000002ca 010e            646 	.byte	1,14
000002cc 00              647 	.space	1
000002cd 00              648 	.space	1
000002ce 00              649 	.space	1
000002cf 00              650 	.space	1
000002d0 00              651 	.space	1
000002d1 00              652 	.space	1
000002d2 00              653 	.space	1
000002d3 00              654 	.space	1

                                                                      Page 12
                                                              C:\Users\YINGAO~1\AppData\Local\Temp\gh_00007vk1.si
000002d4 00              655 	.space	1
000002d5 00              656 	.space	1
000002d6 00              657 	.space	1
000002d7 00              658 	.space	1
000002d8 00              659 	.space	1
000002d9 00              660 	.space	1
000002da 640596ff        661 	.byte	100,5,150,255
000002de ff030101        662 	.byte	255,3,1,1
000002e2 01              663 	.byte	1
000002e3 00              664 	.space	1
000002e4 00010405        665 	.byte	0,1,4,5
000002e8 010e            666 	.byte	1,14
000002ea 00              667 	.space	1
000002eb 00              668 	.space	1
000002ec 00              669 	.space	1
000002ed 00              670 	.space	1
000002ee 00              671 	.space	1
000002ef 00              672 	.space	1
000002f0 00              673 	.space	1
000002f1 00              674 	.space	1
000002f2 00              675 	.space	1
000002f3 00              676 	.space	1
000002f4 00              677 	.space	1
000002f5 00              678 	.space	1
000002f6 00              679 	.space	1
000002f7 00              680 	.space	1
000002f8 64051cff        681 	.byte	100,5,28,255
000002fc ff030101        682 	.byte	255,3,1,1
00000300 01              683 	.byte	1
00000301 00              684 	.space	1
00000302 00010404        685 	.byte	0,1,4,4
00000306 010e            686 	.byte	1,14
00000308 00              687 	.space	1
00000309 00              688 	.space	1
0000030a 00              689 	.space	1
0000030b 00              690 	.space	1
0000030c 00              691 	.space	1
0000030d 00              692 	.space	1
0000030e 00              693 	.space	1
0000030f 00              694 	.space	1
00000310 00              695 	.space	1
00000311 00              696 	.space	1
00000312 00              697 	.space	1
00000313 00              698 	.space	1
00000314 00              699 	.space	1
00000315 00              700 	.space	1
00000316 890511ff        701 	.byte	137,5,17,255
0000031a ff030101        702 	.byte	255,3,1,1
0000031e 01              703 	.byte	1
0000031f 00              704 	.space	1
00000320 00010403        705 	.byte	0,1,4,3
00000324 010e            706 	.byte	1,14
00000326 00              707 	.space	1
00000327 00              708 	.space	1
00000328 00              709 	.space	1
00000329 00              710 	.space	1
0000032a 00              711 	.space	1
0000032b 00              712 	.space	1
0000032c 00              713 	.space	1
0000032d 00              714 	.space	1
0000032e 00              715 	.space	1

                                                                      Page 13
                                                              C:\Users\YINGAO~1\AppData\Local\Temp\gh_00007vk1.si
0000032f 00              716 	.space	1
00000330 00              717 	.space	1
00000331 00              718 	.space	1
00000332 00              719 	.space	1
00000333 00              720 	.space	1
00000334 890512ff        721 	.byte	137,5,18,255
00000338 ff030101        722 	.byte	255,3,1,1
0000033c 01              723 	.byte	1
0000033d 00              724 	.space	1
0000033e 00010402        725 	.byte	0,1,4,2
00000342 010e            726 	.byte	1,14
00000344 00              727 	.space	1
00000345 00              728 	.space	1
00000346 00              729 	.space	1
00000347 00              730 	.space	1
00000348 00              731 	.space	1
00000349 00              732 	.space	1
0000034a 00              733 	.space	1
0000034b 00              734 	.space	1
0000034c 00              735 	.space	1
0000034d 00              736 	.space	1
0000034e 00              737 	.space	1
0000034f 00              738 	.space	1
00000350 00              739 	.space	1
00000351 00              740 	.space	1
00000352 890596ff        741 	.byte	137,5,150,255
00000356 ff030101        742 	.byte	255,3,1,1
0000035a 01              743 	.byte	1
0000035b 00              744 	.space	1
0000035c 00010401        745 	.byte	0,1,4,1
00000360 010e            746 	.byte	1,14
00000362 00              747 	.space	1
00000363 00              748 	.space	1
00000364 00              749 	.space	1
00000365 00              750 	.space	1
00000366 00              751 	.space	1
00000367 00              752 	.space	1
00000368 00              753 	.space	1
00000369 00              754 	.space	1
0000036a 00              755 	.space	1
0000036b 00              756 	.space	1
0000036c 00              757 	.space	1
0000036d 00              758 	.space	1
0000036e 00              759 	.space	1
0000036f 00              760 	.space	1
00000370 89051cff        761 	.byte	137,5,28,255
00000374 ff030101        762 	.byte	255,3,1,1
00000378 01              763 	.byte	1
00000379 00              764 	.space	1
0000037a 0001            765 	.byte	0,1
0000037c 04              766 	.byte	4
0000037d 00              767 	.space	1
0000037e 010e            768 	.byte	1,14
00000380 00              769 	.space	1
00000381 00              770 	.space	1
00000382 00              771 	.space	1
00000383 00              772 	.space	1
00000384 00              773 	.space	1
00000385 00              774 	.space	1
00000386 00              775 	.space	1
00000387 00              776 	.space	1

                                                                      Page 14
                                                              C:\Users\YINGAO~1\AppData\Local\Temp\gh_00007vk1.si
00000388 00              777 	.space	1
00000389 00              778 	.space	1
0000038a 00              779 	.space	1
0000038b 00              780 	.space	1
0000038c 00              781 	.space	1
0000038d 00              782 	.space	1
0000038e 550996ff        783 	.byte	85,9,150,255
00000392 ff030101        784 	.byte	255,3,1,1
00000396 01              785 	.byte	1
00000397 00              786 	.space	1
00000398 00010507        787 	.byte	0,1,5,7
0000039c 010e            788 	.byte	1,14
0000039e 00              789 	.space	1
0000039f 00              790 	.space	1
000003a0 00              791 	.space	1
000003a1 00              792 	.space	1
000003a2 00              793 	.space	1
000003a3 00              794 	.space	1
000003a4 00              795 	.space	1
000003a5 00              796 	.space	1
000003a6 00              797 	.space	1
000003a7 00              798 	.space	1
000003a8 00              799 	.space	1
000003a9 00              800 	.space	1
000003aa 00              801 	.space	1
000003ab 00              802 	.space	1
000003ac 55091cff        803 	.byte	85,9,28,255
000003b0 ff030101        804 	.byte	255,3,1,1
000003b4 01              805 	.byte	1
000003b5 00              806 	.space	1
000003b6 00010506        807 	.byte	0,1,5,6
000003ba 010e            808 	.byte	1,14
000003bc 00              809 	.space	1
000003bd 00              810 	.space	1
000003be 00              811 	.space	1
000003bf 00              812 	.space	1
000003c0 00              813 	.space	1
000003c1 00              814 	.space	1
000003c2 00              815 	.space	1
000003c3 00              816 	.space	1
000003c4 00              817 	.space	1
000003c5 00              818 	.space	1
000003c6 00              819 	.space	1
000003c7 00              820 	.space	1
000003c8 00              821 	.space	1
000003c9 00              822 	.space	1
000003ca 009229ff        823 	.byte	0,146,41,255
000003ce ff030102        824 	.byte	255,3,1,2
000003d2 01              825 	.byte	1
000003d3 00              826 	.space	1
000003d4 00010502        827 	.byte	0,1,5,2
000003d8 010e            828 	.byte	1,14
000003da 00              829 	.space	1
000003db 00              830 	.space	1
000003dc 00              831 	.space	1
000003dd 00              832 	.space	1
000003de 00              833 	.space	1
000003df 00              834 	.space	1
000003e0 00              835 	.space	1
000003e1 00              836 	.space	1
000003e2 00              837 	.space	1

                                                                      Page 15
                                                              C:\Users\YINGAO~1\AppData\Local\Temp\gh_00007vk1.si
000003e3 00              838 	.space	1
000003e4 00              839 	.space	1
000003e5 00              840 	.space	1
000003e6 00              841 	.space	1
000003e7 00              842 	.space	1
000003e8 0192            843 	.byte	1,146
000003ea 00              844 	.space	1
000003eb ffff0301        845 	.byte	255,255,3,1
000003ef 0101            846 	.byte	1,1
000003f1 00              847 	.space	1
000003f2 00010501        848 	.byte	0,1,5,1
000003f6 010e            849 	.byte	1,14
000003f8 00              850 	.space	1
000003f9 00              851 	.space	1
000003fa 00              852 	.space	1
000003fb 00              853 	.space	1
000003fc 00              854 	.space	1
000003fd 00              855 	.space	1
000003fe 00              856 	.space	1
000003ff 00              857 	.space	1
00000400 00              858 	.space	1
00000401 00              859 	.space	1
00000402 00              860 	.space	1
00000403 00              861 	.space	1
00000404 00              862 	.space	1
00000405 00              863 	.space	1
00000406 559917ff        864 	.byte	85,153,23,255
0000040a ff030102        865 	.byte	255,3,1,2
0000040e 01              866 	.byte	1
0000040f 00              867 	.space	1
00000410 00010607        868 	.byte	0,1,6,7
00000414 010e            869 	.byte	1,14
00000416 00              870 	.space	1
00000417 00              871 	.space	1
00000418 00              872 	.space	1
00000419 00              873 	.space	1
0000041a 00              874 	.space	1
0000041b 00              875 	.space	1
0000041c 00              876 	.space	1
0000041d 00              877 	.space	1
0000041e 00              878 	.space	1
0000041f 00              879 	.space	1
00000420 00              880 	.space	1
00000421 00              881 	.space	1
00000422 00              882 	.space	1
00000423 00              883 	.space	1
00000424 569916ff        884 	.byte	86,153,22,255
00000428 ff030102        885 	.byte	255,3,1,2
0000042c 01              886 	.byte	1
0000042d 00              887 	.space	1
0000042e 00010606        888 	.byte	0,1,6,6
00000432 010e            889 	.byte	1,14
00000434 00              890 	.space	1
00000435 00              891 	.space	1
00000436 00              892 	.space	1
00000437 00              893 	.space	1
00000438 00              894 	.space	1
00000439 00              895 	.space	1
0000043a 00              896 	.space	1
0000043b 00              897 	.space	1
0000043c 00              898 	.space	1

                                                                      Page 16
                                                              C:\Users\YINGAO~1\AppData\Local\Temp\gh_00007vk1.si
0000043d 00              899 	.space	1
0000043e 00              900 	.space	1
0000043f 00              901 	.space	1
00000440 00              902 	.space	1
00000441 00              903 	.space	1
00000442 579931ff        904 	.byte	87,153,49,255
00000446 ff030102        905 	.byte	255,3,1,2
0000044a 01              906 	.byte	1
0000044b 00              907 	.space	1
0000044c 00010605        908 	.byte	0,1,6,5
00000450 010e            909 	.byte	1,14
00000452 00              910 	.space	1
00000453 00              911 	.space	1
00000454 00              912 	.space	1
00000455 00              913 	.space	1
00000456 00              914 	.space	1
00000457 00              915 	.space	1
00000458 00              916 	.space	1
00000459 00              917 	.space	1
0000045a 00              918 	.space	1
0000045b 00              919 	.space	1
0000045c 00              920 	.space	1
0000045d 00              921 	.space	1
0000045e 00              922 	.space	1
0000045f 00              923 	.space	1
00000460 599931ff        924 	.byte	89,153,49,255
00000464 ff030102        925 	.byte	255,3,1,2
00000468 01              926 	.byte	1
00000469 00              927 	.space	1
0000046a 00010603        928 	.byte	0,1,6,3
0000046e 010e            929 	.byte	1,14
00000470 00              930 	.space	1
00000471 00              931 	.space	1
00000472 00              932 	.space	1
00000473 00              933 	.space	1
00000474 00              934 	.space	1
00000475 00              935 	.space	1
00000476 00              936 	.space	1
00000477 00              937 	.space	1
00000478 00              938 	.space	1
00000479 00              939 	.space	1
0000047a 00              940 	.space	1
0000047b 00              941 	.space	1
0000047c 00              942 	.space	1
0000047d 00              943 	.space	1
0000047e 5a9931ff        944 	.byte	90,153,49,255
00000482 ff030102        945 	.byte	255,3,1,2
00000486 01              946 	.byte	1
00000487 00              947 	.space	1
00000488 00010602        948 	.byte	0,1,6,2
0000048c 010e            949 	.byte	1,14
0000048e 00              950 	.space	1
0000048f 00              951 	.space	1
00000490 00              952 	.space	1
00000491 00              953 	.space	1
00000492 00              954 	.space	1
00000493 00              955 	.space	1
00000494 00              956 	.space	1
00000495 00              957 	.space	1
00000496 00              958 	.space	1
00000497 00              959 	.space	1

                                                                      Page 17
                                                              C:\Users\YINGAO~1\AppData\Local\Temp\gh_00007vk1.si
00000498 00              960 	.space	1
00000499 00              961 	.space	1
0000049a 00              962 	.space	1
0000049b 00              963 	.space	1
0000049c 59c187ff        964 	.byte	89,193,135,255
000004a0 ff030102        965 	.byte	255,3,1,2
000004a4 01              966 	.byte	1
000004a5 00              967 	.space	1
000004a6 0001            968 	.byte	0,1
000004a8 02              969 	.byte	2
000004a9 00              970 	.space	1
000004aa 010e            971 	.byte	1,14
000004ac 00              972 	.space	1
000004ad 00              973 	.space	1
000004ae 00              974 	.space	1
000004af 00              975 	.space	1
000004b0 00              976 	.space	1
000004b1 00              977 	.space	1
000004b2 00              978 	.space	1
000004b3 00              979 	.space	1
000004b4 00              980 	.space	1
000004b5 00              981 	.space	1
000004b6 00              982 	.space	1
000004b7 00              983 	.space	1
000004b8 00              984 	.space	1
000004b9 00              985 	.space	1
                         986 	.type	_s_fm_dtc_ram,@object
                         987 	.size	_s_fm_dtc_ram,1170
                         988 	.section ".rodata","a"
                         989 	.global	_s_fm_localSnapshotRam
0000002c 05e0            990 _s_fm_localSnapshotRam:	.byte	5,224
0000002e 41              991 	.byte	65
0000002f 00              992 	.space	1
00000030 00              993 	.space	1
00000031 000000          994 	.space	3
00000034 00000000*       995 	.word	_localSnapshotDID_Def
00000038 01e0            996 	.byte	1,224
0000003a 42              997 	.byte	66
0000003b 00              998 	.space	1
0000003c 00              999 	.space	1
0000003d 000000         1000 	.space	3
00000040 00000000*      1001 	.word	_localSnapshotDID_Def
00000044 62d5           1002 	.byte	98,213
00000046 17             1003 	.byte	23
00000047 00             1004 	.space	1
00000048 00             1005 	.space	1
00000049 000000         1006 	.space	3
0000004c 00000000*      1007 	.word	_localSnapshotDID_Def
00000050 63d5           1008 	.byte	99,213
00000052 16             1009 	.byte	22
00000053 00             1010 	.space	1
00000054 00             1011 	.space	1
00000055 000000         1012 	.space	3
00000058 00000000*      1013 	.word	_localSnapshotDID_Def
0000005c 00d5           1014 	.byte	0,213
0000005e 00             1015 	.space	1
0000005f 00             1016 	.space	1
00000060 00             1017 	.space	1
00000061 000000         1018 	.space	3
00000064 00000000*      1019 	.word	_localSnapshotDID_Def
00000068 73c0           1020 	.byte	115,192

                                                                      Page 18
                                                              C:\Users\YINGAO~1\AppData\Local\Temp\gh_00007vk1.si
0000006a 88             1021 	.byte	136
0000006b 00             1022 	.space	1
0000006c 00             1023 	.space	1
0000006d 000000         1024 	.space	3
00000070 00000000*      1025 	.word	_localSnapshotDID_Def
00000074 2192           1026 	.byte	33,146
00000076 86             1027 	.byte	134
00000077 00             1028 	.space	1
00000078 00             1029 	.space	1
00000079 000000         1030 	.space	3
0000007c 00000000*      1031 	.word	_localSnapshotDID_Def
00000080 2092           1032 	.byte	32,146
00000082 00             1033 	.space	1
00000083 00             1034 	.space	1
00000084 00             1035 	.space	1
00000085 000000         1036 	.space	3
00000088 00000000*      1037 	.word	_localSnapshotDID_Def
0000008c 00c1           1038 	.byte	0,193
0000008e 87             1039 	.byte	135
0000008f 00             1040 	.space	1
00000090 00             1041 	.space	1
00000091 000000         1042 	.space	3
00000094 00000000*      1043 	.word	_localSnapshotDID_Def
00000098 40c1           1044 	.byte	64,193
0000009a 87             1045 	.byte	135
0000009b 00             1046 	.space	1
0000009c 00             1047 	.space	1
0000009d 000000         1048 	.space	3
000000a0 00000000*      1049 	.word	_localSnapshotDID_Def
000000a4 21c1           1050 	.byte	33,193
000000a6 87             1051 	.byte	135
000000a7 00             1052 	.space	1
000000a8 00             1053 	.space	1
000000a9 000000         1054 	.space	3
000000ac 00000000*      1055 	.word	_localSnapshotDID_Def
000000b0 01c1           1056 	.byte	1,193
000000b2 87             1057 	.byte	135
000000b3 00             1058 	.space	1
000000b4 00             1059 	.space	1
000000b5 000000         1060 	.space	3
000000b8 00000000*      1061 	.word	_localSnapshotDID_Def
000000bc 51c1           1062 	.byte	81,193
000000be 87             1063 	.byte	135
000000bf 00             1064 	.space	1
000000c0 00             1065 	.space	1
000000c1 000000         1066 	.space	3
000000c4 00000000*      1067 	.word	_localSnapshotDID_Def
000000c8 31c1           1068 	.byte	49,193
000000ca 87             1069 	.byte	135
000000cb 00             1070 	.space	1
000000cc 00             1071 	.space	1
000000cd 000000         1072 	.space	3
000000d0 00000000*      1073 	.word	_localSnapshotDID_Def
000000d4 45c2           1074 	.byte	69,194
000000d6 87             1075 	.byte	135
000000d7 00             1076 	.space	1
000000d8 00             1077 	.space	1
000000d9 000000         1078 	.space	3
000000dc 00000000*      1079 	.word	_localSnapshotDID_Def
000000e0 5a97           1080 	.byte	90,151
000000e2 11             1081 	.byte	17

                                                                      Page 19
                                                              C:\Users\YINGAO~1\AppData\Local\Temp\gh_00007vk1.si
000000e3 00             1082 	.space	1
000000e4 00             1083 	.space	1
000000e5 000000         1084 	.space	3
000000e8 00000000*      1085 	.word	_localSnapshotDID_Def
000000ec 5b97           1086 	.byte	91,151
000000ee 11             1087 	.byte	17
000000ef 00             1088 	.space	1
000000f0 00             1089 	.space	1
000000f1 000000         1090 	.space	3
000000f4 00000000*      1091 	.word	_localSnapshotDID_Def
000000f8 5297           1092 	.byte	82,151
000000fa 11             1093 	.byte	17
000000fb 00             1094 	.space	1
000000fc 00             1095 	.space	1
000000fd 000000         1096 	.space	3
00000100 00000000*      1097 	.word	_localSnapshotDID_Def
00000104 5297           1098 	.byte	82,151
00000106 15             1099 	.byte	21
00000107 00             1100 	.space	1
00000108 00             1101 	.space	1
00000109 000000         1102 	.space	3
0000010c 00000000*      1103 	.word	_localSnapshotDID_Def
00000110 5397           1104 	.byte	83,151
00000112 71             1105 	.byte	113
00000113 00             1106 	.space	1
00000114 00             1107 	.space	1
00000115 000000         1108 	.space	3
00000118 00000000*      1109 	.word	_localSnapshotDID_Def
0000011c 6497           1110 	.byte	100,151
0000011e 00             1111 	.space	1
0000011f 00             1112 	.space	1
00000120 00             1113 	.space	1
00000121 000000         1114 	.space	3
00000124 00000000*      1115 	.word	_localSnapshotDID_Def
00000128 6405           1116 	.byte	100,5
0000012a 11             1117 	.byte	17
0000012b 00             1118 	.space	1
0000012c 00             1119 	.space	1
0000012d 000000         1120 	.space	3
00000130 00000000*      1121 	.word	_localSnapshotDID_Def
00000134 6405           1122 	.byte	100,5
00000136 12             1123 	.byte	18
00000137 00             1124 	.space	1
00000138 00             1125 	.space	1
00000139 000000         1126 	.space	3
0000013c 00000000*      1127 	.word	_localSnapshotDID_Def
00000140 6405           1128 	.byte	100,5
00000142 96             1129 	.byte	150
00000143 00             1130 	.space	1
00000144 00             1131 	.space	1
00000145 000000         1132 	.space	3
00000148 00000000*      1133 	.word	_localSnapshotDID_Def
0000014c 6405           1134 	.byte	100,5
0000014e 1c             1135 	.byte	28
0000014f 00             1136 	.space	1
00000150 00             1137 	.space	1
00000151 000000         1138 	.space	3
00000154 00000000*      1139 	.word	_localSnapshotDID_Def
00000158 8905           1140 	.byte	137,5
0000015a 11             1141 	.byte	17
0000015b 00             1142 	.space	1

                                                                      Page 20
                                                              C:\Users\YINGAO~1\AppData\Local\Temp\gh_00007vk1.si
0000015c 00             1143 	.space	1
0000015d 000000         1144 	.space	3
00000160 00000000*      1145 	.word	_localSnapshotDID_Def
00000164 8905           1146 	.byte	137,5
00000166 12             1147 	.byte	18
00000167 00             1148 	.space	1
00000168 00             1149 	.space	1
00000169 000000         1150 	.space	3
0000016c 00000000*      1151 	.word	_localSnapshotDID_Def
00000170 8905           1152 	.byte	137,5
00000172 96             1153 	.byte	150
00000173 00             1154 	.space	1
00000174 00             1155 	.space	1
00000175 000000         1156 	.space	3
00000178 00000000*      1157 	.word	_localSnapshotDID_Def
0000017c 8905           1158 	.byte	137,5
0000017e 1c             1159 	.byte	28
0000017f 00             1160 	.space	1
00000180 00             1161 	.space	1
00000181 000000         1162 	.space	3
00000184 00000000*      1163 	.word	_localSnapshotDID_Def
00000188 5509           1164 	.byte	85,9
0000018a 96             1165 	.byte	150
0000018b 00             1166 	.space	1
0000018c 00             1167 	.space	1
0000018d 000000         1168 	.space	3
00000190 00000000*      1169 	.word	_localSnapshotDID_Def
00000194 5509           1170 	.byte	85,9
00000196 1c             1171 	.byte	28
00000197 00             1172 	.space	1
00000198 00             1173 	.space	1
00000199 000000         1174 	.space	3
0000019c 00000000*      1175 	.word	_localSnapshotDID_Def
000001a0 0092           1176 	.byte	0,146
000001a2 29             1177 	.byte	41
000001a3 00             1178 	.space	1
000001a4 00             1179 	.space	1
000001a5 000000         1180 	.space	3
000001a8 00000000*      1181 	.word	_localSnapshotDID_Def
000001ac 0192           1182 	.byte	1,146
000001ae 00             1183 	.space	1
000001af 00             1184 	.space	1
000001b0 00             1185 	.space	1
000001b1 000000         1186 	.space	3
000001b4 00000000*      1187 	.word	_localSnapshotDID_Def
000001b8 5599           1188 	.byte	85,153
000001ba 17             1189 	.byte	23
000001bb 00             1190 	.space	1
000001bc 00             1191 	.space	1
000001bd 000000         1192 	.space	3
000001c0 00000000*      1193 	.word	_localSnapshotDID_Def
000001c4 5699           1194 	.byte	86,153
000001c6 16             1195 	.byte	22
000001c7 00             1196 	.space	1
000001c8 00             1197 	.space	1
000001c9 000000         1198 	.space	3
000001cc 00000000*      1199 	.word	_localSnapshotDID_Def
000001d0 5799           1200 	.byte	87,153
000001d2 31             1201 	.byte	49
000001d3 00             1202 	.space	1
000001d4 00             1203 	.space	1

                                                                      Page 21
                                                              C:\Users\YINGAO~1\AppData\Local\Temp\gh_00007vk1.si
000001d5 000000         1204 	.space	3
000001d8 00000000*      1205 	.word	_localSnapshotDID_Def
000001dc 5999           1206 	.byte	89,153
000001de 31             1207 	.byte	49
000001df 00             1208 	.space	1
000001e0 00             1209 	.space	1
000001e1 000000         1210 	.space	3
000001e4 00000000*      1211 	.word	_localSnapshotDID_Def
000001e8 5a99           1212 	.byte	90,153
000001ea 31             1213 	.byte	49
000001eb 00             1214 	.space	1
000001ec 00             1215 	.space	1
000001ed 000000         1216 	.space	3
000001f0 00000000*      1217 	.word	_localSnapshotDID_Def
000001f4 59c1           1218 	.byte	89,193
000001f6 87             1219 	.byte	135
000001f7 00             1220 	.space	1
000001f8 00             1221 	.space	1
000001f9 000000         1222 	.space	3
000001fc 00000000*      1223 	.word	_localSnapshotDID_Def
                        1224 	.type	_s_fm_localSnapshotRam,@object
                        1225 	.size	_s_fm_localSnapshotRam,468
                        1226 	.data
                        1227 	.section ".bss","awb"
                        1228 	.global	_s_fm_FirstSnapStoreList
00000000 000000000000   1229 _s_fm_FirstSnapStoreList:	.space	20
00000006 000000000000 
0000000c 000000000000 
00000012 0000 
                        1230 	.type	_s_fm_FirstSnapStoreList,@object
                        1231 	.size	_s_fm_FirstSnapStoreList,20
                        1232 	.global	_s_fm_LastSnapStoreList
00000014 000000000000   1233 _s_fm_LastSnapStoreList:	.space	20
0000001a 000000000000 
00000020 000000000000 
00000026 0000 
                        1234 	.type	_s_fm_LastSnapStoreList,@object
                        1235 	.size	_s_fm_LastSnapStoreList,20
                        1236 	.global	_s_fm_DTCStoreList
00000028 000000000000   1237 _s_fm_DTCStoreList:	.space	78
0000002e 000000000000 
00000034 000000000000 
0000003a 000000000000 
00000040 000000000000 
00000046 000000000000 
0000004c 000000000000 
00000052 000000000000 
00000058 000000000000 
0000005e 000000000000 
00000064 000000000000 
0000006a 000000000000 
00000070 000000000000 
                        1238 	.type	_s_fm_DTCStoreList,@object
                        1239 	.size	_s_fm_DTCStoreList,78
                        1240 	.global	_testFailedPre
00000076 000000000000   1241 _testFailedPre:	.space	39
0000007c 000000000000 
00000082 000000000000 
00000088 000000000000 
0000008e 000000000000 
00000094 000000000000 

                                                                      Page 22
                                                              C:\Users\YINGAO~1\AppData\Local\Temp\gh_00007vk1.si
0000009a 000000 
                        1242 	.type	_testFailedPre,@object
                        1243 	.size	_testFailedPre,39
                        1244 	.data
                        1245 	.ghsnote version,14
                        1246 	.ghsnote tools,3
                        1247 	.ghsnote options,144
                        1248 	.text
                        1249 ..bof.D.3A.5CRenesas_Electronics.5CD1x_RGL.5Crgl_ghs_D1Lx_obj_V1.2E2.2E0.5Cvlib.5Capp.5Cgfx_apps.5Csimple_draw_d1l2.5Ctarget.5Cd1lx_mango_ghs.5Cobj.5Cs_fm_config...44.3A.5CRenesas_Electronics.5CD1x_RGL.5Crgl_ghs_D1Lx_obj_V1.2E2.2E0.5Cvlib.5Capp.5Cgfx_apps.5Csimple_draw_d1l2.5Ctarget.5Cd1lx_mango_ghs..5A74035B..0::
                        1250 ..eof.D.3A.5CRenesas_Electronics.5CD1x_RGL.5Crgl_ghs_D1Lx_obj_V1.2E2.2E0.5Cvlib.5Capp.5Cgfx_apps.5Csimple_draw_d1l2.5Ctarget.5Cd1lx_mango_ghs.5Cobj.5Cs_fm_config...44.3A.5CRenesas_Electronics.5CD1x_RGL.5Crgl_ghs_D1Lx_obj_V1.2E2.2E0.5Cvlib.5Capp.5Cgfx_apps.5Csimple_draw_d1l2.5Ctarget.5Cd1lx_mango_ghs..5A74035B..0::
                        1251 .rh850_flags REGMODE22,DATA_ALIGN8,GP_FIX,EP_NONFIX,TP_FIX,REG2_RESERVE,G3M
