                                                                      Page 1
                                                              C:\Users\YINGAO~1\AppData\Local\Temp\gh_00000pk1.si
Command Line: C:\ghs\comp_201355\ease850.exe -w -elf -b0 -I../../../../../Device -I../../../../../Driver/ADCE -I../../../../../Driver/CLOCK -I../../../../../Driver/DIO -I../../../../../Driver/DSPI -I../../../../../Driver/Interrupt -I../../../../../Driver/ISM -I../../../../../Driver/OSTM -I../../../../../Driver/PWM -I../../../../../Driver/RSTC -I../../../../../Driver/RTCA -I../../../../../Driver/STBC -I../../../../../Driver/TAUB -I../../../../../Driver/WDT -I../../../../../middleware\ADM -I../../../../../middleware\BPM -I../../../../../middleware\EED -I../../../../../middleware\IOM -I../../../../../middleware\LRM -I../../../../../middleware\MOM -I../../../../../middleware\PWMM -I../../../../../Common -I../../../../../Applayer\DSM -I../../../../../Applayer\FM -I../../../../../Applayer\TPM -I../../../../../Applayer\ACC -I../../../../../Applayer\ASS -I../../../../../Applayer\BAT -I../../../../../Applayer\COM -I../../../../../Applayer\COM\vtp -I../../../../../Applayer\COM\vtp\lib -I../../../../../Applayer\CRUS -I../../../../../Applayer\DIAG -I../../../../../Applayer\FC -I../../../../../Applayer\FL -I../../../../../Applayer\HSD -I../../../../../Applayer\IDLE -I../../../../../Applayer\ILLU -I../../../../../Applayer\LED -I../../../../../Applayer\MSG -I../../../../../Applayer\NVM -I../../../../../Applayer\ODO -I../../../../../Applayer\PWR -I../../../../../Applayer\RANG -I../../../../../Applayer\RST -I../../../../../Applayer\RTC -I../../../../../Applayer\SCS -I../../../../../Applayer\SSB -I../../../../../Applayer\ST -I../../../../../Applayer\STSMG -I../../../../../Applayer\SYS -I../../../../../Applayer\TIP -I../../../../../Applayer\TRIP -I../../../../../Applayer\CHM -I../../../../../Applayer\DM -I../../../../../Applayer\EVT -I../../../../../Applayer\FTR -I../../../../../Applayer\SLF -I../../../../../Applayer\NWD -I../../../../../Applayer\TPMS -I../../../../../Applayer\WFM -I../../../../../Applayer\NZM -I../../../../../app/gfx_apps/simple_draw_d1l2/src -I../../../../../bsp/board//config -I../../../../../bsp/board//src/gfx -I../../../../../bsp/board//src/hmi -I../../../../../bsp/board//src/stdio -I../../../../../bsp/board/d1lx_mango/config -I../../../../../bsp/board/d1lx_mango/src -I../../../../../bsp/board/d1lx_mango/src/gfx -I../../../../../bsp/board/d1lx_mango/src/hmi -I../../../../../bsp/board/d1lx_mango/src/stdio -I../../../../../bsp/gfx/lib -I../../../../../bsp/gfx/src -I../../../../../bsp/hmi/lib -I../../../../../bsp/hmi/src -I../../../../../bsp/lib -I../../../../../bsp/stdio/lib -I../../../../../bsp/stdio/src -I../../../../../cdi/lib -I../../../../../cdi/src -I../../../../../compiler/rh850_ghs/inc -I../../../../../device/d1lx/lib -I../../../../../device/d1lx/macro_cfg -I../../../../../device/d1lx/src/dev -I../../../../../device/d1lx/src/rh850_ghs -I../../../../../device/d1x_common/macro_cfg -I../../../../../device/d1x_common/src/csisw -I../../../../../device/d1x_common/src/ddb -I../../../../../device/d1x_common/src/dev -I../../../../../device/d1x_common/src/gfxbus -I../../../../../device/d1x_common/src/gpio -I../../../../../device/d1x_common/src/ostm -I../../../../../device/d1x_common/src/pbg -I../../../../../device/d1x_common/src/riic -I../../../../../device/d1x_common/src/sfma -I../../../../../device/d1x_common/src/spea -I../../../../../device/d1x_common/src/tauj -I../../../../../device/d1x_common/src/tick -I../../../../../device/d1x_common/src/vdce -I../../../../../device/d1x_common/src/wm -I../../../../../device/d1x_common/src/xbus -I../../../../../device/lib -I../../../../../macro/bus/pbg/lib -I../../../../../macro/bus/pbg/src -I../../../../../macro/csi/csisw/lib -I../../../../../macro/csi/csisw/src -I../../../../../macro/drw2d/lib -I../../../../../macro/drw2d/platform/cpu -I../../../../../macro/drw2d/platform/os/no_os -I../../../../../macro/drw2d/src -I../../../../../macro/flashc/sfcdb/lib -I../../../../../macro/flashc/sfcdb/src -I../../../../../macro/flashc/sfma/lib -I../../../../../macro/flashc/sfma/src -I../../../../../macro/gfxbus/lib -I../../../../../macro/gfxbus/src -I../../../../../macro/gfxbus/xbus/lib -I../../../../../macro/gfxbus/xbus/src -I../../../../../macro/gpio/lib -I../../../../../macro/gpio/src -I../../../../../macro/i2c/riic/lib -I../../../../../macro/i2c/riic/src -I../../../../../macro/tick/lib -I../../../../../macro/tick/src -I../../../../../macro/timer/ostm/lib -I../../../../../macro/timer/ostm/src -I../../../../../macro/timer/tauj/lib -I../../../../../macro/timer/tauj/src -I../../../../../macro/vdce/lib -I../../../../../macro/vdce/src -I../../../../../macro/vo/ddb/lib -I../../../../../macro/vo/ddb/src -I../../../../../macro/vo/spea/lib -I../../../../../macro/vo/spea/src -I../../../../../macro/wm/lib -I../../../../../macro/wm/src -I../../../../../app/gfx_apps/simple_draw_d1l2/src/QD_HMI -I../../../../../app/gfx_apps/simple_draw_d1l2/src/QD_HMI/HMI_Data -IC:\ghs\comp_201355\lib\rh850_22 -cg_underscore -cpu=rh850g3m -no_v850_simd -nomacro -patch_dbo=D:\Renesas_Electronics\D1x_RGL\rgl_ghs_D1Lx_obj_V1.2.0\vlib\app\gfx_apps\simple_draw_d1l2\target\d1lx_mango_ghs\obj\s_tpm_cfg.dbo -source=s_tpm_cfg.c -o .\obj\gh_00000pk1.o -list=.\obj\s_tpm_cfg.lst C:\Users\YINGAO~1\AppData\Local\Temp\gh_00000pk1.si 
Original File: C:\Users\YINGAO~1\AppData\Local\Temp\gh_00000pk1.si
Source File: s_tpm_cfg.c
Directory: D:\Renesas_Electronics\D1x_RGL\rgl_ghs_D1Lx_obj_V1.2.0\vlib\app\gfx_apps\simple_draw_d1l2\target\d1lx_mango_ghs
Host OS: Windows 7 Service Pack 1
EASE: Copyright (C) 1983-2013 Green Hills Software.  All Rights Reversed.
Release: Compiler v2013.5.5
Build Directory: [Directory] BTOWINBOX:c:/build_2013_5_bto/2013-10-04.1311-2013_5_bto/win32-comp-ecom
Revision: [VCInfo] http://toolsvc/branches/release-branch-2013-5-bto/src@496240 (built by build)
Revision Date: Sat Oct 05 04:54:43 2013

Release Date: Sat Oct 05 05:20:49 2013

                           1 --Driver Command: ccv850 -c -MD -I../../../../../Device
                           2 --		-I../../../../../Driver/ADCE -I../../../../../Driver/CLOCK
                           3 --		-I../../../../../Driver/DIO -I../../../../../Driver/DSPI
                           4 --		-I../../../../../Driver/Interrupt -I../../../../../Driver/ISM
                           5 --		-I../../../../../Driver/OSTM -I../../../../../Driver/PWM
                           6 --		-I../../../../../Driver/RSTC -I../../../../../Driver/RTCA
                           7 --		-I../../../../../Driver/STBC -I../../../../../Driver/TAUB
                           8 --		-I../../../../../Driver/WDT -I../../../../../middleware\ADM
                           9 --		-I../../../../../middleware\BPM -I../../../../../middleware\EED
                          10 --		-I../../../../../middleware\IOM -I../../../../../middleware\LRM
                          11 --		-I../../../../../middleware\MOM -I../../../../../middleware\PWMM
                          12 --		-I../../../../../Common -I../../../../../Applayer\DSM
                          13 --		-I../../../../../Applayer\FM -I../../../../../Applayer\TPM
                          14 --		-I../../../../../Applayer\ACC -I../../../../../Applayer\ASS
                          15 --		-I../../../../../Applayer\BAT -I../../../../../Applayer\COM
                          16 --		-I../../../../../Applayer\COM\vtp
                          17 --		-I../../../../../Applayer\COM\vtp\lib
                          18 --		-I../../../../../Applayer\CRUS -I../../../../../Applayer\DIAG
                          19 --		-I../../../../../Applayer\FC -I../../../../../Applayer\FL
                          20 --		-I../../../../../Applayer\HSD -I../../../../../Applayer\IDLE
                          21 --		-I../../../../../Applayer\ILLU -I../../../../../Applayer\LED
                          22 --		-I../../../../../Applayer\MSG -I../../../../../Applayer\NVM
                          23 --		-I../../../../../Applayer\ODO -I../../../../../Applayer\PWR
                          24 --		-I../../../../../Applayer\RANG -I../../../../../Applayer\RST
                          25 --		-I../../../../../Applayer\RTC -I../../../../../Applayer\SCS
                          26 --		-I../../../../../Applayer\SSB -I../../../../../Applayer\ST
                          27 --		-I../../../../../Applayer\STSMG -I../../../../../Applayer\SYS
                          28 --		-I../../../../../Applayer\TIP -I../../../../../Applayer\TRIP
                          29 --		-I../../../../../Applayer\CHM -I../../../../../Applayer\DM
                          30 --		-I../../../../../Applayer\EVT -I../../../../../Applayer\FTR
                          31 --		-I../../../../../Applayer\SLF -I../../../../../Applayer\NWD
                          32 --		-I../../../../../Applayer\TPMS -I../../../../../Applayer\WFM
                          33 --		-I../../../../../Applayer\NZM
                          34 --		-I../../../../../app/gfx_apps/simple_draw_d1l2/src
                          35 --		-I../../../../../bsp/board//config
                          36 --		-I../../../../../bsp/board//src/gfx
                          37 --		-I../../../../../bsp/board//src/hmi
                          38 --		-I../../../../../bsp/board//src/stdio
                          39 --		-I../../../../../bsp/board/d1lx_mango/config
                          40 --		-I../../../../../bsp/board/d1lx_mango/src
                          41 --		-I../../../../../bsp/board/d1lx_mango/src/gfx
                          42 --		-I../../../../../bsp/board/d1lx_mango/src/hmi
                          43 --		-I../../../../../bsp/board/d1lx_mango/src/stdio
                          44 --		-I../../../../../bsp/gfx/lib -I../../../../../bsp/gfx/src
                          45 --		-I../../../../../bsp/hmi/lib -I../../../../../bsp/hmi/src
                          46 --		-I../../../../../bsp/lib -I../../../../../bsp/stdio/lib
                          47 --		-I../../../../../bsp/stdio/src -I../../../../../cdi/lib
                          48 --		-I../../../../../cdi/src -I../../../../../compiler/rh850_ghs/inc
                          49 --		-I../../../../../device/d1lx/lib
                          50 --		-I../../../../../device/d1lx/macro_cfg

                                                                      Page 2
                                                              C:\Users\YINGAO~1\AppData\Local\Temp\gh_00000pk1.si
                          51 --		-I../../../../../device/d1lx/src/dev
                          52 --		-I../../../../../device/d1lx/src/rh850_ghs
                          53 --		-I../../../../../device/d1x_common/macro_cfg
                          54 --		-I../../../../../device/d1x_common/src/csisw
                          55 --		-I../../../../../device/d1x_common/src/ddb
                          56 --		-I../../../../../device/d1x_common/src/dev
                          57 --		-I../../../../../device/d1x_common/src/gfxbus
                          58 --		-I../../../../../device/d1x_common/src/gpio
                          59 --		-I../../../../../device/d1x_common/src/ostm
                          60 --		-I../../../../../device/d1x_common/src/pbg
                          61 --		-I../../../../../device/d1x_common/src/riic
                          62 --		-I../../../../../device/d1x_common/src/sfma
                          63 --		-I../../../../../device/d1x_common/src/spea
                          64 --		-I../../../../../device/d1x_common/src/tauj
                          65 --		-I../../../../../device/d1x_common/src/tick
                          66 --		-I../../../../../device/d1x_common/src/vdce
                          67 --		-I../../../../../device/d1x_common/src/wm
                          68 --		-I../../../../../device/d1x_common/src/xbus
                          69 --		-I../../../../../device/lib -I../../../../../macro/bus/pbg/lib
                          70 --		-I../../../../../macro/bus/pbg/src
                          71 --		-I../../../../../macro/csi/csisw/lib
                          72 --		-I../../../../../macro/csi/csisw/src
                          73 --		-I../../../../../macro/drw2d/lib
                          74 --		-I../../../../../macro/drw2d/platform/cpu
                          75 --		-I../../../../../macro/drw2d/platform/os/no_os
                          76 --		-I../../../../../macro/drw2d/src
                          77 --		-I../../../../../macro/flashc/sfcdb/lib
                          78 --		-I../../../../../macro/flashc/sfcdb/src
                          79 --		-I../../../../../macro/flashc/sfma/lib
                          80 --		-I../../../../../macro/flashc/sfma/src
                          81 --		-I../../../../../macro/gfxbus/lib
                          82 --		-I../../../../../macro/gfxbus/src
                          83 --		-I../../../../../macro/gfxbus/xbus/lib
                          84 --		-I../../../../../macro/gfxbus/xbus/src
                          85 --		-I../../../../../macro/gpio/lib -I../../../../../macro/gpio/src
                          86 --		-I../../../../../macro/i2c/riic/lib
                          87 --		-I../../../../../macro/i2c/riic/src
                          88 --		-I../../../../../macro/tick/lib -I../../../../../macro/tick/src
                          89 --		-I../../../../../macro/timer/ostm/lib
                          90 --		-I../../../../../macro/timer/ostm/src
                          91 --		-I../../../../../macro/timer/tauj/lib
                          92 --		-I../../../../../macro/timer/tauj/src
                          93 --		-I../../../../../macro/vdce/lib -I../../../../../macro/vdce/src
                          94 --		-I../../../../../macro/vo/ddb/lib
                          95 --		-I../../../../../macro/vo/ddb/src
                          96 --		-I../../../../../macro/vo/spea/lib
                          97 --		-I../../../../../macro/vo/spea/src -I../../../../../macro/wm/lib
                          98 --		-I../../../../../macro/wm/src
                          99 --		-I../../../../../app/gfx_apps/simple_draw_d1l2/src/QD_HMI
                         100 --		-I../../../../../app/gfx_apps/simple_draw_d1l2/src/QD_HMI/HMI_Data
                         101 --		-G --no_commons --no_implicit_include --prototype_errors
                         102 --		-DR_DRW2D_OS_NO_OS -DR_DRW2D_SYS_CPU -DUSED_CPU=RH850G3M
                         103 --		-DUSE_BSP_GFX -DUSE_BSP_HMI -DUSE_BSP_STDIO -DUSE_CDI -DUSE_CSISW
                         104 --		-DUSE_DDB -DUSE_DRW2D -DUSE_GFXBUS -DUSE_GPIO -DUSE_OSTM
                         105 --		-DUSE_PBG -DUSE_RIIC -DUSE_SFCDB -DUSE_SFMA -DUSE_SPEA -DUSE_TAUJ
                         106 --		-DUSE_TICK -DUSE_VDCE -DUSE_WM -DUSE_XBUS -MD -Mn -Mx -Zuse1bit
                         107 --		-allocate_ep -cpu=rh850g3m -entry=_RESET -large_sda -list
                         108 --		-no_callt -notda -passsource -preprocess_assembly_files
                         109 --		-registermode=22 -reserve_r2 --diag_warning 1 -object_dir=./obj
                         110 --		-filetype.c
                         111 --		D:\Renesas_Electronics\D1x_RGL\rgl_ghs_D1Lx_obj_V1.2.0\vlib\Applayer\TPM\s_tpm_cfg.c

                                                                      Page 3
                                                              C:\Users\YINGAO~1\AppData\Local\Temp\gh_00000pk1.si
                         112 --		-o .\obj\s_tpm_cfg.o
                         113 --Source File:   D:\Renesas_Electronics\D1x_RGL\rgl_ghs_D1Lx_obj_V1.2.0\vlib\Applayer\TPM\s_tpm_cfg.c
                         114 --Directory:     
                         115 --		D:\Renesas_Electronics\D1x_RGL\rgl_ghs_D1Lx_obj_V1.2.0\vlib\app\gfx_apps\simple_draw_d1l2\target\d1lx_mango_ghs
                         116 --Compile Date:  Fri Feb 02 14:21:15 2018
                         117 --Host OS:       Win32
                         118 --Version:       C-RH850 2013.5.5 DEVELOPMENT VERSION
                         119 --Release:       Compiler v2013.5.5
                         120 --Revision Date: Sat Oct 05 05:01:20 2013
                         121 --Release Date:  Sat Oct 05 05:22:44 2013
                         122 -- ecom  -g -w
                         123 
                         124 	.data
                         125 	.global	_frm_channel_0_phys_0
00000000 00              126 _frm_channel_0_phys_0:	.space	1
00000001 00              127 	.space	1
00000002 00              128 	.space	1
00000003 00              129 	.space	1
00000004 00              130 	.space	1
00000005 00              131 	.space	1
00000006 00              132 	.space	1
00000007 00              133 	.space	1
                         134 	.type	_frm_channel_0_phys_0,@object
                         135 	.size	_frm_channel_0_phys_0,8
                         136 	.global	_frm_channel_0_func_1
00000008 00              137 _frm_channel_0_func_1:	.space	1
00000009 00              138 	.space	1
0000000a 00              139 	.space	1
0000000b 00              140 	.space	1
0000000c 00              141 	.space	1
0000000d 00              142 	.space	1
0000000e 00              143 	.space	1
0000000f 00              144 	.space	1
                         145 	.type	_frm_channel_0_func_1,@object
                         146 	.size	_frm_channel_0_func_1,8
                         147 	.global	_frm_channel_0_usdt_0
00000010 00              148 _frm_channel_0_usdt_0:	.space	1
00000011 00              149 	.space	1
00000012 00              150 	.space	1
00000013 00              151 	.space	1
00000014 00              152 	.space	1
00000015 00              153 	.space	1
00000016 00              154 	.space	1
00000017 00              155 	.space	1
                         156 	.type	_frm_channel_0_usdt_0,@object
                         157 	.size	_frm_channel_0_usdt_0,8
                         158 	.section ".rodata","a"
                         159 	.align	4
                         160 	.global	_s_tpm_chl_dsm_used
00000000 00000000*       161 _s_tpm_chl_dsm_used:	.word	_s_tpm_channel_list
00000004 00000000        162 	.space	4
                         163 	.type	_s_tpm_chl_dsm_used,@object
                         164 	.size	_s_tpm_chl_dsm_used,8
                         165 	.global	_bypass_frm_channel_0
00000008 3e80            166 _bypass_frm_channel_0:	.byte	62,128
                         167 	.type	_bypass_frm_channel_0,@object
                         168 	.size	_bypass_frm_channel_0,2
0000000a 0000            169 	.space	2
                         170 	.global	_s_frm_in_channel_0
0000000c 60070000        171 _s_frm_in_channel_0:	.byte	96,7,0,0
00000010 00              172 	.space	1

                                                                      Page 4
                                                              C:\Users\YINGAO~1\AppData\Local\Temp\gh_00000pk1.si
00000011 000000          173 	.space	3
00000014 00000000*       174 	.word	_frm_channel_0_phys_0
00000018 df070000        175 	.byte	223,7,0,0
0000001c 08              176 	.byte	8
0000001d 000000          177 	.space	3
00000020 00000000*       178 	.word	_frm_channel_0_func_1
                         179 	.type	_s_frm_in_channel_0,@object
                         180 	.size	_s_frm_in_channel_0,24
                         181 	.global	_s_tpm_channel_list
00000024 00000000*       182 _s_tpm_channel_list:	.word	_s_frm_in_channel_0
00000028 02              183 	.byte	2
00000029 000000          184 	.space	3
0000002c 00000000*       185 	.word	_s_frm_out_channel_0
00000030 01              186 	.byte	1
00000031 000000          187 	.space	3
00000034 00000000*       188 	.word	_s_tpm_parameter_list
00000038 00000000*       189 	.word	_s_tpm_chl_state_array
0000003c 00000000*       190 	.word	_bypass_frm_channel_0
00000040 02              191 	.byte	2
00000041 00              192 	.space	1
00000042 0000            193 	.space	2
                         194 	.type	_s_tpm_channel_list,@object
                         195 	.size	_s_tpm_channel_list,32
                         196 	.global	_tpm_cfg
00000044 0a              197 _tpm_cfg:	.byte	10
00000045 000000          198 	.space	3
00000048 00000000*       199 	.word	_s_tpm_channel_list
0000004c 01aa0010        200 	.byte	1,170,0,16
00000050 1910            201 	.byte	25,16
00000052 0000            202 	.space	2
                         203 	.type	_tpm_cfg,@object
                         204 	.size	_tpm_cfg,16
                         205 	.global	_s_frm_out_channel_0
00000054 68070000        206 _s_frm_out_channel_0:	.byte	104,7,0,0
00000058 00              207 	.space	1
00000059 000000          208 	.space	3
0000005c 00000000*       209 	.word	_frm_channel_0_usdt_0
                         210 	.type	_s_frm_out_channel_0,@object
                         211 	.size	_s_frm_out_channel_0,12
                         212 	.global	_s_tpm_parameter_list
00000060 1401            213 _s_tpm_parameter_list:	.byte	20,1
00000062 02              214 	.byte	2
00000063 00              215 	.space	1
00000064 32003200        216 	.byte	50,0,50,0
00000068 64000500        217 	.byte	100,0,5,0
0000006c 05006400        218 	.byte	5,0,100,0
00000070 0308            219 	.byte	3,8
                         220 	.type	_s_tpm_parameter_list,@object
                         221 	.size	_s_tpm_parameter_list,18
                         222 	.data
                         223 	.section ".bss","awb"
                         224 	.align	4
                         225 	.align	4
                         226 	.global	_s_tpm_chl_state_array
00000000 000000000000    227 _s_tpm_chl_state_array:	.space	32
00000006 000000000000 
0000000c 000000000000 
00000012 000000000000 
00000018 000000000000 
0000001e 0000 
                         228 	.type	_s_tpm_chl_state_array,@object

                                                                      Page 5
                                                              C:\Users\YINGAO~1\AppData\Local\Temp\gh_00000pk1.si
                         229 	.size	_s_tpm_chl_state_array,32
                         230 	.data
                         231 	.ghsnote version,14
                         232 	.ghsnote tools,3
                         233 	.ghsnote options,144
                         234 	.text
                         235 ..bof.D.3A.5CRenesas_Electronics.5CD1x_RGL.5Crgl_ghs_D1Lx_obj_V1.2E2.2E0.5Cvlib.5Capp.5Cgfx_apps.5Csimple_draw_d1l2.5Ctarget.5Cd1lx_mango_ghs.5Cobj.5Cs_tpm_cfg...44.3A.5CRenesas_Electronics.5CD1x_RGL.5Crgl_ghs_D1Lx_obj_V1.2E2.2E0.5Cvlib.5Capp.5Cgfx_apps.5Csimple_draw_d1l2.5Ctarget.5Cd1lx_mango_ghs..5A74035B..0::
                         236 ..eof.D.3A.5CRenesas_Electronics.5CD1x_RGL.5Crgl_ghs_D1Lx_obj_V1.2E2.2E0.5Cvlib.5Capp.5Cgfx_apps.5Csimple_draw_d1l2.5Ctarget.5Cd1lx_mango_ghs.5Cobj.5Cs_tpm_cfg...44.3A.5CRenesas_Electronics.5CD1x_RGL.5Crgl_ghs_D1Lx_obj_V1.2E2.2E0.5Cvlib.5Capp.5Cgfx_apps.5Csimple_draw_d1l2.5Ctarget.5Cd1lx_mango_ghs..5A74035B..0::
                         237 .rh850_flags REGMODE22,DATA_ALIGN8,GP_FIX,EP_NONFIX,TP_FIX,REG2_RESERVE,G3M
