                                                                      Page 1
                                                              C:\Users\YINGAO~1\AppData\Local\Temp\gh_00004no1.si
Command Line: C:\ghs\comp_201355\ease850.exe -w -elf -b0 -I../../../../../Device -I../../../../../Driver/ADCE -I../../../../../Driver/CLOCK -I../../../../../Driver/DIO -I../../../../../Driver/DSPI -I../../../../../Driver/Interrupt -I../../../../../Driver/ISM -I../../../../../Driver/OSTM -I../../../../../Driver/PWM -I../../../../../Driver/RSTC -I../../../../../Driver/RTCA -I../../../../../Driver/STBC -I../../../../../Driver/TAUB -I../../../../../Driver/WDT -I../../../../../middleware\ADM -I../../../../../middleware\BPM -I../../../../../middleware\EED -I../../../../../middleware\IOM -I../../../../../middleware\LRM -I../../../../../middleware\MOM -I../../../../../middleware\PWMM -I../../../../../Common -I../../../../../Applayer\DSM -I../../../../../Applayer\FM -I../../../../../Applayer\TPM -I../../../../../Applayer\ACC -I../../../../../Applayer\ASS -I../../../../../Applayer\BAT -I../../../../../Applayer\COM -I../../../../../Applayer\COM\vtp -I../../../../../Applayer\COM\vtp\lib -I../../../../../Applayer\CRUS -I../../../../../Applayer\DIAG -I../../../../../Applayer\FC -I../../../../../Applayer\FL -I../../../../../Applayer\HSD -I../../../../../Applayer\IDLE -I../../../../../Applayer\ILLU -I../../../../../Applayer\LED -I../../../../../Applayer\MSG -I../../../../../Applayer\NVM -I../../../../../Applayer\ODO -I../../../../../Applayer\PWR -I../../../../../Applayer\RANG -I../../../../../Applayer\RST -I../../../../../Applayer\RTC -I../../../../../Applayer\SCS -I../../../../../Applayer\SSB -I../../../../../Applayer\ST -I../../../../../Applayer\STSMG -I../../../../../Applayer\SYS -I../../../../../Applayer\TIP -I../../../../../Applayer\TRIP -I../../../../../Applayer\CHM -I../../../../../Applayer\DM -I../../../../../Applayer\EVT -I../../../../../Applayer\FTR -I../../../../../Applayer\SLF -I../../../../../Applayer\NWD -I../../../../../Applayer\TPMS -I../../../../../Applayer\WFM -I../../../../../Applayer\NZM -I../../../../../app/gfx_apps/simple_draw_d1l2/src -I../../../../../bsp/board//config -I../../../../../bsp/board//src/gfx -I../../../../../bsp/board//src/hmi -I../../../../../bsp/board//src/stdio -I../../../../../bsp/board/d1lx_mango/config -I../../../../../bsp/board/d1lx_mango/src -I../../../../../bsp/board/d1lx_mango/src/gfx -I../../../../../bsp/board/d1lx_mango/src/hmi -I../../../../../bsp/board/d1lx_mango/src/stdio -I../../../../../bsp/gfx/lib -I../../../../../bsp/gfx/src -I../../../../../bsp/hmi/lib -I../../../../../bsp/hmi/src -I../../../../../bsp/lib -I../../../../../bsp/stdio/lib -I../../../../../bsp/stdio/src -I../../../../../cdi/lib -I../../../../../cdi/src -I../../../../../compiler/rh850_ghs/inc -I../../../../../device/d1lx/lib -I../../../../../device/d1lx/macro_cfg -I../../../../../device/d1lx/src/dev -I../../../../../device/d1lx/src/rh850_ghs -I../../../../../device/d1x_common/macro_cfg -I../../../../../device/d1x_common/src/csisw -I../../../../../device/d1x_common/src/ddb -I../../../../../device/d1x_common/src/dev -I../../../../../device/d1x_common/src/gfxbus -I../../../../../device/d1x_common/src/gpio -I../../../../../device/d1x_common/src/ostm -I../../../../../device/d1x_common/src/pbg -I../../../../../device/d1x_common/src/riic -I../../../../../device/d1x_common/src/sfma -I../../../../../device/d1x_common/src/spea -I../../../../../device/d1x_common/src/tauj -I../../../../../device/d1x_common/src/tick -I../../../../../device/d1x_common/src/vdce -I../../../../../device/d1x_common/src/wm -I../../../../../device/d1x_common/src/xbus -I../../../../../device/lib -I../../../../../macro/bus/pbg/lib -I../../../../../macro/bus/pbg/src -I../../../../../macro/csi/csisw/lib -I../../../../../macro/csi/csisw/src -I../../../../../macro/drw2d/lib -I../../../../../macro/drw2d/platform/cpu -I../../../../../macro/drw2d/platform/os/no_os -I../../../../../macro/drw2d/src -I../../../../../macro/flashc/sfcdb/lib -I../../../../../macro/flashc/sfcdb/src -I../../../../../macro/flashc/sfma/lib -I../../../../../macro/flashc/sfma/src -I../../../../../macro/gfxbus/lib -I../../../../../macro/gfxbus/src -I../../../../../macro/gfxbus/xbus/lib -I../../../../../macro/gfxbus/xbus/src -I../../../../../macro/gpio/lib -I../../../../../macro/gpio/src -I../../../../../macro/i2c/riic/lib -I../../../../../macro/i2c/riic/src -I../../../../../macro/tick/lib -I../../../../../macro/tick/src -I../../../../../macro/timer/ostm/lib -I../../../../../macro/timer/ostm/src -I../../../../../macro/timer/tauj/lib -I../../../../../macro/timer/tauj/src -I../../../../../macro/vdce/lib -I../../../../../macro/vdce/src -I../../../../../macro/vo/ddb/lib -I../../../../../macro/vo/ddb/src -I../../../../../macro/vo/spea/lib -I../../../../../macro/vo/spea/src -I../../../../../macro/wm/lib -I../../../../../macro/wm/src -I../../../../../app/gfx_apps/simple_draw_d1l2/src/QD_HMI -I../../../../../app/gfx_apps/simple_draw_d1l2/src/QD_HMI/HMI_Data -IC:\ghs\comp_201355\lib\rh850_22 -cg_underscore -cpu=rh850g3m -no_v850_simd -nomacro -patch_dbo=D:\Renesas_Electronics\D1x_RGL\rgl_ghs_D1Lx_obj_V1.2.0\vlib\app\gfx_apps\simple_draw_d1l2\target\d1lx_mango_ghs\obj\v_nwm.dbo -source=v_nwm.c -o .\obj\gh_00004no1.o -list=.\obj\v_nwm.lst C:\Users\YINGAO~1\AppData\Local\Temp\gh_00004no1.si 
Original File: C:\Users\YINGAO~1\AppData\Local\Temp\gh_00004no1.si
Source File: v_nwm.c
Directory: D:\Renesas_Electronics\D1x_RGL\rgl_ghs_D1Lx_obj_V1.2.0\vlib\app\gfx_apps\simple_draw_d1l2\target\d1lx_mango_ghs
Host OS: Windows 7 Service Pack 1
EASE: Copyright (C) 1983-2013 Green Hills Software.  All Rights Reversed.
Release: Compiler v2013.5.5
Build Directory: [Directory] BTOWINBOX:c:/build_2013_5_bto/2013-10-04.1311-2013_5_bto/win32-comp-ecom
Revision: [VCInfo] http://toolsvc/branches/release-branch-2013-5-bto/src@496240 (built by build)
Revision Date: Sat Oct 05 04:54:43 2013

Release Date: Sat Oct 05 05:20:49 2013

                           1 --Driver Command: ccv850 -c -MD -I../../../../../Device
                           2 --		-I../../../../../Driver/ADCE -I../../../../../Driver/CLOCK
                           3 --		-I../../../../../Driver/DIO -I../../../../../Driver/DSPI
                           4 --		-I../../../../../Driver/Interrupt -I../../../../../Driver/ISM
                           5 --		-I../../../../../Driver/OSTM -I../../../../../Driver/PWM
                           6 --		-I../../../../../Driver/RSTC -I../../../../../Driver/RTCA
                           7 --		-I../../../../../Driver/STBC -I../../../../../Driver/TAUB
                           8 --		-I../../../../../Driver/WDT -I../../../../../middleware\ADM
                           9 --		-I../../../../../middleware\BPM -I../../../../../middleware\EED
                          10 --		-I../../../../../middleware\IOM -I../../../../../middleware\LRM
                          11 --		-I../../../../../middleware\MOM -I../../../../../middleware\PWMM
                          12 --		-I../../../../../Common -I../../../../../Applayer\DSM
                          13 --		-I../../../../../Applayer\FM -I../../../../../Applayer\TPM
                          14 --		-I../../../../../Applayer\ACC -I../../../../../Applayer\ASS
                          15 --		-I../../../../../Applayer\BAT -I../../../../../Applayer\COM
                          16 --		-I../../../../../Applayer\COM\vtp
                          17 --		-I../../../../../Applayer\COM\vtp\lib
                          18 --		-I../../../../../Applayer\CRUS -I../../../../../Applayer\DIAG
                          19 --		-I../../../../../Applayer\FC -I../../../../../Applayer\FL
                          20 --		-I../../../../../Applayer\HSD -I../../../../../Applayer\IDLE
                          21 --		-I../../../../../Applayer\ILLU -I../../../../../Applayer\LED
                          22 --		-I../../../../../Applayer\MSG -I../../../../../Applayer\NVM
                          23 --		-I../../../../../Applayer\ODO -I../../../../../Applayer\PWR
                          24 --		-I../../../../../Applayer\RANG -I../../../../../Applayer\RST
                          25 --		-I../../../../../Applayer\RTC -I../../../../../Applayer\SCS
                          26 --		-I../../../../../Applayer\SSB -I../../../../../Applayer\ST
                          27 --		-I../../../../../Applayer\STSMG -I../../../../../Applayer\SYS
                          28 --		-I../../../../../Applayer\TIP -I../../../../../Applayer\TRIP
                          29 --		-I../../../../../Applayer\CHM -I../../../../../Applayer\DM
                          30 --		-I../../../../../Applayer\EVT -I../../../../../Applayer\FTR
                          31 --		-I../../../../../Applayer\SLF -I../../../../../Applayer\NWD
                          32 --		-I../../../../../Applayer\TPMS -I../../../../../Applayer\WFM
                          33 --		-I../../../../../Applayer\NZM
                          34 --		-I../../../../../app/gfx_apps/simple_draw_d1l2/src
                          35 --		-I../../../../../bsp/board//config
                          36 --		-I../../../../../bsp/board//src/gfx
                          37 --		-I../../../../../bsp/board//src/hmi
                          38 --		-I../../../../../bsp/board//src/stdio
                          39 --		-I../../../../../bsp/board/d1lx_mango/config
                          40 --		-I../../../../../bsp/board/d1lx_mango/src
                          41 --		-I../../../../../bsp/board/d1lx_mango/src/gfx
                          42 --		-I../../../../../bsp/board/d1lx_mango/src/hmi
                          43 --		-I../../../../../bsp/board/d1lx_mango/src/stdio
                          44 --		-I../../../../../bsp/gfx/lib -I../../../../../bsp/gfx/src
                          45 --		-I../../../../../bsp/hmi/lib -I../../../../../bsp/hmi/src
                          46 --		-I../../../../../bsp/lib -I../../../../../bsp/stdio/lib
                          47 --		-I../../../../../bsp/stdio/src -I../../../../../cdi/lib
                          48 --		-I../../../../../cdi/src -I../../../../../compiler/rh850_ghs/inc
                          49 --		-I../../../../../device/d1lx/lib
                          50 --		-I../../../../../device/d1lx/macro_cfg

                                                                      Page 2
                                                              C:\Users\YINGAO~1\AppData\Local\Temp\gh_00004no1.si
                          51 --		-I../../../../../device/d1lx/src/dev
                          52 --		-I../../../../../device/d1lx/src/rh850_ghs
                          53 --		-I../../../../../device/d1x_common/macro_cfg
                          54 --		-I../../../../../device/d1x_common/src/csisw
                          55 --		-I../../../../../device/d1x_common/src/ddb
                          56 --		-I../../../../../device/d1x_common/src/dev
                          57 --		-I../../../../../device/d1x_common/src/gfxbus
                          58 --		-I../../../../../device/d1x_common/src/gpio
                          59 --		-I../../../../../device/d1x_common/src/ostm
                          60 --		-I../../../../../device/d1x_common/src/pbg
                          61 --		-I../../../../../device/d1x_common/src/riic
                          62 --		-I../../../../../device/d1x_common/src/sfma
                          63 --		-I../../../../../device/d1x_common/src/spea
                          64 --		-I../../../../../device/d1x_common/src/tauj
                          65 --		-I../../../../../device/d1x_common/src/tick
                          66 --		-I../../../../../device/d1x_common/src/vdce
                          67 --		-I../../../../../device/d1x_common/src/wm
                          68 --		-I../../../../../device/d1x_common/src/xbus
                          69 --		-I../../../../../device/lib -I../../../../../macro/bus/pbg/lib
                          70 --		-I../../../../../macro/bus/pbg/src
                          71 --		-I../../../../../macro/csi/csisw/lib
                          72 --		-I../../../../../macro/csi/csisw/src
                          73 --		-I../../../../../macro/drw2d/lib
                          74 --		-I../../../../../macro/drw2d/platform/cpu
                          75 --		-I../../../../../macro/drw2d/platform/os/no_os
                          76 --		-I../../../../../macro/drw2d/src
                          77 --		-I../../../../../macro/flashc/sfcdb/lib
                          78 --		-I../../../../../macro/flashc/sfcdb/src
                          79 --		-I../../../../../macro/flashc/sfma/lib
                          80 --		-I../../../../../macro/flashc/sfma/src
                          81 --		-I../../../../../macro/gfxbus/lib
                          82 --		-I../../../../../macro/gfxbus/src
                          83 --		-I../../../../../macro/gfxbus/xbus/lib
                          84 --		-I../../../../../macro/gfxbus/xbus/src
                          85 --		-I../../../../../macro/gpio/lib -I../../../../../macro/gpio/src
                          86 --		-I../../../../../macro/i2c/riic/lib
                          87 --		-I../../../../../macro/i2c/riic/src
                          88 --		-I../../../../../macro/tick/lib -I../../../../../macro/tick/src
                          89 --		-I../../../../../macro/timer/ostm/lib
                          90 --		-I../../../../../macro/timer/ostm/src
                          91 --		-I../../../../../macro/timer/tauj/lib
                          92 --		-I../../../../../macro/timer/tauj/src
                          93 --		-I../../../../../macro/vdce/lib -I../../../../../macro/vdce/src
                          94 --		-I../../../../../macro/vo/ddb/lib
                          95 --		-I../../../../../macro/vo/ddb/src
                          96 --		-I../../../../../macro/vo/spea/lib
                          97 --		-I../../../../../macro/vo/spea/src -I../../../../../macro/wm/lib
                          98 --		-I../../../../../macro/wm/src
                          99 --		-I../../../../../app/gfx_apps/simple_draw_d1l2/src/QD_HMI
                         100 --		-I../../../../../app/gfx_apps/simple_draw_d1l2/src/QD_HMI/HMI_Data
                         101 --		-G --no_commons --no_implicit_include --prototype_errors
                         102 --		-DR_DRW2D_OS_NO_OS -DR_DRW2D_SYS_CPU -DUSED_CPU=RH850G3M
                         103 --		-DUSE_BSP_GFX -DUSE_BSP_HMI -DUSE_BSP_STDIO -DUSE_CDI -DUSE_CSISW
                         104 --		-DUSE_DDB -DUSE_DRW2D -DUSE_GFXBUS -DUSE_GPIO -DUSE_OSTM
                         105 --		-DUSE_PBG -DUSE_RIIC -DUSE_SFCDB -DUSE_SFMA -DUSE_SPEA -DUSE_TAUJ
                         106 --		-DUSE_TICK -DUSE_VDCE -DUSE_WM -DUSE_XBUS -MD -Mn -Mx -Zuse1bit
                         107 --		-allocate_ep -cpu=rh850g3m -entry=_RESET -large_sda -list
                         108 --		-no_callt -notda -passsource -preprocess_assembly_files
                         109 --		-registermode=22 -reserve_r2 --diag_warning 1 -object_dir=./obj
                         110 --		-filetype.c
                         111 --		D:\Renesas_Electronics\D1x_RGL\rgl_ghs_D1Lx_obj_V1.2.0\vlib\Applayer\COM\vtp\v_nwm.c

                                                                      Page 3
                                                              C:\Users\YINGAO~1\AppData\Local\Temp\gh_00004no1.si
                         112 --		-o .\obj\v_nwm.o
                         113 --Source File:   D:\Renesas_Electronics\D1x_RGL\rgl_ghs_D1Lx_obj_V1.2.0\vlib\Applayer\COM\vtp\v_nwm.c
                         114 --Directory:     
                         115 --		D:\Renesas_Electronics\D1x_RGL\rgl_ghs_D1Lx_obj_V1.2.0\vlib\app\gfx_apps\simple_draw_d1l2\target\d1lx_mango_ghs
                         116 --Compile Date:  Fri Feb 02 14:21:19 2018
                         117 --Host OS:       Win32
                         118 --Version:       C-RH850 2013.5.5 DEVELOPMENT VERSION
                         119 --Release:       Compiler v2013.5.5
                         120 --Revision Date: Sat Oct 05 05:01:20 2013
                         121 --Release Date:  Sat Oct 05 05:22:44 2013
                         122 -- ecom  -g -w
                         123 --_v_controllers	_v_controllers	import
                         124 --_v_flags	_v_flags	import
                         125 
                         126 	.section ".rodata","a"
                         127 	.align	4
                         128 	.global	_nwm_instances
00000000 00000000*       129 _nwm_instances:	.word	_nwm_slave_instance
                         130 	.type	_nwm_instances,@object
                         131 	.size	_nwm_instances,4
                         132 	.global	_nwm_master_instance_IPK_CAN_HS
00000004 00000000*       133 _nwm_master_instance_IPK_CAN_HS:	.word	_v_flags+504
00000008 00000000*       134 	.word	_WakeNetworkSignals
0000000c 00000000*       135 	.word	_KeepNetworkSignals
00000010 00000000*       136 	.word	_wake_network_flags
00000014 00000000*       137 	.word	_keep_network_flags
00000018 00000000*       138 	.word	_master_ram
0000001c 00000000*       139 	.word	_sec_master_ram
00000020 0202            140 	.byte	2,2
00000022 0000            141 	.space	2
                         142 	.type	_nwm_master_instance_IPK_CAN_HS,@object
                         143 	.size	_nwm_master_instance_IPK_CAN_HS,32
                         144 	.global	_nwm_instance_struct
00000024 00000000*       145 _nwm_instance_struct:	.word	_nwm_slave_instance_IPK_CAN_HS
00000028 00000000*       146 	.word	_nwm_master_instance_IPK_CAN_HS
0000002c 00000000*       147 	.word	_ram_variables
00000030 00000000*       148 	.word	_the_controllers
00000034 0c3d3f00        149 	.byte	12,61,63,0
00000038 ec143f00        150 	.byte	236,20,63,0
0000003c 00000000*       151 	.word	_normal_frame_modes
00000040 00000000*       152 	.word	_silent_frame_modes
00000044 b4193f00        153 	.byte	180,25,63,0
00000048 3c133f00        154 	.byte	60,19,63,0
0000004c 03000000        155 	.byte	3,0,0,0
00000050 01              156 	.byte	1
00000051 000000          157 	.space	3
                         158 	.type	_nwm_instance_struct,@object
                         159 	.size	_nwm_instance_struct,48
                         160 	.global	_nwm_slave_instance
                         161 _nwm_slave_instance:
00000054 00000000*       162 	.word	_slave_specific_structure
00000058 00000000        163 	.space	4
0000005c 00000000*       164 	.word	_ram_variables
00000060 00000000*       165 	.word	_the_controllers
00000064 0c3d3f00        166 	.byte	12,61,63,0
00000068 ec143f00        167 	.byte	236,20,63,0
0000006c 00000000*       168 	.word	_normal_frame_modes
00000070 00000000*       169 	.word	_silent_frame_modes
00000074 b4193f00        170 	.byte	180,25,63,0
00000078 3c133f00        171 	.byte	60,19,63,0
0000007c 01000000        172 	.byte	1,0,0,0

                                                                      Page 4
                                                              C:\Users\YINGAO~1\AppData\Local\Temp\gh_00004no1.si
00000080 01              173 	.byte	1
00000081 000000          174 	.space	3
                         175 	.type	_nwm_slave_instance,@object
                         176 	.size	_nwm_slave_instance,48
                         177 	.global	_v_nwm_the_master_parameters
00000084 f0133f00        178 _v_nwm_the_master_parameters:	.byte	240,19,63,0
00000088 c01f3f00        179 	.byte	192,31,63,0
0000008c 50203f00        180 	.byte	80,32,63,0
00000090 f8113f00        181 	.byte	248,17,63,0
00000094 980e3f00        182 	.byte	152,14,63,0
00000098 bc0e3f00        183 	.byte	188,14,63,0
0000009c e4043f00        184 	.byte	228,4,63,0
000000a0 2c053f00        185 	.byte	44,5,63,0
000000a4 c0043f00        186 	.byte	192,4,63,0
000000a8 6c193f00        187 	.byte	108,25,63,0
000000ac 38143f00        188 	.byte	56,20,63,0
000000b0 60133f00        189 	.byte	96,19,63,0
                         190 	.type	_v_nwm_the_master_parameters,@object
                         191 	.size	_v_nwm_the_master_parameters,48
                         192 	.global	_keep_network_flags
000000b4 00000000*       193 _keep_network_flags:	.word	_v_flags+24
000000b8 00000000*       194 	.word	_v_flags+120
000000bc 00000000*       195 	.word	_v_flags+144
000000c0 00000000*       196 	.word	_v_flags+168
000000c4 00000000*       197 	.word	_v_flags+192
000000c8 00000000*       198 	.word	_v_flags+216
000000cc 00000000*       199 	.word	_v_flags+264
000000d0 00000000*       200 	.word	_v_flags+288
000000d4 00000000*       201 	.word	_v_flags+312
000000d8 00000000*       202 	.word	_v_flags+336
000000dc 00000000*       203 	.word	_v_flags+432
                         204 	.type	_keep_network_flags,@object
                         205 	.size	_keep_network_flags,44
                         206 	.global	_wake_network_flags
000000e0 00000000*       207 _wake_network_flags:	.word	_v_flags+24
000000e4 00000000*       208 	.word	_v_flags+120
000000e8 00000000*       209 	.word	_v_flags+144
000000ec 00000000*       210 	.word	_v_flags+168
000000f0 00000000*       211 	.word	_v_flags+192
000000f4 00000000*       212 	.word	_v_flags+216
000000f8 00000000*       213 	.word	_v_flags+264
000000fc 00000000*       214 	.word	_v_flags+288
00000100 00000000*       215 	.word	_v_flags+312
00000104 00000000*       216 	.word	_v_flags+336
00000108 00000000*       217 	.word	_v_flags+432
                         218 	.type	_wake_network_flags,@object
                         219 	.size	_wake_network_flags,44
                         220 	.global	_nwm_slave_instance_IPK_CAN_HS
0000010c fc3c3f00        221 _nwm_slave_instance_IPK_CAN_HS:	.byte	252,60,63,0
00000110 64363f00        222 	.byte	100,54,63,0
00000114 88363f00        223 	.byte	136,54,63,0
00000118 cc373f00        224 	.byte	204,55,63,0
0000011c b8333f00        225 	.byte	184,51,63,0
00000120 00000000        226 	.space	4
00000124 00000000        227 	.space	4
00000128 00              228 	.space	1
00000129 000000          229 	.space	3
0000012c 00000000*       230 	.word	_slave_ram
                         231 	.type	_nwm_slave_instance_IPK_CAN_HS,@object
                         232 	.size	_nwm_slave_instance_IPK_CAN_HS,36
                         233 	.global	_v_nwm_the_sec_master_parameters

                                                                      Page 5
                                                              C:\Users\YINGAO~1\AppData\Local\Temp\gh_00004no1.si
00000130 a8133f00        234 _v_nwm_the_sec_master_parameters:	.byte	168,19,63,0
00000134 8c1a3f00        235 	.byte	140,26,63,0
00000138 74203f00        236 	.byte	116,32,63,0
                         237 	.type	_v_nwm_the_sec_master_parameters,@object
                         238 	.size	_v_nwm_the_sec_master_parameters,12
                         239 	.global	_v_nwm_the_slave_parameters
0000013c 70063f00        240 _v_nwm_the_slave_parameters:	.byte	112,6,63,0
00000140 e41f3f00        241 	.byte	228,31,63,0
00000144 98203f00        242 	.byte	152,32,63,0
00000148 b0113f00        243 	.byte	176,17,63,0
0000014c 28213f00        244 	.byte	40,33,63,0
00000150 2c203f00        245 	.byte	44,32,63,0
00000154 e4043f00        246 	.byte	228,4,63,0
00000158 2c053f00        247 	.byte	44,5,63,0
0000015c c0043f00        248 	.byte	192,4,63,0
00000160 b01a3f00        249 	.byte	176,26,63,0
00000164 d41a3f00        250 	.byte	212,26,63,0
00000168 00000000        251 	.space	4
0000016c 6c193f00        252 	.byte	108,25,63,0
00000170 38143f00        253 	.byte	56,20,63,0
00000174 60133f00        254 	.byte	96,19,63,0
                         255 	.type	_v_nwm_the_slave_parameters,@object
                         256 	.size	_v_nwm_the_slave_parameters,60
                         257 	.global	_WakeNetworkSignals..D.3A.5CRenesas_Electronics.5CD1x_RGL.5Crgl_ghs_D1Lx_obj_V1.2E2.2E0.5Cvlib.5Capp.5Cgfx_apps.5Csimple_draw_d1l2.5Ctarget.5Cd1lx_mango_ghs.5Cobj.5Cv_nwm.
                         258 _WakeNetworkSignals..D.3A.5CRenesas_Electronics.5CD1x_RGL.5Crgl_ghs_D1Lx_obj_V1.2E2.2E0.5Cvlib.5Capp.5Cgfx_apps.5Csimple_draw_d1l2.5Ctarget.5Cd1lx_mango_ghs.5Cobj.5Cv_nwm.:
                         259 	.type	_WakeNetworkSignals..D.3A.5CRenesas_Electronics.5CD1x_RGL.5Crgl_ghs_D1Lx_obj_V1.2E2.2E0.5Cvlib.5Capp.5Cgfx_apps.5Csimple_draw_d1l2.5Ctarget.5Cd1lx_mango_ghs.5Cobj.5Cv_nwm.,@object
                         260 	.size	_WakeNetworkSignals..D.3A.5CRenesas_Electronics.5CD1x_RGL.5Crgl_ghs_D1Lx_obj_V1.2E2.2E0.5Cvlib.5Capp.5Cgfx_apps.5Csimple_draw_d1l2.5Ctarget.5Cd1lx_mango_ghs.5Cobj.5Cv_nwm.,20
00000178 bc203f00        261 _WakeNetworkSignals:	.byte	188,32,63,0
0000017c e0203f00        262 	.byte	224,32,63,0
00000180 04213f00        263 	.byte	4,33,63,0
00000184 cc373f00        264 	.byte	204,55,63,0
00000188 4c213f00        265 	.byte	76,33,63,0
                         266 	.type	_WakeNetworkSignals,@object
                         267 	.size	_WakeNetworkSignals,20
                         268 	.global	_KeepNetworkSignals..D.3A.5CRenesas_Electronics.5CD1x_RGL.5Crgl_ghs_D1Lx_obj_V1.2E2.2E0.5Cvlib.5Capp.5Cgfx_apps.5Csimple_draw_d1l2.5Ctarget.5Cd1lx_mango_ghs.5Cobj.5Cv_nwm.
                         269 _KeepNetworkSignals..D.3A.5CRenesas_Electronics.5CD1x_RGL.5Crgl_ghs_D1Lx_obj_V1.2E2.2E0.5Cvlib.5Capp.5Cgfx_apps.5Csimple_draw_d1l2.5Ctarget.5Cd1lx_mango_ghs.5Cobj.5Cv_nwm.:
                         270 	.type	_KeepNetworkSignals..D.3A.5CRenesas_Electronics.5CD1x_RGL.5Crgl_ghs_D1Lx_obj_V1.2E2.2E0.5Cvlib.5Capp.5Cgfx_apps.5Csimple_draw_d1l2.5Ctarget.5Cd1lx_mango_ghs.5Cobj.5Cv_nwm.,@object
                         271 	.size	_KeepNetworkSignals..D.3A.5CRenesas_Electronics.5CD1x_RGL.5Crgl_ghs_D1Lx_obj_V1.2E2.2E0.5Cvlib.5Capp.5Cgfx_apps.5Csimple_draw_d1l2.5Ctarget.5Cd1lx_mango_ghs.5Cobj.5Cv_nwm.,20
0000018c 44113f00        272 _KeepNetworkSignals:	.byte	68,17,63,0
00000190 68113f00        273 	.byte	104,17,63,0
00000194 8c113f00        274 	.byte	140,17,63,0
00000198 b8333f00        275 	.byte	184,51,63,0
0000019c d4113f00        276 	.byte	212,17,63,0
                         277 	.type	_KeepNetworkSignals,@object
                         278 	.size	_KeepNetworkSignals,20
                         279 	.data
                         280 	.align	4
                         281 	.global	_master_ram..D.3A.5CRenesas_Electronics.5CD1x_RGL.5Crgl_ghs_D1Lx_obj_V1.2E2.2E0.5Cvlib.5Capp.5Cgfx_apps.5Csimple_draw_d1l2.5Ctarget.5Cd1lx_mango_ghs.5Cobj.5Cv_nwm.
                         282 _master_ram..D.3A.5CRenesas_Electronics.5CD1x_RGL.5Crgl_ghs_D1Lx_obj_V1.2E2.2E0.5Cvlib.5Capp.5Cgfx_apps.5Csimple_draw_d1l2.5Ctarget.5Cd1lx_mango_ghs.5Cobj.5Cv_nwm.:
                         283 	.type	_master_ram..D.3A.5CRenesas_Electronics.5CD1x_RGL.5Crgl_ghs_D1Lx_obj_V1.2E2.2E0.5Cvlib.5Capp.5Cgfx_apps.5Csimple_draw_d1l2.5Ctarget.5Cd1lx_mango_ghs.5Cobj.5Cv_nwm.,@object
                         284 	.size	_master_ram..D.3A.5CRenesas_Electronics.5CD1x_RGL.5Crgl_ghs_D1Lx_obj_V1.2E2.2E0.5Cvlib.5Capp.5Cgfx_apps.5Csimple_draw_d1l2.5Ctarget.5Cd1lx_mango_ghs.5Cobj.5Cv_nwm.,16
00000000 00000000        285 _master_ram:	.space	4
00000004 00000000*       286 	.word	_monitor_timers
00000008 00000000        287 	.space	4
0000000c 00              288 	.space	1
0000000d 000000          289 	.space	3
                         290 	.type	_master_ram,@object
                         291 	.size	_master_ram,16
                         292 	.global	_sec_master_ram..D.3A.5CRenesas_Electronics.5CD1x_RGL.5Crgl_ghs_D1Lx_obj_V1.2E2.2E0.5Cvlib.5Capp.5Cgfx_apps.5Csimple_draw_d1l2.5Ctarget.5Cd1lx_mango_ghs.5Cobj.5Cv_nwm.
                         293 _sec_master_ram..D.3A.5CRenesas_Electronics.5CD1x_RGL.5Crgl_ghs_D1Lx_obj_V1.2E2.2E0.5Cvlib.5Capp.5Cgfx_apps.5Csimple_draw_d1l2.5Ctarget.5Cd1lx_mango_ghs.5Cobj.5Cv_nwm.:
                         294 	.type	_sec_master_ram..D.3A.5CRenesas_Electronics.5CD1x_RGL.5Crgl_ghs_D1Lx_obj_V1.2E2.2E0.5Cvlib.5Capp.5Cgfx_apps.5Csimple_draw_d1l2.5Ctarget.5Cd1lx_mango_ghs.5Cobj.5Cv_nwm.,@object

                                                                      Page 6
                                                              C:\Users\YINGAO~1\AppData\Local\Temp\gh_00004no1.si
                         295 	.size	_sec_master_ram..D.3A.5CRenesas_Electronics.5CD1x_RGL.5Crgl_ghs_D1Lx_obj_V1.2E2.2E0.5Cvlib.5Capp.5Cgfx_apps.5Csimple_draw_d1l2.5Ctarget.5Cd1lx_mango_ghs.5Cobj.5Cv_nwm.,8
00000010 00000000        296 _sec_master_ram:	.space	4
00000014 00              297 	.space	1
00000015 00              298 	.space	1
00000016 0000            299 	.space	2
                         300 	.type	_sec_master_ram,@object
                         301 	.size	_sec_master_ram,8
                         302 	.section ".bss","awb"
                         303 	.align	4
                         304 	.global	_ram_variables..D.3A.5CRenesas_Electronics.5CD1x_RGL.5Crgl_ghs_D1Lx_obj_V1.2E2.2E0.5Cvlib.5Capp.5Cgfx_apps.5Csimple_draw_d1l2.5Ctarget.5Cd1lx_mango_ghs.5Cobj.5Cv_nwm.
                         305 _ram_variables..D.3A.5CRenesas_Electronics.5CD1x_RGL.5Crgl_ghs_D1Lx_obj_V1.2E2.2E0.5Cvlib.5Capp.5Cgfx_apps.5Csimple_draw_d1l2.5Ctarget.5Cd1lx_mango_ghs.5Cobj.5Cv_nwm.:
                         306 	.type	_ram_variables..D.3A.5CRenesas_Electronics.5CD1x_RGL.5Crgl_ghs_D1Lx_obj_V1.2E2.2E0.5Cvlib.5Capp.5Cgfx_apps.5Csimple_draw_d1l2.5Ctarget.5Cd1lx_mango_ghs.5Cobj.5Cv_nwm.,@object
                         307 	.size	_ram_variables..D.3A.5CRenesas_Electronics.5CD1x_RGL.5Crgl_ghs_D1Lx_obj_V1.2E2.2E0.5Cvlib.5Capp.5Cgfx_apps.5Csimple_draw_d1l2.5Ctarget.5Cd1lx_mango_ghs.5Cobj.5Cv_nwm.,32
00000000 000000000000    308 _ram_variables:	.space	32
00000006 000000000000 
0000000c 000000000000 
00000012 000000000000 
00000018 000000000000 
0000001e 0000 
                         309 	.type	_ram_variables,@object
                         310 	.size	_ram_variables,32
                         311 	.section ".rodata","a"
                         312 	.global	_the_controllers..D.3A.5CRenesas_Electronics.5CD1x_RGL.5Crgl_ghs_D1Lx_obj_V1.2E2.2E0.5Cvlib.5Capp.5Cgfx_apps.5Csimple_draw_d1l2.5Ctarget.5Cd1lx_mango_ghs.5Cobj.5Cv_nwm.
                         313 _the_controllers..D.3A.5CRenesas_Electronics.5CD1x_RGL.5Crgl_ghs_D1Lx_obj_V1.2E2.2E0.5Cvlib.5Capp.5Cgfx_apps.5Csimple_draw_d1l2.5Ctarget.5Cd1lx_mango_ghs.5Cobj.5Cv_nwm.:
                         314 	.type	_the_controllers..D.3A.5CRenesas_Electronics.5CD1x_RGL.5Crgl_ghs_D1Lx_obj_V1.2E2.2E0.5Cvlib.5Capp.5Cgfx_apps.5Csimple_draw_d1l2.5Ctarget.5Cd1lx_mango_ghs.5Cobj.5Cv_nwm.,@object
                         315 	.size	_the_controllers..D.3A.5CRenesas_Electronics.5CD1x_RGL.5Crgl_ghs_D1Lx_obj_V1.2E2.2E0.5Cvlib.5Capp.5Cgfx_apps.5Csimple_draw_d1l2.5Ctarget.5Cd1lx_mango_ghs.5Cobj.5Cv_nwm.,4
000001a0 00000000*       316 _the_controllers:	.word	_v_controllers
                         317 	.type	_the_controllers,@object
                         318 	.size	_the_controllers,4
                         319 	.global	_normal_frame_modes..D.3A.5CRenesas_Electronics.5CD1x_RGL.5Crgl_ghs_D1Lx_obj_V1.2E2.2E0.5Cvlib.5Capp.5Cgfx_apps.5Csimple_draw_d1l2.5Ctarget.5Cd1lx_mango_ghs.5Cobj.5Cv_nwm.
                         320 _normal_frame_modes..D.3A.5CRenesas_Electronics.5CD1x_RGL.5Crgl_ghs_D1Lx_obj_V1.2E2.2E0.5Cvlib.5Capp.5Cgfx_apps.5Csimple_draw_d1l2.5Ctarget.5Cd1lx_mango_ghs.5Cobj.5Cv_nwm.:
                         321 	.type	_normal_frame_modes..D.3A.5CRenesas_Electronics.5CD1x_RGL.5Crgl_ghs_D1Lx_obj_V1.2E2.2E0.5Cvlib.5Capp.5Cgfx_apps.5Csimple_draw_d1l2.5Ctarget.5Cd1lx_mango_ghs.5Cobj.5Cv_nwm.,@object
                         322 	.size	_normal_frame_modes..D.3A.5CRenesas_Electronics.5CD1x_RGL.5Crgl_ghs_D1Lx_obj_V1.2E2.2E0.5Cvlib.5Capp.5Cgfx_apps.5Csimple_draw_d1l2.5Ctarget.5Cd1lx_mango_ghs.5Cobj.5Cv_nwm.,4
000001a4 e03d3f00        323 _normal_frame_modes:	.byte	224,61,63,0
                         324 	.type	_normal_frame_modes,@object
                         325 	.size	_normal_frame_modes,4
                         326 	.global	_silent_frame_modes..D.3A.5CRenesas_Electronics.5CD1x_RGL.5Crgl_ghs_D1Lx_obj_V1.2E2.2E0.5Cvlib.5Capp.5Cgfx_apps.5Csimple_draw_d1l2.5Ctarget.5Cd1lx_mango_ghs.5Cobj.5Cv_nwm.
                         327 _silent_frame_modes..D.3A.5CRenesas_Electronics.5CD1x_RGL.5Crgl_ghs_D1Lx_obj_V1.2E2.2E0.5Cvlib.5Capp.5Cgfx_apps.5Csimple_draw_d1l2.5Ctarget.5Cd1lx_mango_ghs.5Cobj.5Cv_nwm.:
                         328 	.type	_silent_frame_modes..D.3A.5CRenesas_Electronics.5CD1x_RGL.5Crgl_ghs_D1Lx_obj_V1.2E2.2E0.5Cvlib.5Capp.5Cgfx_apps.5Csimple_draw_d1l2.5Ctarget.5Cd1lx_mango_ghs.5Cobj.5Cv_nwm.,@object
                         329 	.size	_silent_frame_modes..D.3A.5CRenesas_Electronics.5CD1x_RGL.5Crgl_ghs_D1Lx_obj_V1.2E2.2E0.5Cvlib.5Capp.5Cgfx_apps.5Csimple_draw_d1l2.5Ctarget.5Cd1lx_mango_ghs.5Cobj.5Cv_nwm.,4
000001a8 083f3f00        330 _silent_frame_modes:	.byte	8,63,63,0
                         331 	.type	_silent_frame_modes,@object
                         332 	.size	_silent_frame_modes,4
                         333 	.global	_slave_specific_structure..D.3A.5CRenesas_Electronics.5CD1x_RGL.5Crgl_ghs_D1Lx_obj_V1.2E2.2E0.5Cvlib.5Capp.5Cgfx_apps.5Csimple_draw_d1l2.5Ctarget.5Cd1lx_mango_ghs.5Cobj.5Cv_nwm.
                         334 _slave_specific_structure..D.3A.5CRenesas_Electronics.5CD1x_RGL.5Crgl_ghs_D1Lx_obj_V1.2E2.2E0.5Cvlib.5Capp.5Cgfx_apps.5Csimple_draw_d1l2.5Ctarget.5Cd1lx_mango_ghs.5Cobj.5Cv_nwm.:
                         335 	.type	_slave_specific_structure..D.3A.5CRenesas_Electronics.5CD1x_RGL.5Crgl_ghs_D1Lx_obj_V1.2E2.2E0.5Cvlib.5Capp.5Cgfx_apps.5Csimple_draw_d1l2.5Ctarget.5Cd1lx_mango_ghs.5Cobj.5Cv_nwm.,@object
                         336 	.size	_slave_specific_structure..D.3A.5CRenesas_Electronics.5CD1x_RGL.5Crgl_ghs_D1Lx_obj_V1.2E2.2E0.5Cvlib.5Capp.5Cgfx_apps.5Csimple_draw_d1l2.5Ctarget.5Cd1lx_mango_ghs.5Cobj.5Cv_nwm.,36
000001ac 00000000        337 _slave_specific_structure:	.space	4
000001b0 00000000        338 	.space	4
000001b4 00000000        339 	.space	4
000001b8 cc373f00        340 	.byte	204,55,63,0
000001bc b8333f00        341 	.byte	184,51,63,0
000001c0 00000000        342 	.space	4
000001c4 00000000        343 	.space	4
000001c8 00              344 	.space	1
000001c9 000000          345 	.space	3
000001cc 00000000*       346 	.word	_slave_ram
                         347 	.type	_slave_specific_structure,@object
                         348 	.size	_slave_specific_structure,36
                         349 	.data
                         350 	.global	_slave_ram..D.3A.5CRenesas_Electronics.5CD1x_RGL.5Crgl_ghs_D1Lx_obj_V1.2E2.2E0.5Cvlib.5Capp.5Cgfx_apps.5Csimple_draw_d1l2.5Ctarget.5Cd1lx_mango_ghs.5Cobj.5Cv_nwm.

                                                                      Page 7
                                                              C:\Users\YINGAO~1\AppData\Local\Temp\gh_00004no1.si
                         351 _slave_ram..D.3A.5CRenesas_Electronics.5CD1x_RGL.5Crgl_ghs_D1Lx_obj_V1.2E2.2E0.5Cvlib.5Capp.5Cgfx_apps.5Csimple_draw_d1l2.5Ctarget.5Cd1lx_mango_ghs.5Cobj.5Cv_nwm.:
                         352 	.type	_slave_ram..D.3A.5CRenesas_Electronics.5CD1x_RGL.5Crgl_ghs_D1Lx_obj_V1.2E2.2E0.5Cvlib.5Capp.5Cgfx_apps.5Csimple_draw_d1l2.5Ctarget.5Cd1lx_mango_ghs.5Cobj.5Cv_nwm.,@object
                         353 	.size	_slave_ram..D.3A.5CRenesas_Electronics.5CD1x_RGL.5Crgl_ghs_D1Lx_obj_V1.2E2.2E0.5Cvlib.5Capp.5Cgfx_apps.5Csimple_draw_d1l2.5Ctarget.5Cd1lx_mango_ghs.5Cobj.5Cv_nwm.,1
00000018 00              354 _slave_ram:	.space	1
                         355 	.type	_slave_ram,@object
                         356 	.size	_slave_ram,1
                         357 	.section ".bss","awb"
                         358 	.global	_monitor_timers..D.3A.5CRenesas_Electronics.5CD1x_RGL.5Crgl_ghs_D1Lx_obj_V1.2E2.2E0.5Cvlib.5Capp.5Cgfx_apps.5Csimple_draw_d1l2.5Ctarget.5Cd1lx_mango_ghs.5Cobj.5Cv_nwm.
                         359 _monitor_timers..D.3A.5CRenesas_Electronics.5CD1x_RGL.5Crgl_ghs_D1Lx_obj_V1.2E2.2E0.5Cvlib.5Capp.5Cgfx_apps.5Csimple_draw_d1l2.5Ctarget.5Cd1lx_mango_ghs.5Cobj.5Cv_nwm.:
                         360 	.type	_monitor_timers..D.3A.5CRenesas_Electronics.5CD1x_RGL.5Crgl_ghs_D1Lx_obj_V1.2E2.2E0.5Cvlib.5Capp.5Cgfx_apps.5Csimple_draw_d1l2.5Ctarget.5Cd1lx_mango_ghs.5Cobj.5Cv_nwm.,@object
                         361 	.size	_monitor_timers..D.3A.5CRenesas_Electronics.5CD1x_RGL.5Crgl_ghs_D1Lx_obj_V1.2E2.2E0.5Cvlib.5Capp.5Cgfx_apps.5Csimple_draw_d1l2.5Ctarget.5Cd1lx_mango_ghs.5Cobj.5Cv_nwm.,4
00000020 00000000        362 _monitor_timers:	.space	4
                         363 	.type	_monitor_timers,@object
                         364 	.size	_monitor_timers,4
                         365 	.data
                         366 	.ghsnote version,14
                         367 	.ghsnote tools,3
                         368 	.ghsnote options,144
                         369 	.text
                         370 ..bof.D.3A.5CRenesas_Electronics.5CD1x_RGL.5Crgl_ghs_D1Lx_obj_V1.2E2.2E0.5Cvlib.5Capp.5Cgfx_apps.5Csimple_draw_d1l2.5Ctarget.5Cd1lx_mango_ghs.5Cobj.5Cv_nwm...44.3A.5CRenesas_Electronics.5CD1x_RGL.5Crgl_ghs_D1Lx_obj_V1.2E2.2E0.5Cvlib.5Capp.5Cgfx_apps.5Csimple_draw_d1l2.5Ctarget.5Cd1lx_mango_ghs..5A74035F..0::
                         371 ..eof.D.3A.5CRenesas_Electronics.5CD1x_RGL.5Crgl_ghs_D1Lx_obj_V1.2E2.2E0.5Cvlib.5Capp.5Cgfx_apps.5Csimple_draw_d1l2.5Ctarget.5Cd1lx_mango_ghs.5Cobj.5Cv_nwm...44.3A.5CRenesas_Electronics.5CD1x_RGL.5Crgl_ghs_D1Lx_obj_V1.2E2.2E0.5Cvlib.5Capp.5Cgfx_apps.5Csimple_draw_d1l2.5Ctarget.5Cd1lx_mango_ghs..5A74035F..0::
                         372 .rh850_flags REGMODE22,DATA_ALIGN8,GP_FIX,EP_NONFIX,TP_FIX,REG2_RESERVE,G3M
